[17:04:19] This is prokka 1.14.6
[17:04:19] Written by Torsten Seemann <torsten.seemann@gmail.com>
[17:04:19] Homepage is https://github.com/tseemann/prokka
[17:04:19] Local time is Tue Feb  9 17:04:19 2021
[17:04:19] You are anandabhattacharjee
[17:04:19] Operating system is darwin
[17:04:19] You have BioPerl 1.007002
[17:04:20] System has 4 cores.
[17:04:20] Option --cpu asked for 8 cores, but system only has 4
[17:04:20] Will use maximum of 4 cores.
[17:04:20] Annotating as >>> Bacteria <<<
[17:04:20] Enabling options to ensure Genbank/ENA/DDJB submission compliance.
[17:04:20] Creating new output folder: /Volumes/Ananda_Bioinformatics/Bioinformatic-Work-July-2020/Quinn/S1/PRJNA701008
[17:04:20] Running: mkdir -p \/Volumes\/Ananda_Bioinformatics\/Bioinformatic\-Work\-July\-2020\/Quinn\/S1\/PRJNA701008
[17:04:20] Using filename prefix: JS526.XXX
[17:04:20] Setting HMMER_NCPU=1
[17:04:20] Writing log to: /Volumes/Ananda_Bioinformatics/Bioinformatic-Work-July-2020/Quinn/S1/PRJNA701008/JS526.log
[17:04:20] Command: /opt/anaconda3/envs/PROKKA/bin/prokka --kingdom Bacteria --genus Escherichia --compliant --outdir /Volumes/Ananda_Bioinformatics/Bioinformatic-Work-July-2020/Quinn/S1/PRJNA701008 --locustag JS526 --prefix JS526 ../S2/S2-Chr-NN-Concat-Final.fasta
[17:04:20] Appending to PATH: /opt/anaconda3/envs/PROKKA/bin
[17:04:20] Looking for 'aragorn' - found /opt/anaconda3/envs/PROKKA/bin/aragorn
[17:04:20] Determined aragorn version is 001002 from 'ARAGORN v1.2.38 Dean Laslett'
[17:04:20] Looking for 'barrnap' - found /opt/anaconda3/envs/PROKKA/bin/barrnap
[17:04:20] Determined barrnap version is 000009 from 'barrnap 0.9'
[17:04:20] Looking for 'blastp' - found /opt/anaconda3/envs/PROKKA/bin/blastp
[17:04:20] Determined blastp version is 002010 from 'blastp: 2.10.1+'
[17:04:20] Looking for 'cmpress' - found /opt/anaconda3/envs/PROKKA/bin/cmpress
[17:04:20] Determined cmpress version is 001001 from '# INFERNAL 1.1.2 (July 2016)'
[17:04:20] Looking for 'cmscan' - found /opt/anaconda3/envs/PROKKA/bin/cmscan
[17:04:20] Determined cmscan version is 001001 from '# INFERNAL 1.1.2 (July 2016)'
[17:04:20] Looking for 'egrep' - found /usr/bin/egrep
[17:04:20] Looking for 'find' - found /usr/bin/find
[17:04:20] Looking for 'grep' - found /usr/bin/grep
[17:04:20] Looking for 'hmmpress' - found /opt/anaconda3/envs/PROKKA/bin/hmmpress
[17:04:20] Determined hmmpress version is 003003 from '# HMMER 3.3 (Nov 2019); http://hmmer.org/'
[17:04:20] Looking for 'hmmscan' - found /opt/anaconda3/envs/PROKKA/bin/hmmscan
[17:04:20] Determined hmmscan version is 003003 from '# HMMER 3.3 (Nov 2019); http://hmmer.org/'
[17:04:20] Looking for 'java' - found /opt/anaconda3/envs/PROKKA/bin/java
[17:04:20] Looking for 'makeblastdb' - found /opt/anaconda3/envs/PROKKA/bin/makeblastdb
[17:04:20] Determined makeblastdb version is 002010 from 'makeblastdb: 2.10.1+'
[17:04:20] Looking for 'minced' - found /opt/anaconda3/envs/PROKKA/bin/minced
[17:04:20] Determined minced version is 004002 from 'minced 0.4.2'
[17:04:20] Looking for 'parallel' - found /opt/anaconda3/envs/PROKKA/bin/parallel
[17:04:20] Determined parallel version is 20200722 from 'GNU parallel 20200722'
[17:04:20] Looking for 'prodigal' - found /opt/anaconda3/envs/PROKKA/bin/prodigal
[17:04:20] Determined prodigal version is 002006 from 'Prodigal V2.6.3: February, 2016'
[17:04:20] Looking for 'prokka-genbank_to_fasta_db' - found /opt/anaconda3/envs/PROKKA/bin/prokka-genbank_to_fasta_db
[17:04:20] Looking for 'sed' - found /usr/bin/sed
[17:04:20] Looking for 'tbl2asn' - found /opt/anaconda3/envs/PROKKA/bin/tbl2asn
[17:04:20] Determined tbl2asn version is 025007 from 'tbl2asn 25.7   arguments:'
[17:04:20] Using genetic code table 11.
[17:04:20] Loading and checking input file: ../S2/S2-Chr-NN-Concat-Final.fasta
[17:04:21] Wrote 1 contigs totalling 4608499 bp.
[17:04:21] Predicting tRNAs and tmRNAs
[17:04:21] Running: aragorn -l -gc11  -w \/Volumes\/Ananda_Bioinformatics\/Bioinformatic\-Work\-July\-2020\/Quinn\/S1\/PRJNA701008\/JS526\.fna
[17:04:23] 1 tRNA-Asp [214222,214298] 35 (gtc)
[17:04:23] 2 tRNA-Thr [239386,239461] 34 (cgt)
[17:04:23] 3 tRNA-Met c[295867,295943] 35 (cat)
[17:04:23] 4 tRNA-Met c[295977,296053] 35 (cat)
[17:04:23] 5 tRNA-Ser [424794,424886] 35 (gct)
[17:04:23] 6 tRNA-Arg [424890,424966] 35 (acg)
[17:04:23] 7 tRNA-Arg c[424910,424981] 34 (tcg)
[17:04:23] 8 tRNA-Arg [425165,425241] 35 (acg)
[17:04:23] 9 tRNA-Arg [425304,425380] 35 (acg)
[17:04:23] 10 tRNA-Arg [425579,425655] 35 (acg)
[17:04:23] 11 tRNA-Met [457602,457677] 34 (cat)
[17:04:23] 12 tmRNA c[487484,487846] 90,125 ANDENYALAA**
[17:04:23] 13 tRNA-Arg [550205,550281] 35 (tct)
[17:04:23] 14 tRNA-Lys c[757031,757106] 34 (ttt)
[17:04:23] 15 tRNA-Val c[757111,757186] 34 (tac)
[17:04:23] 16 tRNA-Val c[757233,757308] 34 (tac)
[17:04:23] 17 tRNA-Val c[757353,757428] 34 (tac)
[17:04:23] 18 tRNA-Ala [760128,760203] 34 (ggc)
[17:04:23] 19 tRNA-Ala [760243,760318] 34 (tgc)
[17:04:23] 20 tRNA-Arg c[810766,810840] 34 (cct)
[17:04:23] 21 tRNA-Ser c[1065350,1065437] 35 (gga)
[17:04:23] 22 tRNA-Ser c[1171091,1171178] 35 (tga)
[17:04:23] 23 tRNA-Val c[1465652,1465728] 35 (gac)
[17:04:23] 24 tRNA-Val c[1465733,1465809] 35 (gac)
[17:04:23] 25 tRNA-Tyr [1897019,1897103] 35 (gta)
[17:04:23] 26 tRNA-Tyr [1897313,1897397] 35 (gta)
[17:04:23] 27 tRNA-Ser [2085202,2085289] 35 (gga)
[17:04:23] 28 tRNA-Leu c[2104033,2104119] 35 (taa)
[17:04:23] 29 tRNA-Cys c[2104132,2104205] 33 (gca)
[17:04:23] 30 tRNA-Gly c[2104260,2104335] 34 (gcc)
[17:04:23] 31 tRNA-Ser c[2155686,2155775] 35 (cga)
[17:04:23] 32 tRNA-Asn [2156767,2156842] 34 (gtt)
[17:04:23] 33 tRNA-Asn c[2170245,2170320] 34 (gtt)
[17:04:23] 34 tRNA-Asn [2172069,2172144] 34 (gtt)
[17:04:23] 35 tRNA-Asn [2174478,2174553] 34 (gtt)
[17:04:23] 36 tRNA-Pro [2373849,2373925] 35 (ggg)
[17:04:23] 37 tRNA-Lys c[2488199,2488274] 34 (ttt)
[17:04:23] 38 tRNA-Lys c[2488407,2488482] 34 (ttt)
[17:04:23] 39 tRNA-Lys c[2488629,2488704] 34 (ttt)
[17:04:23] 40 tRNA-Val c[2488708,2488783] 34 (tac)
[17:04:23] 41 tRNA-Lys c[2488933,2489008] 34 (ttt)
[17:04:23] 42 tRNA-Val c[2489011,2489086] 34 (tac)
[17:04:23] 43 tRNA-Lys c[2489222,2489297] 34 (ttt)
[17:04:23] 44 tRNA-Met [2567557,2567633] 35 (cat)
[17:04:23] 45 tRNA-Leu [2567643,2567727] 35 (tag)
[17:04:23] 46 tRNA-Gln [2567751,2567825] 33 (ttg)
[17:04:23] 47 tRNA-Gln [2567860,2567934] 33 (ttg)
[17:04:23] 48 tRNA-Met [2567950,2568026] 35 (cat)
[17:04:23] 49 tRNA-Gln [2568074,2568148] 33 (ctg)
[17:04:23] 50 tRNA-Pyl [2568186,2568260] 33 (cta)
[17:04:23] 51 tRNA-Ser c[2859221,2859301] 38 (gga)
[17:04:23] 52 tRNA-Gly c[2925761,2925834] 33 (ccc)
[17:04:23] 53 tRNA-Phe [3037143,3037218] 34 (gaa)
[17:04:23] 54 tRNA-Leu [3178974,3179060] 35 (cag)
[17:04:23] 55 tRNA-Leu [3179089,3179175] 35 (cag)
[17:04:23] 56 tRNA-Leu [3179210,3179296] 35 (cag)
[17:04:23] 57 tRNA-Met [3304999,3305074] 34 (cat)
[17:04:23] 58 tRNA-Met c[3407501,3407577] 35 (cat)
[17:04:23] 59 tRNA-Leu c[3411360,3411446] 35 (gag)
[17:04:23] 60 tRNA-Thr c[3511669,3511744] 34 (ggt)
[17:04:23] 61 tRNA-Pro c[3771503,3771579] 35 (cgg)
[17:04:23] 62 tRNA-Pro c[3877929,3878005] 35 (tgg)
[17:04:23] 63 tRNA-Leu c[3878048,3878134] 35 (cag)
[17:04:23] 64 tRNA-His c[3878155,3878230] 34 (gtg)
[17:04:23] 65 tRNA-Arg c[3878289,3878365] 35 (ccg)
[17:04:23] 66 tRNA-Trp c[3913849,3913924] 34 (cca)
[17:04:23] 67 tRNA-Thr c[3945186,3945261] 34 (ggt)
[17:04:23] 68 tRNA-Gly c[3945268,3945342] 34 (tcc)
[17:04:23] 69 tRNA-Tyr c[3945459,3945543] 35 (gta)
[17:04:23] 70 tRNA-Thr c[3945552,3945627] 34 (tgt)
[17:04:23] 71 tRNA-SeC [4145701,4145795] 35 (tca)
[17:04:23] 72 tRNA-Phe c[4400371,4400446] 34 (gaa)
[17:04:23] 73 tRNA-Gly [4430180,4430255] 34 (gcc)
[17:04:23] 74 tRNA-Gly [4430292,4430367] 34 (gcc)
[17:04:23] 75 tRNA-Gly [4430403,4430478] 34 (gcc)
[17:04:23] 76 tRNA-Leu [4534369,4534453] 35 (caa)
[17:04:23] Found 76 tRNAs
[17:04:23] Predicting Ribosomal RNAs
[17:04:23] Running Barrnap with 4 threads
[17:04:24] 1 gnl|Prokka|JS526_1 3511517 5S ribosomal RNA
[17:04:24] 2 gnl|Prokka|JS526_1 4075146 5S ribosomal RNA
[17:04:24] 3 gnl|Prokka|JS526_1 4251263 5S ribosomal RNA
[17:04:24] 4 gnl|Prokka|JS526_1 4567509 23S ribosomal RNA (partial)
[17:04:24] 5 gnl|Prokka|JS526_1 4574430 16S ribosomal RNA
[17:04:24] Found 5 rRNAs
[17:04:24] Skipping ncRNA search, enable with --rfam if desired.
[17:04:24] Total of 80 tRNA + rRNA features
[17:04:24] Searching for CRISPR repeats
[17:04:24] CRISPR1 gnl|Prokka|JS526_1 339033 with 7 spacers
[17:04:24] CRISPR2 gnl|Prokka|JS526_1 364977 with 13 spacers
[17:04:24] Found 2 CRISPRs
[17:04:24] Predicting coding sequences
[17:04:24] Contigs total 4608499 bp, so using single mode
[17:04:24] Running: prodigal -i \/Volumes\/Ananda_Bioinformatics\/Bioinformatic\-Work\-July\-2020\/Quinn\/S1\/PRJNA701008\/JS526\.fna -c -m -g 11 -p single -f sco -q
[17:04:33] Excluding CDS which overlaps existing RNA (tRNA) at gnl|Prokka|JS526_1:425046..425516 on - strand
[17:04:34] Excluding CDS which overlaps existing RNA (tRNA) at gnl|Prokka|JS526_1:1897010..1897576 on - strand
[17:04:36] Excluding CDS which overlaps existing RNA (tRNA) at gnl|Prokka|JS526_1:3511592..3511915 on + strand
[17:04:36] Excluding CDS which overlaps existing RNA (rRNA) at gnl|Prokka|JS526_1:4074973..4075794 on + strand
[17:04:36] Excluding CDS which overlaps existing RNA (rRNA) at gnl|Prokka|JS526_1:4575345..4575599 on + strand
[17:04:36] Found 4317 CDS
[17:04:36] Connecting features back to sequences
[17:04:36] Not using genus-specific database. Try --usegenus to enable it.
[17:04:36] Annotating CDS, please be patient.
[17:04:36] Will use 4 CPUs for similarity searching.
[17:04:37] There are still 4317 unannotated CDS left (started with 4317)
[17:04:37] Will use blast to search against /opt/anaconda3/envs/PROKKA/db/kingdom/Bacteria/IS with 4 CPUs
[17:04:37] Running: cat \/Volumes\/Ananda_Bioinformatics\/Bioinformatic\-Work\-July\-2020\/Quinn\/S1\/PRJNA701008\/JS526\.IS\.tmp\.6308\.faa | parallel --gnu --plain -j 4 --block 172122 --recstart '>' --pipe blastp -query - -db /opt/anaconda3/envs/PROKKA/db/kingdom/Bacteria/IS -evalue 1e-30 -qcov_hsp_perc 90 -num_threads 1 -num_descriptions 1 -num_alignments 1 -seg no > \/Volumes\/Ananda_Bioinformatics\/Bioinformatic\-Work\-July\-2020\/Quinn\/S1\/PRJNA701008\/JS526\.IS\.tmp\.6308\.blast 2> /dev/null
[17:04:58] Deleting unwanted file: /Volumes/Ananda_Bioinformatics/Bioinformatic-Work-July-2020/Quinn/S1/PRJNA701008/JS526.IS.tmp.6308.faa
[17:04:58] Deleting unwanted file: /Volumes/Ananda_Bioinformatics/Bioinformatic-Work-July-2020/Quinn/S1/PRJNA701008/JS526.IS.tmp.6308.blast
[17:04:59] There are still 4286 unannotated CDS left (started with 4317)
[17:04:59] Will use blast to search against /opt/anaconda3/envs/PROKKA/db/kingdom/Bacteria/AMR with 4 CPUs
[17:04:59] Running: cat \/Volumes\/Ananda_Bioinformatics\/Bioinformatic\-Work\-July\-2020\/Quinn\/S1\/PRJNA701008\/JS526\.AMR\.tmp\.6308\.faa | parallel --gnu --plain -j 4 --block 171102 --recstart '>' --pipe blastp -query - -db /opt/anaconda3/envs/PROKKA/db/kingdom/Bacteria/AMR -evalue 9.99999999999999e-301 -qcov_hsp_perc 90 -num_threads 1 -num_descriptions 1 -num_alignments 1 -seg no > \/Volumes\/Ananda_Bioinformatics\/Bioinformatic\-Work\-July\-2020\/Quinn\/S1\/PRJNA701008\/JS526\.AMR\.tmp\.6308\.blast 2> /dev/null
[17:05:17] Deleting unwanted file: /Volumes/Ananda_Bioinformatics/Bioinformatic-Work-July-2020/Quinn/S1/PRJNA701008/JS526.AMR.tmp.6308.faa
[17:05:17] Deleting unwanted file: /Volumes/Ananda_Bioinformatics/Bioinformatic-Work-July-2020/Quinn/S1/PRJNA701008/JS526.AMR.tmp.6308.blast
[17:05:18] There are still 4286 unannotated CDS left (started with 4317)
[17:05:18] Will use blast to search against /opt/anaconda3/envs/PROKKA/db/kingdom/Bacteria/sprot with 4 CPUs
[17:05:18] Running: cat \/Volumes\/Ananda_Bioinformatics\/Bioinformatic\-Work\-July\-2020\/Quinn\/S1\/PRJNA701008\/JS526\.sprot\.tmp\.6308\.faa | parallel --gnu --plain -j 4 --block 171102 --recstart '>' --pipe blastp -query - -db /opt/anaconda3/envs/PROKKA/db/kingdom/Bacteria/sprot -evalue 1e-09 -qcov_hsp_perc 80 -num_threads 1 -num_descriptions 1 -num_alignments 1 -seg no > \/Volumes\/Ananda_Bioinformatics\/Bioinformatic\-Work\-July\-2020\/Quinn\/S1\/PRJNA701008\/JS526\.sprot\.tmp\.6308\.blast 2> /dev/null
[17:06:44] Modify product: Probable peptidoglycan glycosyltransferase FtsW => putative peptidoglycan glycosyltransferase FtsW
[17:06:44] Modify product: UPF0231 protein YacL => hypothetical protein
[17:06:44] Modify product: Uncharacterized ABC transporter ATP-binding protein YadG => putative ABC transporter ATP-binding protein YadG
[17:06:44] Modify product: Uncharacterized fimbrial-like protein YadC => putative fimbrial-like protein YadC
[17:06:44] Modify product: Uncharacterized fimbrial-like protein YadK => putative fimbrial-like protein YadK
[17:06:44] Modify product: Uncharacterized fimbrial-like protein YadL => putative fimbrial-like protein YadL
[17:06:44] Modify product: Uncharacterized fimbrial-like protein YadM => putative fimbrial-like protein YadM
[17:06:44] Modify product: Probable fimbrial chaperone YadV => putative fimbrial chaperone YadV
[17:06:44] Modify product: Uncharacterized fimbrial-like protein YadN => putative fimbrial-like protein YadN
[17:06:44] Modify product: UPF0126 inner membrane protein YadS => hypothetical protein
[17:06:44] Modify product: UPF0253 protein YaeP => hypothetical protein
[17:06:44] Modify product: Uncharacterized protein YaeQ => putative protein YaeQ
[17:06:44] Modify product: Uncharacterized methyltransferase YcgJ => putative methyltransferase YcgJ
[17:06:44] Modify product: Uncharacterized N-acetyltransferase YafP => putative N-acetyltransferase YafP
[17:06:44] Modify product: UPF0255 protein VV1_0328 => hypothetical protein
[17:06:44] Modify product: UPF0758 protein => hypothetical protein
[17:06:44] Modify product: UPF0401 protein YkfF => hypothetical protein
[17:06:44] Modify product: Uncharacterized response regulatory protein YgeK => putative response regulatory protein YgeK
[17:06:44] Modify product: Uncharacterized lipoprotein YgdR => putative lipoprotein YgdR
[17:06:44] Modify product: UPF0053 inner membrane protein YgdQ => hypothetical protein
[17:06:44] Modify product: Uncharacterized lipoprotein YgdR => putative lipoprotein YgdR
[17:06:44] Modify product: UPF0382 inner membrane protein YgdD => hypothetical protein
[17:06:44] Modify product: Uncharacterized HTH-type transcriptional regulator YdjF => putative HTH-type transcriptional regulator YdjF
[17:06:44] Modify product: Uncharacterized protein YqcC => putative protein YqcC
[17:06:44] Modify product: Uncharacterized protein PA3435 => putative protein
[17:06:44] Modify product: Probable glucarate transporter => putative glucarate transporter
[17:06:44] Modify product: Uncharacterized protein YqcG => putative protein YqcG
[17:06:44] Modify product: Uncharacterized protein YgcP => putative protein YgcP
[17:06:44] Modify product: Probable transporter SCO4007 => putative transporter
[17:06:44] Modify product: Probable transporter SCO4007 => putative transporter
[17:06:44] Modify product: Uncharacterized protein YgaM => putative protein YgaM
[17:06:44] Modify product: Probable HTH-type transcriptional regulator YgaV => putative HTH-type transcriptional regulator YgaV
[17:06:44] Modify product: Probable autotransporter ROD_p1121 => putative autotransporter
[17:06:44] Modify product: UPF0125 protein RatB => hypothetical protein
[17:06:44] Modify product: UPF0053 inner membrane protein YfjD => hypothetical protein
[17:06:44] Modify product: Uncharacterized protein YbbC => putative protein YbbC
[17:06:44] Modify product: Uncharacterized protein YbcJ => putative protein YbcJ
[17:06:44] Modify product: Bifunctional protein FolD => Bifunctional protein FolD protein
[17:06:44] Modify product: Uncharacterized fimbrial-like protein SfmA => putative fimbrial-like protein SfmA
[17:06:44] Modify product: Probable fimbrial chaperone SfmC => putative fimbrial chaperone SfmC
[17:06:44] Modify product: Uncharacterized fimbrial-like protein SfmH => putative fimbrial-like protein SfmH
[17:06:44] Modify product: Uncharacterized fimbrial-like protein SfmF => putative fimbrial-like protein SfmF
[17:06:44] Modify product: Uncharacterized tRNA/rRNA methyltransferase YfiF => putative tRNA/rRNA methyltransferase YfiF
[17:06:44] Modify product: Probable fimbrial chaperone protein ElfD => putative fimbrial chaperone protein ElfD
[17:06:44] Modify product: Probable outer membrane usher protein ElfC => putative outer membrane usher protein ElfC
[17:06:44] Modify product: Uncharacterized fimbrial-like protein ElfG => putative fimbrial-like protein ElfG
[17:06:44] Modify product: Uncharacterized fimbrial-like protein YcbU => putative fimbrial-like protein YcbU
[17:06:44] Modify product: Uncharacterized fimbrial-like protein YcbV => putative fimbrial-like protein YcbV
[17:06:44] Modify product: Uncharacterized fimbrial chaperone YcbF => putative fimbrial chaperone YcbF
[17:06:44] Modify product: Uncharacterized protein YcbX => putative protein YcbX
[17:06:44] Modify product: UPF0319 protein HI_1681 => hypothetical protein
[17:06:44] Modify product: Uncharacterized protein YccU => putative protein YccU
[17:06:44] Modify product: Probable Ni/Fe-hydrogenase 1 B-type cytochrome subunit => putative Ni/Fe-hydrogenase 1 B-type cytochrome subunit
[17:06:44] Modify product: Uncharacterized lipoprotein GfcB => putative lipoprotein GfcB
[17:06:44] Modify product: Uncharacterized protein YccJ => putative protein YccJ
[17:06:44] Modify product: Probable malonic semialdehyde reductase RutE => putative malonic semialdehyde reductase RutE
[17:06:44] Modify product: Probable diguanylate cyclase DgcT => putative diguanylate cyclase DgcT
[17:06:45] Modify product: Probable transcriptional regulatory protein YebC => putative transcriptional regulatory protein YebC
[17:06:45] Modify product: Uncharacterized protein YebV => putative protein YebV
[17:06:45] Modify product: Probable manganese efflux pump MntP => putative manganese efflux pump MntP
[17:06:45] Modify product: UPF0266 membrane protein YobD => hypothetical protein
[17:06:45] Modify product: UPF0053 inner membrane protein YoaE => hypothetical protein
[17:06:45] Modify product: Probable cyclic di-GMP phosphodiesterase PdeD => putative cyclic di-GMP phosphodiesterase PdeD
[17:06:45] Modify product: Probable ATP-dependent DNA helicase YoaA => putative ATP-dependent DNA helicase YoaA
[17:06:45] Modify product: Uncharacterized protein YeaR => putative protein YeaR
[17:06:45] Modify product: Probable diguanylate cyclase DgcJ => putative diguanylate cyclase DgcJ
[17:06:45] Modify product: Probable diguanylate cyclase CdgI => putative diguanylate cyclase CdgI
[17:06:45] Modify product: Stress response UPF0229 protein YhbH => hypothetical protein
[17:06:45] Modify product: Uncharacterized zinc-type alcohol dehydrogenase-like protein YdjJ => putative zinc-type alcohol dehydrogenase-like protein YdjJ
[17:06:45] Modify product: Uncharacterized protein YdjI => putative protein YdjI
[17:06:45] Modify product: Uncharacterized sugar kinase YdjH => putative sugar kinase YdjH
[17:06:45] Modify product: Uncharacterized HTH-type transcriptional regulator YdjF => putative HTH-type transcriptional regulator YdjF
[17:06:45] Modify product: Probable ketoamine kinase lp_1983 => putative ketoamine kinase
[17:06:45] Modify product: Uncharacterized protein YniD => putative protein YniD
[17:06:45] Modify product: Uncharacterized protein YdiE => putative protein YdiE
[17:06:45] Modify product: Uncharacterized protein HI_1163 => putative protein
[17:06:45] Modify product: Probable ATP-dependent transporter SufC => putative ATP-dependent transporter SufC
[17:06:45] Modify product: Probable L,D-transpeptidase YnhG => putative L,D-transpeptidase YnhG
[17:06:45] Modify product: Uncharacterized ferredoxin-like protein YdhY => putative ferredoxin-like protein YdhY
[17:06:45] Modify product: Uncharacterized oxidoreductase YdhV => putative oxidoreductase YdhV
[17:06:45] Modify product: Uncharacterized protein YdhW => putative protein YdhW
[17:06:45] Modify product: Uncharacterized ferredoxin-like protein YdhX => putative ferredoxin-like protein YdhX
[17:06:45] Modify product: Uncharacterized protein YdhT => putative protein YdhT
[17:06:45] Modify product: Probable autotransporter ROD_p1121 => putative autotransporter
[17:06:45] Modify product: Uncharacterized HTH-type transcriptional regulator YahB => putative HTH-type transcriptional regulator YahB
[17:06:45] Modify product: Uncharacterized protein YnhF => putative protein YnhF
[17:06:45] Modify product: Uncharacterized oxidoreductase YdgJ => putative oxidoreductase YdgJ
[17:06:45] Modify product: Glucuronide carrier protein homolog => Glucuronide carrier protein 
[17:06:45] Modify product: Probable dimethyl sulfoxide reductase chain YnfF => putative dimethyl sulfoxide reductase chain YnfF
[17:06:45] Modify product: Uncharacterized protein YnfD => putative protein YnfD
[17:06:45] Modify product: UPF0482 protein YnfB => hypothetical protein
[17:06:45] Modify product: UPF0060 membrane protein YnfA => hypothetical protein
[17:06:45] Modify product: Uncharacterized isomerase YddE => putative isomerase YddE
[17:06:45] Modify product: Probable nitrate reductase molybdenum cofactor assembly chaperone NarW => putative nitrate reductase molybdenum cofactor assembly chaperone NarW
[17:06:45] Modify product: Uncharacterized HTH-type transcriptional regulator YddM => putative HTH-type transcriptional regulator YddM
[17:06:45] Modify product: Probable D,D-dipeptide transport ATP-binding protein DdpF => putative D,D-dipeptide transport ATP-binding protein DdpF
[17:06:45] Modify product: Probable D,D-dipeptide transport ATP-binding protein DdpD => putative D,D-dipeptide transport ATP-binding protein DdpD
[17:06:45] Modify product: Probable D,D-dipeptide transport system permease protein DdpC => putative D,D-dipeptide transport system permease protein DdpC
[17:06:45] Modify product: Probable D,D-dipeptide transport system permease protein DdpB => putative D,D-dipeptide transport system permease protein DdpB
[17:06:45] Modify product: Probable D,D-dipeptide-binding periplasmic protein DdpA => putative D,D-dipeptide-binding periplasmic protein DdpA
[17:06:45] Modify product: Probable glutamate/gamma-aminobutyrate antiporter => putative glutamate/gamma-aminobutyrate antiporter
[17:06:45] Modify product: Probable amino-acid metabolite efflux pump => putative amino-acid metabolite efflux pump
[17:06:45] Modify product: UPF0056 inner membrane protein MarC => hypothetical protein
[17:06:45] Modify product: Uncharacterized protein YncE => putative protein YncE
[17:06:45] Modify product: Uncharacterized protein YdcY => putative protein YdcY
[17:06:45] Modify product: Probable mRNA interferase toxin HicA => putative mRNA interferase toxin HicA
[17:06:45] Modify product: 23S rRNA 5-hydroxycytidine C2501 synthase => 23S rRNA 5-hydroxycytidine synthase
[17:06:45] Modify product: Uncharacterized protein Rv3292 => putative protein
[17:06:45] Modify product: Uncharacterized protein YnbD => putative protein YnbD
[17:06:45] Modify product: Uncharacterized protein YnbC => putative protein YnbC
[17:06:45] Modify product: Prophage tail fiber assembly protein homolog TfaE => Prophage tail fiber assembly protein TfaE
[17:06:45] Modify product: Uncharacterized protein YdaG => putative protein YdaG
[17:06:45] Modify product: Probable DNA endonuclease SmrA => putative DNA endonuclease SmrA
[17:06:45] Modify product: Uncharacterized protein YcjY => putative protein YcjY
[17:06:45] Modify product: UPF0283 membrane protein YcjF => hypothetical protein
[17:06:45] Modify product: Uncharacterized protein YcjX => putative protein YcjX
[17:06:45] Modify product: UPF0509 protein YciZ => hypothetical protein
[17:06:45] Modify product: Uncharacterized protein YciH => putative protein YciH
[17:06:45] Modify product: Probable protease SohB => putative protease SohB
[17:06:45] Modify product: Uncharacterized oxidoreductase YciK => putative oxidoreductase YciK
[17:06:45] Modify product: Uncharacterized protein YciO => putative protein YciO
[17:06:45] Modify product: UPF0259 membrane protein YciC => hypothetical protein
[17:06:45] Modify product: Probable intracellular septation protein A => putative intracellular septation protein A
[17:06:45] Modify product: Uncharacterized acyl-CoA thioester hydrolase HI_0827 => putative acyl-CoA thioester hydrolase
[17:06:45] Modify product: UPF0263 protein YciU => hypothetical protein
[17:06:45] Modify product: UPF0056 inner membrane protein MarC => hypothetical protein
[17:06:45] Modify product: Uncharacterized NTE family protein Rv1063c => putative NTE family protein
[17:06:45] Modify product: UPF0225 protein YchJ => hypothetical protein
[17:06:45] Modify product: Uncharacterized protein YcgM => putative protein YcgM
[17:06:45] Modify product: UPF0757 protein YmgG => hypothetical protein
[17:06:45] Modify product: Uncharacterized protein YmgD => putative protein YmgD
[17:06:45] Modify product: Probable cyclic di-GMP phosphodiesterase PdeG => putative cyclic di-GMP phosphodiesterase PdeG
[17:06:45] Modify product: Uncharacterized protein YmgC => putative protein YmgC
[17:06:45] Modify product: Probable two-component-system connector protein AriR => putative two-component-system connector protein AriR
[17:06:45] Modify product: Probable two-component-system connector protein YcgZ => putative two-component-system connector protein YcgZ
[17:06:45] Modify product: Uncharacterized protein YdfO => putative protein YdfO
[17:06:45] Modify product: Probable L,D-transpeptidase YcfS => putative L,D-transpeptidase YcfS
[17:06:45] Modify product: UPF0227 protein YcfP => hypothetical protein
[17:06:45] Modify product: Uncharacterized metal-dependent hydrolase YcfH => putative metal-dependent hydrolase YcfH
[17:06:45] Modify product: UPF0502 protein YceH => hypothetical protein
[17:06:45] Modify product: Uncharacterized lipoprotein YceB => putative lipoprotein YceB
[17:06:45] Modify product: Uncharacterized protein YceO => putative protein YceO
[17:06:45] Modify product: Cytochrome b561 homolog 2 => Cytochrome b561 
[17:06:45] Modify product: UPF0176 protein YceA => hypothetical protein
[17:06:45] Modify product: Uncharacterized protein YmdA => putative protein YmdA
[17:06:45] Modify product: Probable phosphatase YcdX => putative phosphatase YcdX
[17:06:45] Modify product: UPF0394 inner membrane protein YedE => hypothetical protein
[17:06:45] Modify product: Uncharacterized N-acetyltransferase YsnE => putative N-acetyltransferase YsnE
[17:06:45] Modify product: Probable diguanylate cyclase DgcQ => putative diguanylate cyclase DgcQ
[17:06:45] Modify product: Uncharacterized inner membrane transporter YedA => putative inner membrane transporter YedA
[17:06:45] Modify product: Uncharacterized protein YedJ => putative protein YedJ
[17:06:45] Modify product: Cytochrome b561 homolog 1 => Cytochrome b561 
[17:06:45] Modify product: Probable transcriptional regulatory protein YeeN => putative transcriptional regulatory protein YeeN
[17:06:45] Modify product: Probable FMN/FAD exporter YeeO => putative FMN/FAD exporter YeeO
[17:06:45] Modify product: Probable L,D-transpeptidase ErfK/SrfK => putative L,D-transpeptidase ErfK/SrfK
[17:06:45] Modify product: UPF0265 protein YeeX => hypothetical protein
[17:06:45] Modify product: UPF0394 inner membrane protein YeeE => hypothetical protein
[17:06:45] Modify product: UPF0053 inner membrane protein YoaE => hypothetical protein
[17:06:45] Modify product: Probable diguanylate cyclase DgcE => putative diguanylate cyclase DgcE
[17:06:45] Modify product: UPF0339 protein YegP => hypothetical protein
[17:06:45] Modify product: 23S rRNA 5-hydroxycytidine C2501 synthase => 23S rRNA 5-hydroxycytidine synthase
[17:06:45] Modify product: Uncharacterized fimbrial-like protein YehA => putative fimbrial-like protein YehA
[17:06:45] Modify product: Probable fimbrial chaperone YehC => putative fimbrial chaperone YehC
[17:06:45] Modify product: Uncharacterized fimbrial-like protein YehD => putative fimbrial-like protein YehD
[17:06:45] Modify product: Uncharacterized protein YphB => putative protein YphB
[17:06:45] Modify product: Probable 3-phenylpropionic acid transporter => putative 3-phenylpropionic acid transporter
[17:06:45] Modify product: Uncharacterized protein Rv2307c => putative protein
[17:06:45] Modify product: UPF0070 protein HI_0370 => hypothetical protein
[17:06:45] Modify product: Uncharacterized protein YfgJ => putative protein YfgJ
[17:06:46] Modify product: Uncharacterized protein YfgD => putative protein YfgD
[17:06:46] Modify product: Probable formate transporter 2 => putative formate transporter 2
[17:06:46] Modify product: Uncharacterized protein Rv2575 => putative protein
[17:06:46] Modify product: Uncharacterized protein YfeY => putative protein YfeY
[17:06:46] Modify product: Probable cyclic di-GMP phosphodiesterase PdeA => putative cyclic di-GMP phosphodiesterase PdeA
[17:06:46] Modify product: Probable multidrug resistance protein EmrK => putative multidrug resistance protein EmrK
[17:06:46] Modify product: Probable multidrug resistance protein EmrY => putative multidrug resistance protein EmrY
[17:06:46] Modify product: Prophage tail fiber assembly protein homolog TfaE => Prophage tail fiber assembly protein TfaE
[17:06:46] Modify product: Prophage bactoprenol glucosyl transferase homolog => Prophage bactoprenol glucosyl transferase 
[17:06:46] Modify product: UPF0381 protein YiiS => hypothetical protein
[17:06:46] Modify product: Uncharacterized fimbrial-like protein YfcV => putative fimbrial-like protein YfcV
[17:06:46] Modify product: Probable fimbrial chaperone YfcS => putative fimbrial chaperone YfcS
[17:06:46] Modify product: Uncharacterized fimbrial-like protein YfcR => putative fimbrial-like protein YfcR
[17:06:46] Modify product: Uncharacterized fimbrial-like protein YfcQ => putative fimbrial-like protein YfcQ
[17:06:46] Modify product: Uncharacterized fimbrial-like protein YfcP => putative fimbrial-like protein YfcP
[17:06:46] Modify product: Uncharacterized protein YfcO => putative protein YfcO
[17:06:46] Modify product: Probable membrane transporter protein YfcA => putative membrane transporter protein YfcA
[17:06:46] Modify product: Uncharacterized MFS-type transporter YfcJ => putative MFS-type transporter YfcJ
[17:06:46] Modify product: Epimerase family protein SA0724 => Epimerase family protein
[17:06:46] Modify product: Uncharacterized Nudix hydrolase YfcD => putative Nudix hydrolase YfcD
[17:06:46] Modify product: UPF0208 membrane protein YfbV => hypothetical protein
[17:06:46] Modify product: UPF0304 protein YfbU => hypothetical protein
[17:06:46] Modify product: Probable 4-amino-4-deoxy-L-arabinose-phosphoundecaprenol flippase subunit ArnF => putative 4-amino-4-deoxy-L-arabinose-phosphoundecaprenol flippase subunit ArnF
[17:06:46] Modify product: Probable 4-amino-4-deoxy-L-arabinose-phosphoundecaprenol flippase subunit ArnE => putative 4-amino-4-deoxy-L-arabinose-phosphoundecaprenol flippase subunit ArnE
[17:06:46] Modify product: Probable 4-deoxy-4-formamido-L-arabinose-phosphoundecaprenol deformylase ArnD => putative 4-deoxy-4-formamido-L-arabinose-phosphoundecaprenol deformylase ArnD
[17:06:46] Modify product: Uncharacterized HTH-type transcriptional regulator RhmR => putative HTH-type transcriptional regulator RhmR
[17:06:46] Modify product: Probable autotransporter YfaL => putative autotransporter YfaL
[17:06:46] Modify product: Probable L,D-transpeptidase YbiS => putative L,D-transpeptidase YbiS
[17:06:46] Modify product: Uncharacterized ABC transporter ATP-binding protein YbiT => putative ABC transporter ATP-binding protein YbiT
[17:06:46] Modify product: Uncharacterized protein YbiU => putative protein YbiU
[17:06:46] Modify product: Probable cyclic di-GMP phosphodiesterase PdeI => putative cyclic di-GMP phosphodiesterase PdeI
[17:06:46] Modify product: Uncharacterized protein YbjN => putative protein YbjN
[17:06:46] Modify product: Uncharacterized lipoprotein YbjP => putative lipoprotein YbjP
[17:06:46] Modify product: UPF0145 protein YbjQ => hypothetical protein
[17:06:46] Modify product: Probable hydrolase YcaC => putative hydrolase YcaC
[17:06:46] Modify product: Uncharacterized MFS-type transporter YcaD => putative MFS-type transporter YcaD
[17:06:46] Modify product: Probable formate transporter 1 => putative formate transporter 1
[17:06:46] Modify product: UPF0434 protein YcaR => hypothetical protein
[17:06:46] Modify product: Probable L,D-transpeptidase YcbB => putative L,D-transpeptidase YcbB
[17:06:46] Modify product: Uncharacterized HTH-type transcriptional regulator YahB => putative HTH-type transcriptional regulator YahB
[17:06:46] Modify product: Probable pyridine nucleotide-disulfide oxidoreductase RclA => putative pyridine nucleotide-disulfide oxidoreductase RclA
[17:06:46] Modify product: Uncharacterized membrane protein YkgR => putative membrane protein YkgR
[17:06:46] Modify product: Probable fimbrial chaperone EcpB => putative fimbrial chaperone EcpB
[17:06:46] Modify product: Probable outer membrane usher protein EcpC => putative outer membrane usher protein EcpC
[17:06:46] Modify product: Probable fimbrial chaperone EcpE => putative fimbrial chaperone EcpE
[17:06:46] Modify product: Uncharacterized protein YlcG => putative protein YlcG
[17:06:46] Modify product: UPF0098 protein YbcL => hypothetical protein
[17:06:46] Modify product: Uncharacterized protein YqfG => putative protein YqfG
[17:06:46] Modify product: UPF0073 inner membrane protein YqfA => hypothetical protein
[17:06:46] Modify product: UPF0267 protein YqfB => hypothetical protein
[17:06:46] Modify product: Uncharacterized oxidoreductase YgfF => putative oxidoreductase YgfF
[17:06:46] Modify product: UPF0149 protein HI_0817 => hypothetical protein
[17:06:46] Modify product: UPF0301 protein YqgE => hypothetical protein
[17:06:46] Modify product: Uncharacterized protein YggR => putative protein YggR
[17:06:46] Modify product: UPF0235 protein YggU => hypothetical protein
[17:06:46] Modify product: Uncharacterized protein HI_0341 => putative protein
[17:06:46] Modify product: Probable Fe(2+)-trafficking protein => putative Fe(2+)-trafficking protein
[17:06:46] Modify product: Uncharacterized FAD-linked oxidoreductase Rv2280 => putative FAD-linked oxidoreductase
[17:06:46] Modify product: Probable Ni/Fe-hydrogenase 2 b-type cytochrome subunit => putative Ni/Fe-hydrogenase 2 b-type cytochrome subunit
[17:06:46] Modify product: Uncharacterized oxidoreductase YghA => putative oxidoreductase YghA
[17:06:46] Modify product: Probable deoxycholate-binding periplasmic protein YgiS => putative deoxycholate-binding periplasmic protein YgiS
[17:06:46] Modify product: Probable quinol monooxygenase YgiN => putative quinol monooxygenase YgiN
[17:06:46] Modify product: Uncharacterized fimbrial-like protein YbgD => putative fimbrial-like protein YbgD
[17:06:46] Modify product: Probable inner membrane protein Smp => putative inner membrane protein Smp
[17:06:46] Modify product: Uncharacterized protein YjjI => putative protein YjjI
[17:06:46] Modify product: Uncharacterized metal-dependent hydrolase YjjV => putative metal-dependent hydrolase YjjV
[17:06:46] Modify product: UPF0442 protein YjjB => hypothetical protein
[17:06:46] Modify product: Probable HTH-type transcriptional regulator LgoR => putative HTH-type transcriptional regulator LgoR
[17:06:46] Modify product: Probable L-galactonate transporter => putative L-galactonate transporter
[17:06:46] Modify product: Uncharacterized protein YjiK => putative protein YjiK
[17:06:46] Modify product: Probable RNA 2'-phosphotransferase => putative RNA 2'-phosphotransferase
[17:06:46] Modify product: Probable major fimbrial subunit LpfA => putative major fimbrial subunit LpfA
[17:06:46] Modify product: Probable N-acetylneuraminic acid outer membrane channel protein NanC => putative N-acetylneuraminic acid outer membrane channel protein NanC
[17:06:46] Modify product: Probable 9-O-acetyl-N-acetylneuraminic acid deacetylase => putative 9-O-acetyl-N-acetylneuraminic acid deacetylase
[17:06:46] Modify product: Uncharacterized protein YjhP => putative protein YjhP
[17:06:46] Modify product: Probable 2-dehydro-3-deoxy-D-pentonate aldolase YjhH => putative 2-dehydro-3-deoxy-D-pentonate aldolase YjhH
[17:06:46] Modify product: Probable RNA polymerase sigma factor FecI => putative RNA polymerase sigma factor FecI
[17:06:46] Modify product: Probable glycerol-3-phosphate acyltransferase => putative glycerol-3-phosphate acyltransferase
[17:06:46] Modify product: Uncharacterized protein YqjD => putative protein YqjD
[17:06:46] Modify product: UPF0597 protein YhaM => hypothetical protein
[17:06:46] Modify product: Probable serine transporter => putative serine transporter
[17:06:46] Modify product: Probable galactarate transporter => putative galactarate transporter
[17:06:46] Modify product: Uncharacterized fimbrial-like protein YraH => putative fimbrial-like protein YraH
[17:06:46] Modify product: Probable fimbrial chaperone YraI => putative fimbrial chaperone YraI
[17:06:46] Modify product: Uncharacterized fimbrial-like protein YraK => putative fimbrial-like protein YraK
[17:06:46] Modify product: UPF0213 protein BH0048 => hypothetical protein
[17:06:46] Modify product: Uncharacterized protease YhbU => putative protease YhbU
[17:06:46] Modify product: Uncharacterized inner membrane transporter YhbE => putative inner membrane transporter YhbE
[17:06:46] Modify product: Uncharacterized protein YrbL => putative protein YrbL
[17:06:46] Modify product: Uncharacterized protein YhcH => putative protein YhcH
[17:06:46] Modify product: Uncharacterized protein YhcO => putative protein YhcO
[17:06:46] Modify product: Probable acrylyl-CoA reductase AcuI => putative acrylyl-CoA reductase AcuI
[17:06:46] Modify product: Uncharacterized membrane protein YhdT => putative membrane protein YhdT
[17:06:47] Modify product: Probable bifunctional chitinase/lysozyme => putative bifunctional chitinase/lysozyme
[17:06:47] Modify product: Protein SlyX homolog => Protein SlyX 
[17:06:47] Modify product: Uncharacterized ABC transporter ATP-binding protein YheS => putative ABC transporter ATP-binding protein YheS
[17:06:47] Modify product: UPF0270 protein PA3463 => hypothetical protein
[17:06:47] Modify product: Probable protein adenylyltransferase Fic => putative protein adenylyltransferase Fic
[17:06:47] Modify product: Uncharacterized protein YhfG => putative protein YhfG
[17:06:47] Modify product: Probable fructoselysine/psicoselysine transporter FrlA => putative fructoselysine/psicoselysine transporter FrlA
[17:06:47] Modify product: Probable fructoselysine utilization operon transcriptional repressor => putative fructoselysine utilization operon transcriptional repressor
[17:06:47] Modify product: Uncharacterized protein YhfS => putative protein YhfS
[17:06:47] Modify product: Uncharacterized protein YhfX => putative protein YhfX
[17:06:47] Modify product: Putative membrane protein IgaA homolog => Putative membrane protein IgaA 
[17:06:47] Modify product: Probable [Fe-S]-dependent transcriptional repressor FeoC => putative [Fe-S]-dependent transcriptional repressor FeoC
[17:06:47] Modify product: UPF0056 inner membrane protein YhgN => hypothetical protein
[17:06:47] Modify product: Uncharacterized oxidoreductase YhhX => putative oxidoreductase YhhX
[17:06:47] Modify product: Uncharacterized protein YhhA => putative protein YhhA
[17:06:47] Modify product: Uncharacterized MFS-type transporter YhhS => putative MFS-type transporter YhhS
[17:06:47] Modify product: Uncharacterized protein HI_0933 => putative protein
[17:06:47] Modify product: Probable cyclic di-GMP phosphodiesterase PdeK => putative cyclic di-GMP phosphodiesterase PdeK
[17:06:47] Modify product: Uncharacterized MFS-type transporter YhjX => putative MFS-type transporter YhjX
[17:06:47] Modify product: Probable lipoprotein YiaD => putative lipoprotein YiaD
[17:06:47] Modify product: Uncharacterized protein YhcH => putative protein YhcH
[17:06:47] Modify product: Uncharacterized GST-like protein YibF => putative GST-like protein YibF
[17:06:47] Modify product: Probable protein kinase UbiB => putative protein kinase UbiB
[17:06:47] Modify product: Probable transport protein YifK => putative transport protein YifK
[17:06:47] Modify product: Probable ECA polymerase => putative ECA polymerase
[17:06:47] Modify product: UPF0438 protein YifE => hypothetical protein
[17:06:47] Modify product: Uncharacterized protein HI_0431 => putative protein
[17:06:47] Modify product: Probable cystine transporter YijE => putative cystine transporter YijE
[17:06:47] Modify product: UPF0381 protein YiiS => hypothetical protein
[17:06:47] Modify product: UPF0761 membrane protein YihY => hypothetical protein
[17:06:47] Modify product: Uncharacterized protein YihR => putative protein YihR
[17:06:47] Modify product: Uncharacterized protein YshB => putative protein YshB
[17:06:47] Modify product: Probable GTP-binding protein EngB => putative GTP-binding protein EngB
[17:06:47] Modify product: Probable acyltransferase YihG => putative acyltransferase YihG
[17:06:47] Modify product: Uncharacterized protein YibL => putative protein YibL
[17:06:47] Modify product: Uncharacterized protein YibN => putative protein YibN
[17:06:47] Modify product: UPF0758 protein YsxA => hypothetical protein
[17:06:47] Modify product: UPF0701 protein YicC => hypothetical protein
[17:06:47] Modify product: UPF0126 inner membrane protein YicG => hypothetical protein
[17:06:47] Modify product: Uncharacterized inner membrane transporter YicL => putative inner membrane transporter YicL
[17:06:47] Modify product: Uncharacterized symporter YidK => putative symporter YidK
[17:06:47] Modify product: Probable 2-dehydro-3-deoxygalactonokinase DgoK1 => putative 2-dehydro-3-deoxygalactonokinase DgoK1
[17:06:47] Modify product: UPF0167 protein CbrC => hypothetical protein
[17:06:47] Modify product: Probable glucosamine-6-phosphate deaminase 2 => putative glucosamine-6-phosphate deaminase 2
[17:06:47] Modify product: Probable transport protein HsrA => putative transport protein HsrA
[17:06:47] Modify product: Uncharacterized lipoprotein GfcB => putative lipoprotein GfcB
[17:06:47] Modify product: UPF0337 protein YjbJ => hypothetical protein
[17:06:47] Modify product: Uncharacterized protein YjbR => putative protein YjbR
[17:06:47] Modify product: Probable cyclic di-GMP phosphodiesterase PdeC => putative cyclic di-GMP phosphodiesterase PdeC
[17:06:47] Modify product: Uncharacterized ferredoxin-like protein YdhX => putative ferredoxin-like protein YdhX
[17:06:47] Modify product: Probable transcriptional regulator PhnF => putative transcriptional regulator PhnF
[17:06:47] Modify product: Uncharacterized protein YjdJ => putative protein YjdJ
[17:06:47] Modify product: Probable cadaverine/lysine antiporter => putative cadaverine/lysine antiporter
[17:06:47] Modify product: UPF0716 protein FxsA => hypothetical protein
[17:06:47] Modify product: UPF0719 inner membrane protein YjfL => hypothetical protein
[17:06:47] Modify product: Probable L-ascorbate-6-phosphate lactonase UlaG => putative L-ascorbate-6-phosphate lactonase UlaG
[17:06:47] Modify product: Uncharacterized protein YtfJ => putative protein YtfJ
[17:06:47] Modify product: UPF0053 inner membrane protein YtfL => hypothetical protein
[17:06:47] Modify product: UPF0307 protein YjgA => hypothetical protein
[17:06:47] Modify product: Uncharacterized protein YjgL => putative protein YjgL
[17:06:47] Modify product: Uncharacterized oxidoreductase YjhC => putative oxidoreductase YjhC
[17:06:47] Modify product: Uncharacterized protein YthA => putative protein YthA
[17:06:47] Modify product: Uncharacterized protein YdfB => putative protein YdfB
[17:06:47] Modify product: Uncharacterized protein YdfR => putative protein YdfR
[17:06:47] Modify product: Uncharacterized protein YdfO => putative protein YdfO
[17:06:47] Modify product: Uncharacterized protein YdfO => putative protein YdfO
[17:06:47] Modify product: Uncharacterized protein YtfJ => putative protein YtfJ
[17:06:47] Modify product: Prophage tail fiber assembly protein homolog TfaE => Prophage tail fiber assembly protein TfaE
[17:06:47] Modify product: Uncharacterized protein YehL => putative protein YehL
[17:06:47] Modify product: Uncharacterized lipoprotein YehR => putative lipoprotein YehR
[17:06:47] Modify product: UPF0387 membrane protein YohO => hypothetical protein
[17:06:47] Modify product: Uncharacterized oxidoreductase YohF => putative oxidoreductase YohF
[17:06:47] Modify product: UPF0299 membrane protein YohJ => hypothetical protein
[17:06:47] Modify product: UPF0324 inner membrane protein YeiH => hypothetical protein
[17:06:47] Modify product: UPF0153 protein YeiW => hypothetical protein
[17:06:47] Modify product: Probable cyclic di-GMP phosphodiesterase PdeN => putative cyclic di-GMP phosphodiesterase PdeN
[17:06:47] Modify product: Uncharacterized ABC transporter ATP-binding protein YejF => putative ABC transporter ATP-binding protein YejF
[17:06:48] Modify product: UPF0352 protein YejL => hypothetical protein
[17:06:48] Modify product: Probable autotransporter ROD_p1121 => putative autotransporter
[17:06:48] Modify product: Uncharacterized protein McbA => putative protein McbA
[17:06:48] Modify product: PKHD-type hydroxylase Sbal_3634 => PKHD-type hydroxylase
[17:06:48] Modify product: Uncharacterized protein YbiI => putative protein YbiI
[17:06:48] Modify product: Uncharacterized protein YbiB => putative protein YbiB
[17:06:48] Modify product: UPF0194 membrane protein YbhG => hypothetical protein
[17:06:48] Modify product: Probable multidrug ABC transporter ATP-binding protein YbhF => putative multidrug ABC transporter ATP-binding protein YbhF
[17:06:48] Modify product: Probable multidrug ABC transporter permease YbhS => putative multidrug ABC transporter permease YbhS
[17:06:48] Modify product: Probable multidrug ABC transporter permease YbhR => putative multidrug ABC transporter permease YbhR
[17:06:48] Modify product: UPF0098 protein YbhB => hypothetical protein
[17:06:48] Modify product: Prophage tail fiber assembly protein homolog TfaE => Prophage tail fiber assembly protein TfaE
[17:06:48] Modify product: Uncharacterized fimbrial-like protein YbgD => putative fimbrial-like protein YbgD
[17:06:48] Modify product: GTP cyclohydrolase 1 type 2 homolog => GTP cyclohydrolase 1 type 2 
[17:06:48] Modify product: Uncharacterized protein YbfE => putative protein YbfE
[17:06:48] Modify product: Uncharacterized lipoprotein ChiQ => putative lipoprotein ChiQ
[17:06:48] Modify product: UPF0250 protein YbeD => hypothetical protein
[17:06:48] Modify product: Uncharacterized HTH-type transcriptional regulator YbdO => putative HTH-type transcriptional regulator YbdO
[17:06:48] Modify product: Probable zinc-binding alcohol dehydrogenase Rv1895 => putative zinc-binding alcohol dehydrogenase
[17:06:48] Modify product: Uncharacterized HTH-type transcriptional regulator YbdO => putative HTH-type transcriptional regulator YbdO
[17:06:48] Modify product: Uncharacterized protein YbdM => putative protein YbdM
[17:06:48] Modify product: Prophage tail fiber assembly protein homolog TfaE => Prophage tail fiber assembly protein TfaE
[17:06:48] Modify product: Probable iron export permease protein FetB => putative iron export permease protein FetB
[17:06:48] Modify product: Probable iron export ATP-binding protein FetA => putative iron export ATP-binding protein FetA
[17:06:48] Modify product: Uncharacterized HTH-type transcriptional regulator YbaQ => putative HTH-type transcriptional regulator YbaQ
[17:06:48] Modify product: Probable cyclic di-GMP phosphodiesterase PdeB => putative cyclic di-GMP phosphodiesterase PdeB
[17:06:48] Modify product: Uncharacterized protein YbaA => putative protein YbaA
[17:06:48] Modify product: Uncharacterized lipoprotein YbaY => putative lipoprotein YbaY
[17:06:48] Modify product: Probable multidrug resistance ABC transporter ATP-binding/permease protein YheI => putative multidrug resistance ABC transporter ATP-binding/permease protein YheI
[17:06:48] Modify product: Uncharacterized protein HI_1008 => putative protein
[17:06:48] Modify product: UPF0234 protein YajQ => hypothetical protein
[17:06:48] Modify product: Uncharacterized lipoprotein YajI => putative lipoprotein YajI
[17:06:48] Modify product: Uncharacterized protein YaiA => putative protein YaiA
[17:06:48] Modify product: UPF0178 protein YaiI => hypothetical protein
[17:06:48] Modify product: Probable diguanylate cyclase DgcC => putative diguanylate cyclase DgcC
[17:06:48] Modify product: Uncharacterized transporter YycB => putative transporter YycB
[17:06:48] Cleaned 375 /product names
[17:06:48] Deleting unwanted file: /Volumes/Ananda_Bioinformatics/Bioinformatic-Work-July-2020/Quinn/S1/PRJNA701008/JS526.sprot.tmp.6308.faa
[17:06:48] Deleting unwanted file: /Volumes/Ananda_Bioinformatics/Bioinformatic-Work-July-2020/Quinn/S1/PRJNA701008/JS526.sprot.tmp.6308.blast
[17:06:48] There are still 802 unannotated CDS left (started with 4317)
[17:06:48] Will use hmmer3 to search against /opt/anaconda3/envs/PROKKA/db/hmm/HAMAP.hmm with 4 CPUs
[17:06:48] Running: cat \/Volumes\/Ananda_Bioinformatics\/Bioinformatic\-Work\-July\-2020\/Quinn\/S1\/PRJNA701008\/JS526\.HAMAP\.hmm\.tmp\.6308\.faa | parallel --gnu --plain -j 4 --block 24589 --recstart '>' --pipe hmmscan --noali --notextw --acc -E 1e-09 --cpu 1 /opt/anaconda3/envs/PROKKA/db/hmm/HAMAP.hmm /dev/stdin > \/Volumes\/Ananda_Bioinformatics\/Bioinformatic\-Work\-July\-2020\/Quinn\/S1\/PRJNA701008\/JS526\.HAMAP\.hmm\.tmp\.6308\.hmmer3 2> /dev/null
[17:07:03] Modify product: Uncharacterized Nudix hydrolase NudL => putative Nudix hydrolase NudL
[17:07:03] Cleaned 1 /product names
[17:07:03] Deleting unwanted file: /Volumes/Ananda_Bioinformatics/Bioinformatic-Work-July-2020/Quinn/S1/PRJNA701008/JS526.HAMAP.hmm.tmp.6308.faa
[17:07:03] Deleting unwanted file: /Volumes/Ananda_Bioinformatics/Bioinformatic-Work-July-2020/Quinn/S1/PRJNA701008/JS526.HAMAP.hmm.tmp.6308.hmmer3
[17:07:03] Labelling remaining 733 proteins as 'hypothetical protein'
[17:07:03] Possible /pseudo 'RNA polymerase sigma factor RpoS' at gnl|Prokka|JS526_1 position 376048
[17:07:03] Possible /pseudo 'putative transporter' at gnl|Prokka|JS526_1 position 434857
[17:07:03] Possible /pseudo 'Arsenical pump membrane protein' at gnl|Prokka|JS526_1 position 470679
[17:07:03] Possible /pseudo 'Outer membrane usher protein PapC' at gnl|Prokka|JS526_1 position 823897
[17:07:03] Possible /pseudo 'Ferrous iron permease EfeU' at gnl|Prokka|JS526_1 position 1220686
[17:07:03] Possible /pseudo 'Formate dehydrogenase, nitrate-inducible, major subunit' at gnl|Prokka|JS526_1 position 1576314
[17:07:03] Possible /pseudo 'Small toxic polypeptide LdrA' at gnl|Prokka|JS526_1 position 1914831
[17:07:03] Possible /pseudo 'Small toxic polypeptide LdrA' at gnl|Prokka|JS526_1 position 1915366
[17:07:03] Possible /pseudo 'Curli production assembly/transport component CsgG' at gnl|Prokka|JS526_1 position 2081413
[17:07:03] Possible /pseudo 'ISAs1 family transposase ISEc1' at gnl|Prokka|JS526_1 position 2533152
[17:07:03] Possible /pseudo 'Deaminated glutathione amidase' at gnl|Prokka|JS526_1 position 2605362
[17:07:03] Possible /pseudo 'Multidrug resistance protein MdtF' at gnl|Prokka|JS526_1 position 3124705
[17:07:03] Possible /pseudo 'ISKra4 family transposase ISCep1' at gnl|Prokka|JS526_1 position 3243815
[17:07:03] Possible /pseudo 'Formate dehydrogenase-O major subunit' at gnl|Prokka|JS526_1 position 4030591
[17:07:03] Possible /pseudo 'Putative 2,3-dihydroxypropane-1-sulfonate exporter' at gnl|Prokka|JS526_1 position 4050011
[17:07:03] Possible /pseudo '6-phospho-alpha-glucosidase' at gnl|Prokka|JS526_1 position 4170828
[17:07:03] Possible /pseudo 'Acetyl-coenzyme A synthetase' at gnl|Prokka|JS526_1 position 4325093
[17:07:03] Possible /pseudo 'Formate dehydrogenase H' at gnl|Prokka|JS526_1 position 4336967
[17:07:03] Possible /pseudo 'putative protein YdfO' at gnl|Prokka|JS526_1 position 4558488
[17:07:03] Found 3203 unique /gene codes.
[17:07:03] Fixed 2 duplicate /gene - gstB_1 gstB_2
[17:07:03] Fixed 2 duplicate /gene - ugpC_1 ugpC_2
[17:07:03] Fixed 2 duplicate /gene - idnT_1 idnT_2
[17:07:03] Fixed 2 duplicate /gene - rbsC_1 rbsC_2
[17:07:03] Fixed 2 duplicate /gene - nagB_1 nagB_2
[17:07:03] Fixed 2 duplicate /gene - xdhA_1 xdhA_2
[17:07:03] Fixed 3 duplicate /gene - lexA_1 lexA_2 lexA_3
[17:07:03] Fixed 2 duplicate /gene - ydjZ_1 ydjZ_2
[17:07:03] Fixed 2 duplicate /gene - bioF_1 bioF_2
[17:07:03] Fixed 2 duplicate /gene - yhhT_1 yhhT_2
[17:07:03] Fixed 2 duplicate /gene - dnaC_1 dnaC_2
[17:07:03] Fixed 2 duplicate /gene - ydgA_1 ydgA_2
[17:07:03] Fixed 2 duplicate /gene - pdhR_1 pdhR_2
[17:07:03] Fixed 2 duplicate /gene - ydjE_1 ydjE_2
[17:07:03] Fixed 2 duplicate /gene - gfcB_1 gfcB_2
[17:07:03] Fixed 2 duplicate /gene - slp_1 slp_2
[17:07:03] Fixed 2 duplicate /gene - fdnH_1 fdnH_2
[17:07:03] Fixed 2 duplicate /gene - lapB_1 lapB_2
[17:07:03] Fixed 2 duplicate /gene - fdhF_1 fdhF_2
[17:07:03] Fixed 2 duplicate /gene - murR_1 murR_2
[17:07:03] Fixed 2 duplicate /gene - acpP_1 acpP_2
[17:07:03] Fixed 3 duplicate /gene - fixB_1 fixB_2 fixB_3
[17:07:03] Fixed 2 duplicate /gene - ftnA_1 ftnA_2
[17:07:03] Fixed 2 duplicate /gene - gntK_1 gntK_2
[17:07:03] Fixed 2 duplicate /gene - ysdC_1 ysdC_2
[17:07:03] Fixed 4 duplicate /gene - papC_1 papC_2 papC_3 papC_4
[17:07:03] Fixed 2 duplicate /gene - tsaR_1 tsaR_2
[17:07:03] Fixed 2 duplicate /gene - fdoG_1 fdoG_2
[17:07:03] Fixed 2 duplicate /gene - cusC_1 cusC_2
[17:07:03] Fixed 3 duplicate /gene - ldrA_1 ldrA_2 ldrA_3
[17:07:03] Fixed 2 duplicate /gene - ulaE_1 ulaE_2
[17:07:03] Fixed 5 duplicate /gene - rhaS_1 rhaS_2 rhaS_3 rhaS_4 rhaS_5
[17:07:03] Fixed 2 duplicate /gene - azoR_1 azoR_2
[17:07:03] Fixed 2 duplicate /gene - mglA_1 mglA_2
[17:07:03] Fixed 2 duplicate /gene - xerD_1 xerD_2
[17:07:03] Fixed 2 duplicate /gene - msbA_1 msbA_2
[17:07:03] Fixed 2 duplicate /gene - yhcH_1 yhcH_2
[17:07:03] Fixed 2 duplicate /gene - osmY_1 osmY_2
[17:07:03] Fixed 2 duplicate /gene - ompD_1 ompD_2
[17:07:03] Fixed 2 duplicate /gene - topA_1 topA_2
[17:07:03] Fixed 2 duplicate /gene - ybgD_1 ybgD_2
[17:07:03] Fixed 2 duplicate /gene - yahB_1 yahB_2
[17:07:03] Fixed 3 duplicate /gene - arnC_1 arnC_2 arnC_3
[17:07:03] Fixed 2 duplicate /gene - lldR_1 lldR_2
[17:07:03] Fixed 2 duplicate /gene - por_1 por_2
[17:07:03] Fixed 2 duplicate /gene - yraJ_1 yraJ_2
[17:07:03] Fixed 3 duplicate /gene - norR_1 norR_2 norR_3
[17:07:03] Fixed 2 duplicate /gene - bioD1_1 bioD1_2
[17:07:03] Fixed 2 duplicate /gene - ndhB_1 ndhB_2
[17:07:03] Fixed 3 duplicate /gene - fixX_1 fixX_2 fixX_3
[17:07:03] Fixed 3 duplicate /gene - hcaR_1 hcaR_2 hcaR_3
[17:07:03] Fixed 2 duplicate /gene - gatC_1 gatC_2
[17:07:03] Fixed 2 duplicate /gene - argE_1 argE_2
[17:07:03] Fixed 2 duplicate /gene - kdgK_1 kdgK_2
[17:07:03] Fixed 2 duplicate /gene - ygdR_1 ygdR_2
[17:07:03] Fixed 2 duplicate /gene - mipA_1 mipA_2
[17:07:03] Fixed 2 duplicate /gene - fimG_1 fimG_2
[17:07:03] Fixed 2 duplicate /gene - lutA_1 lutA_2
[17:07:03] Fixed 2 duplicate /gene - kduD_1 kduD_2
[17:07:03] Fixed 2 duplicate /gene - rpoS_1 rpoS_2
[17:07:03] Fixed 2 duplicate /gene - fruA_1 fruA_2
[17:07:03] Fixed 2 duplicate /gene - intQ_1 intQ_2
[17:07:03] Fixed 2 duplicate /gene - lsrK_1 lsrK_2
[17:07:03] Fixed 2 duplicate /gene - manP_1 manP_2
[17:07:03] Fixed 2 duplicate /gene - lpxD_1 lpxD_2
[17:07:03] Fixed 3 duplicate /gene - arsB_1 arsB_2 arsB_3
[17:07:03] Fixed 2 duplicate /gene - prfB_1 prfB_2
[17:07:03] Fixed 3 duplicate /gene - acs_1 acs_2 acs_3
[17:07:03] Fixed 3 duplicate /gene - cynR_1 cynR_2 cynR_3
[17:07:03] Fixed 2 duplicate /gene - ygcS_1 ygcS_2
[17:07:03] Fixed 5 duplicate /gene - hyfA_1 hyfA_2 hyfA_3 hyfA_4 hyfA_5
[17:07:03] Fixed 2 duplicate /gene - ytfJ_1 ytfJ_2
[17:07:03] Fixed 3 duplicate /gene - klcA_1 klcA_2 klcA_3
[17:07:03] Fixed 2 duplicate /gene - ybdO_1 ybdO_2
[17:07:03] Fixed 2 duplicate /gene - proA_1 proA_2
[17:07:03] Fixed 3 duplicate /gene - malP_1 malP_2 malP_3
[17:07:03] Fixed 2 duplicate /gene - narL_1 narL_2
[17:07:03] Fixed 2 duplicate /gene - bglF_1 bglF_2
[17:07:03] Fixed 2 duplicate /gene - fimH_1 fimH_2
[17:07:03] Fixed 2 duplicate /gene - deoB_1 deoB_2
[17:07:03] Fixed 2 duplicate /gene - sgrR_1 sgrR_2
[17:07:03] Fixed 3 duplicate /gene - ydfO_1 ydfO_2 ydfO_3
[17:07:03] Fixed 5 duplicate /gene - tfaE_1 tfaE_2 tfaE_3 tfaE_4 tfaE_5
[17:07:03] Fixed 2 duplicate /gene - deoR_1 deoR_2
[17:07:03] Fixed 2 duplicate /gene - rrrD_1 rrrD_2
[17:07:03] Fixed 2 duplicate /gene - mlc_1 mlc_2
[17:07:03] Fixed 2 duplicate /gene - srmB_1 srmB_2
[17:07:03] Fixed 2 duplicate /gene - pitA_1 pitA_2
[17:07:03] Fixed 2 duplicate /gene - tmk_1 tmk_2
[17:07:03] Fixed 2 duplicate /gene - yhaJ_1 yhaJ_2
[17:07:03] Fixed 2 duplicate /gene - gatB_1 gatB_2
[17:07:03] Fixed 2 duplicate /gene - mepS_1 mepS_2
[17:07:03] Fixed 2 duplicate /gene - fdnG_1 fdnG_2
[17:07:03] Fixed 2 duplicate /gene - kdgR_1 kdgR_2
[17:07:03] Fixed 2 duplicate /gene - purR_1 purR_2
[17:07:03] Fixed 2 duplicate /gene - agaC_1 agaC_2
[17:07:03] Fixed 2 duplicate /gene - manZ_1 manZ_2
[17:07:03] Fixed 2 duplicate /gene - rhtC_1 rhtC_2
[17:07:03] Fixed 2 duplicate /gene - dmsB_1 dmsB_2
[17:07:03] Fixed 2 duplicate /gene - prs_1 prs_2
[17:07:03] Fixed 3 duplicate /gene - pncC_1 pncC_2 pncC_3
[17:07:03] Fixed 2 duplicate /gene - trmH_1 trmH_2
[17:07:03] Fixed 2 duplicate /gene - fimD_1 fimD_2
[17:07:03] Fixed 2 duplicate /gene - nlpD_1 nlpD_2
[17:07:03] Fixed 2 duplicate /gene - fryB_1 fryB_2
[17:07:03] Fixed 2 duplicate /gene - lon_1 lon_2
[17:07:03] Fixed 2 duplicate /gene - sapB_1 sapB_2
[17:07:03] Fixed 2 duplicate /gene - chuR_1 chuR_2
[17:07:03] Fixed 2 duplicate /gene - oxyR_1 oxyR_2
[17:07:03] Fixed 2 duplicate /gene - lptG_1 lptG_2
[17:07:03] Fixed 2 duplicate /gene - hdfR_1 hdfR_2
[17:07:03] Fixed 2 duplicate /gene - dadA_1 dadA_2
[17:07:03] Fixed 2 duplicate /gene - mdh_1 mdh_2
[17:07:03] Fixed 2 duplicate /gene - dcuD_1 dcuD_2
[17:07:03] Fixed 2 duplicate /gene - icd_1 icd_2
[17:07:03] Fixed 2 duplicate /gene - lptB_1 lptB_2
[17:07:03] Fixed 2 duplicate /gene - aspT_1 aspT_2
[17:07:03] Fixed 5 duplicate /gene - rhaR_1 rhaR_2 rhaR_3 rhaR_4 rhaR_5
[17:07:03] Fixed 2 duplicate /gene - nanR_1 nanR_2
[17:07:03] Fixed 2 duplicate /gene - acrB_1 acrB_2
[17:07:03] Fixed 2 duplicate /gene - rpe_1 rpe_2
[17:07:03] Fixed 2 duplicate /gene - intS_1 intS_2
[17:07:03] Fixed 2 duplicate /gene - cutC_1 cutC_2
[17:07:03] Fixed 3 duplicate /gene - glnQ_1 glnQ_2 glnQ_3
[17:07:03] Fixed 2 duplicate /gene - ccmH_1 ccmH_2
[17:07:03] Fixed 2 duplicate /gene - melR_1 melR_2
[17:07:03] Fixed 2 duplicate /gene - lolD_1 lolD_2
[17:07:03] Fixed 2 duplicate /gene - yihP_1 yihP_2
[17:07:03] Fixed 2 duplicate /gene - acrR_1 acrR_2
[17:07:03] Fixed 2 duplicate /gene - psuK_1 psuK_2
[17:07:03] Fixed 2 duplicate /gene - flhA_1 flhA_2
[17:07:03] Fixed 2 duplicate /gene - hycG_1 hycG_2
[17:07:03] Fixed 2 duplicate /gene - kefC_1 kefC_2
[17:07:03] Fixed 2 duplicate /gene - ygiW_1 ygiW_2
[17:07:03] Fixed 2 duplicate /gene - bglH_1 bglH_2
[17:07:03] Fixed 2 duplicate /gene - coaA_1 coaA_2
[17:07:03] Fixed 2 duplicate /gene - csgG_1 csgG_2
[17:07:03] Fixed 2 duplicate /gene - mdtF_1 mdtF_2
[17:07:03] Fixed 2 duplicate /gene - ubiJ_1 ubiJ_2
[17:07:03] Fixed 2 duplicate /gene - rhsD_1 rhsD_2
[17:07:03] Fixed 2 duplicate /gene - mngR_1 mngR_2
[17:07:03] Fixed 2 duplicate /gene - cysE_1 cysE_2
[17:07:03] Fixed 2 duplicate /gene - pal_1 pal_2
[17:07:03] Fixed 2 duplicate /gene - ompC_1 ompC_2
[17:07:03] Fixed 2 duplicate /gene - ompN_1 ompN_2
[17:07:03] Fixed 2 duplicate /gene - papD_1 papD_2
[17:07:03] Fixed 2 duplicate /gene - ccmF_1 ccmF_2
[17:07:03] Fixed 2 duplicate /gene - yhdJ_1 yhdJ_2
[17:07:03] Fixed 2 duplicate /gene - tuf_1 tuf_2
[17:07:03] Fixed 2 duplicate /gene - dnaK_1 dnaK_2
[17:07:03] Fixed 2 duplicate /gene - ndhI_1 ndhI_2
[17:07:03] Fixed 2 duplicate /gene - aaeB_1 aaeB_2
[17:07:03] Fixed 2 duplicate /gene - mtlA_1 mtlA_2
[17:07:03] Fixed 2 duplicate /gene - glnH_1 glnH_2
[17:07:03] Fixed 2 duplicate /gene - btuB_1 btuB_2
[17:07:03] Fixed 2 duplicate /gene - tdh_1 tdh_2
[17:07:03] Fixed 2 duplicate /gene - fryA_1 fryA_2
[17:07:03] Fixed 2 duplicate /gene - rbsA_1 rbsA_2
[17:07:03] Fixed 2 duplicate /gene - ssuC_1 ssuC_2
[17:07:03] Fixed 2 duplicate /gene - intA_1 intA_2
[17:07:03] Fixed 3 duplicate /gene - xerC_1 xerC_2 xerC_3
[17:07:03] Fixed 2 duplicate /gene - opgE_1 opgE_2
[17:07:03] Fixed 3 duplicate /gene - potA_1 potA_2 potA_3
[17:07:03] Fixed 2 duplicate /gene - gltC_1 gltC_2
[17:07:03] Fixed 2 duplicate /gene - caiA_1 caiA_2
[17:07:03] Fixed 2 duplicate /gene - ftsA_1 ftsA_2
[17:07:03] Fixed 2 duplicate /gene - fimF_1 fimF_2
[17:07:03] Fixed 2 duplicate /gene - cspG_1 cspG_2
[17:07:03] Fixed 3 duplicate /gene - ydcV_1 ydcV_2 ydcV_3
[17:07:03] Fixed 2 duplicate /gene - caiT_1 caiT_2
[17:07:03] Fixed 2 duplicate /gene - ybeM_1 ybeM_2
[17:07:03] Fixed 2 duplicate /gene - yrdA_1 yrdA_2
[17:07:03] Fixed 2 duplicate /gene - gltF_1 gltF_2
[17:07:03] Fixed 2 duplicate /gene - ttdT_1 ttdT_2
[17:07:03] Fixed 2 duplicate /gene - gnsA_1 gnsA_2
[17:07:03] Fixed 2 duplicate /gene - sbmC_1 sbmC_2
[17:07:03] Fixed 2 duplicate /gene - dmsC_1 dmsC_2
[17:07:03] Fixed 2 duplicate /gene - gntR_1 gntR_2
[17:07:03] Fixed 2 duplicate /gene - pspB_1 pspB_2
[17:07:03] Fixed 3 duplicate /gene - btuD_1 btuD_2 btuD_3
[17:07:03] Fixed 2 duplicate /gene - aaeA_1 aaeA_2
[17:07:03] Fixed 2 duplicate /gene - aglB_1 aglB_2
[17:07:03] Fixed 2 duplicate /gene - arcC2_1 arcC2_2
[17:07:03] Fixed 2 duplicate /gene - pgrR_1 pgrR_2
[17:07:03] Fixed 3 duplicate /gene - bhsA_1 bhsA_2 bhsA_3
[17:07:03] Fixed 5 duplicate /gene - srlR_1 srlR_2 srlR_3 srlR_4 srlR_5
[17:07:03] Fixed 5 duplicate /gene - dmlR_1 dmlR_2 dmlR_3 dmlR_4 dmlR_5
[17:07:03] Fixed 2 duplicate /gene - pphA_1 pphA_2
[17:07:03] Fixed 2 duplicate /gene - leuC_1 leuC_2
[17:07:03] Fixed 4 duplicate /gene - rhsC_1 rhsC_2 rhsC_3 rhsC_4
[17:07:03] Fixed 2 duplicate /gene - fdrA_1 fdrA_2
[17:07:03] Fixed 2 duplicate /gene - yiaW_1 yiaW_2
[17:07:03] Fixed 2 duplicate /gene - ydjF_1 ydjF_2
[17:07:03] Fixed 2 duplicate /gene - hokC_1 hokC_2
[17:07:03] Fixed 2 duplicate /gene - fixA_1 fixA_2
[17:07:03] Fixed 2 duplicate /gene - icsA_1 icsA_2
[17:07:03] Fixed 2 duplicate /gene - ydhX_1 ydhX_2
[17:07:03] Fixed 2 duplicate /gene - rlhA_1 rlhA_2
[17:07:03] Fixed 2 duplicate /gene - gadX_1 gadX_2
[17:07:03] Fixed 2 duplicate /gene - efeU_1 efeU_2
[17:07:03] Fixed 2 duplicate /gene - nuoL_1 nuoL_2
[17:07:03] Fixed 2 duplicate /gene - oleD_1 oleD_2
[17:07:03] Fixed 3 duplicate /gene - era_1 era_2 era_3
[17:07:03] Fixed 2 duplicate /gene - yibA_1 yibA_2
[17:07:03] Fixed 2 duplicate /gene - artM_1 artM_2
[17:07:03] Fixed 205 colliding /gene names.
[17:07:03] Adding /locus_tag identifiers
[17:07:04] Assigned 4398 locus_tags to CDS and RNA features.
[17:07:04] Writing outputs to /Volumes/Ananda_Bioinformatics/Bioinformatic-Work-July-2020/Quinn/S1/PRJNA701008/
[17:07:06] Generating annotation statistics file
[17:07:06] Generating Genbank and Sequin files
[17:07:06] Running: tbl2asn -V b -a r10k -l paired-ends -M n -N 1 -y 'Annotated using prokka 1.14.6 from https://github.com/tseemann/prokka' -Z \/Volumes\/Ananda_Bioinformatics\/Bioinformatic\-Work\-July\-2020\/Quinn\/S1\/PRJNA701008\/JS526\.err -i \/Volumes\/Ananda_Bioinformatics\/Bioinformatic\-Work\-July\-2020\/Quinn\/S1\/PRJNA701008\/JS526\.fsa 2> /dev/null
[17:07:18] Could not run command: tbl2asn -V b -a r10k -l paired-ends -M n -N 1 -y 'Annotated using prokka 1.14.6 from https://github.com/tseemann/prokka' -Z \/Volumes\/Ananda_Bioinformatics\/Bioinformatic\-Work\-July\-2020\/Quinn\/S1\/PRJNA701008\/JS526\.err -i \/Volumes\/Ananda_Bioinformatics\/Bioinformatic\-Work\-July\-2020\/Quinn\/S1\/PRJNA701008\/JS526\.fsa 2> /dev/null
