[2021-02-10 13:32:32] INFO: CheckM v1.0.18
[2021-02-10 13:32:32] INFO: checkm lineage_wf ./Bins-Chr/ -x fasta -t 10 --pplacer_threads 10 --tab_table CheckM-Bins-Chr
[2021-02-10 13:32:32] INFO: [CheckM - tree] Placing bins in reference genome tree.
[2021-02-10 13:32:32] INFO: Identifying marker genes in 2 bins with 10 threads:
[2021-02-10 13:33:36] INFO: Saving HMM info to file.
[2021-02-10 13:33:36] INFO: Calculating genome statistics for 2 bins with 10 threads:
[2021-02-10 13:33:36] INFO: Extracting marker genes to align.
[2021-02-10 13:33:36] INFO: Parsing HMM hits to marker genes:
[2021-02-10 13:33:36] INFO: Extracting 43 HMMs with 10 threads:
[2021-02-10 13:33:36] INFO: Aligning 43 marker genes with 10 threads:
[2021-02-10 13:33:37] INFO: Reading marker alignment files.
[2021-02-10 13:33:37] INFO: Concatenating alignments.
[2021-02-10 13:33:37] INFO: Placing 2 bins into the genome tree with pplacer (be patient).
[2021-02-10 13:38:16] INFO: { Current stage: 0:05:43.563 || Total: 0:05:43.563 }
[2021-02-10 13:38:16] INFO: [CheckM - lineage_set] Inferring lineage-specific marker sets.
[2021-02-10 13:38:16] INFO: Reading HMM info from file.
[2021-02-10 13:38:16] INFO: Parsing HMM hits to marker genes:
[2021-02-10 13:38:16] INFO: Determining marker sets for each genome bin.
[2021-02-10 13:38:17] INFO: Marker set written to: CheckM-Bins-Chr/lineage.ms
[2021-02-10 13:38:17] INFO: { Current stage: 0:00:01.623 || Total: 0:05:45.187 }
[2021-02-10 13:38:17] INFO: [CheckM - analyze] Identifying marker genes in bins.
[2021-02-10 13:38:18] INFO: Identifying marker genes in 2 bins with 10 threads:
[2021-02-10 13:41:18] INFO: Saving HMM info to file.
[2021-02-10 13:41:19] INFO: { Current stage: 0:03:01.242 || Total: 0:08:46.429 }
[2021-02-10 13:41:19] INFO: Parsing HMM hits to marker genes:
[2021-02-10 13:41:20] INFO: Aligning marker genes with multiple hits in a single bin:
[2021-02-10 13:41:21] INFO: { Current stage: 0:00:02.268 || Total: 0:08:48.698 }
[2021-02-10 13:41:21] INFO: Calculating genome statistics for 2 bins with 10 threads:
[2021-02-10 13:41:21] INFO: { Current stage: 0:00:00.313 || Total: 0:08:49.011 }
[2021-02-10 13:41:21] INFO: [CheckM - qa] Tabulating genome statistics.
[2021-02-10 13:41:21] INFO: Calculating AAI between multi-copy marker genes.
[2021-02-10 13:41:21] INFO: Reading HMM info from file.
[2021-02-10 13:41:23] INFO: Parsing HMM hits to marker genes:
[2021-02-10 13:41:24] INFO: { Current stage: 0:00:03.235 || Total: 0:08:52.246 }
