[15:39:31] This is prokka 1.14.6
[15:39:31] Written by Torsten Seemann <torsten.seemann@gmail.com>
[15:39:31] Homepage is https://github.com/tseemann/prokka
[15:39:31] Local time is Tue Feb  9 15:39:31 2021
[15:39:31] You are anandabhattacharjee
[15:39:31] Operating system is darwin
[15:39:31] You have BioPerl 1.007002
[15:39:32] System has 4 cores.
[15:39:32] Option --cpu asked for 8 cores, but system only has 4
[15:39:32] Will use maximum of 4 cores.
[15:39:32] Annotating as >>> Bacteria <<<
[15:39:32] Enabling options to ensure Genbank/ENA/DDJB submission compliance.
[15:39:32] Creating new output folder: /Volumes/Ananda_Bioinformatics/Bioinformatic-Work-July-2020/Quinn/S1/PRJNA701008
[15:39:32] Running: mkdir -p \/Volumes\/Ananda_Bioinformatics\/Bioinformatic\-Work\-July\-2020\/Quinn\/S1\/PRJNA701008
[15:39:32] Using filename prefix: JS526.XXX
[15:39:32] Setting HMMER_NCPU=1
[15:39:32] Writing log to: /Volumes/Ananda_Bioinformatics/Bioinformatic-Work-July-2020/Quinn/S1/PRJNA701008/JS526.log
[15:39:32] Command: /opt/anaconda3/envs/PROKKA/bin/prokka --kingdom Bacteria --genus Escherichia --compliant --outdir /Volumes/Ananda_Bioinformatics/Bioinformatic-Work-July-2020/Quinn/S1/PRJNA701008 --locustag JS526 --prefix JS526 ./Mauve-Analysis/ReOrdering/alignment2-Final/17802x2-S2-Assembly.fasta
[15:39:32] Appending to PATH: /opt/anaconda3/envs/PROKKA/bin
[15:39:32] Looking for 'aragorn' - found /opt/anaconda3/envs/PROKKA/bin/aragorn
[15:39:32] Determined aragorn version is 001002 from 'ARAGORN v1.2.38 Dean Laslett'
[15:39:32] Looking for 'barrnap' - found /opt/anaconda3/envs/PROKKA/bin/barrnap
[15:39:32] Determined barrnap version is 000009 from 'barrnap 0.9'
[15:39:32] Looking for 'blastp' - found /opt/anaconda3/envs/PROKKA/bin/blastp
[15:39:32] Determined blastp version is 002010 from 'blastp: 2.10.1+'
[15:39:32] Looking for 'cmpress' - found /opt/anaconda3/envs/PROKKA/bin/cmpress
[15:39:32] Determined cmpress version is 001001 from '# INFERNAL 1.1.2 (July 2016)'
[15:39:32] Looking for 'cmscan' - found /opt/anaconda3/envs/PROKKA/bin/cmscan
[15:39:32] Determined cmscan version is 001001 from '# INFERNAL 1.1.2 (July 2016)'
[15:39:32] Looking for 'egrep' - found /usr/bin/egrep
[15:39:32] Looking for 'find' - found /usr/bin/find
[15:39:32] Looking for 'grep' - found /usr/bin/grep
[15:39:32] Looking for 'hmmpress' - found /opt/anaconda3/envs/PROKKA/bin/hmmpress
[15:39:32] Determined hmmpress version is 003003 from '# HMMER 3.3 (Nov 2019); http://hmmer.org/'
[15:39:32] Looking for 'hmmscan' - found /opt/anaconda3/envs/PROKKA/bin/hmmscan
[15:39:32] Determined hmmscan version is 003003 from '# HMMER 3.3 (Nov 2019); http://hmmer.org/'
[15:39:32] Looking for 'java' - found /opt/anaconda3/envs/PROKKA/bin/java
[15:39:32] Looking for 'makeblastdb' - found /opt/anaconda3/envs/PROKKA/bin/makeblastdb
[15:39:32] Determined makeblastdb version is 002010 from 'makeblastdb: 2.10.1+'
[15:39:32] Looking for 'minced' - found /opt/anaconda3/envs/PROKKA/bin/minced
[15:39:32] Determined minced version is 004002 from 'minced 0.4.2'
[15:39:32] Looking for 'parallel' - found /opt/anaconda3/envs/PROKKA/bin/parallel
[15:39:32] Determined parallel version is 20200722 from 'GNU parallel 20200722'
[15:39:32] Looking for 'prodigal' - found /opt/anaconda3/envs/PROKKA/bin/prodigal
[15:39:32] Determined prodigal version is 002006 from 'Prodigal V2.6.3: February, 2016'
[15:39:32] Looking for 'prokka-genbank_to_fasta_db' - found /opt/anaconda3/envs/PROKKA/bin/prokka-genbank_to_fasta_db
[15:39:32] Looking for 'sed' - found /usr/bin/sed
[15:39:32] Looking for 'tbl2asn' - found /opt/anaconda3/envs/PROKKA/bin/tbl2asn
[15:39:32] Determined tbl2asn version is 025007 from 'tbl2asn 25.7   arguments:'
[15:39:32] Using genetic code table 11.
[15:39:32] Loading and checking input file: ./Mauve-Analysis/ReOrdering/alignment2-Final/17802x2-S2-Assembly.fasta
[15:39:33] Wrote 86 contigs totalling 4657195 bp.
[15:39:33] Predicting tRNAs and tmRNAs
[15:39:33] Running: aragorn -l -gc11  -w \/Volumes\/Ananda_Bioinformatics\/Bioinformatic\-Work\-July\-2020\/Quinn\/S1\/PRJNA701008\/JS526\.fna
[15:39:35] 1 tRNA-Asp [7988,8064] 35 (gtc)
[15:39:35] 2 tRNA-Thr [33152,33227] 34 (cgt)
[15:39:35] 1 tRNA-Met c[48739,48815] 35 (cat)
[15:39:35] 2 tRNA-Met c[48849,48925] 35 (cat)
[15:39:35] 3 tRNA-Ser [177666,177758] 35 (gct)
[15:39:35] 4 tRNA-Arg [177762,177838] 35 (acg)
[15:39:35] 5 tRNA-Arg c[177782,177853] 34 (tcg)
[15:39:35] 6 tRNA-Arg [178037,178113] 35 (acg)
[15:39:35] 7 tRNA-Arg [178176,178252] 35 (acg)
[15:39:35] 8 tRNA-Arg [178451,178527] 35 (acg)
[15:39:35] 9 tRNA-Met [210474,210549] 34 (cat)
[15:39:35] 10 tmRNA c[240356,240718] 90,125 ANDENYALAA**
[15:39:35] 1 tRNA-Arg [38066,38142] 35 (tct)
[15:39:35] 1 tRNA-Lys c[204706,204781] 34 (ttt)
[15:39:35] 2 tRNA-Val c[204786,204861] 34 (tac)
[15:39:35] 3 tRNA-Val c[204908,204983] 34 (tac)
[15:39:35] 4 tRNA-Val c[205028,205103] 34 (tac)
[15:39:35] 5 tRNA-Ala [207803,207878] 34 (ggc)
[15:39:35] 6 tRNA-Ala [207918,207993] 34 (tgc)
[15:39:35] 1 tRNA-Arg c[47953,48027] 34 (cct)
[15:39:35] 1 tRNA-Ser c[9077,9164] 35 (gga)
[15:39:35] 2 tRNA-Ser c[114818,114905] 35 (tga)
[15:39:35] 1 tRNA-Val c[132041,132117] 35 (gac)
[15:39:35] 2 tRNA-Val c[132122,132198] 35 (gac)
[15:39:35] 1 tRNA-Tyr [107282,107366] 35 (gta)
[15:39:35] 2 tRNA-Tyr [107576,107660] 35 (gta)
[15:39:35] 1 tRNA-Ser [110154,110241] 35 (gga)
[15:39:35] 1 tRNA-Leu c[18509,18595] 35 (taa)
[15:39:35] 2 tRNA-Cys c[18608,18681] 33 (gca)
[15:39:35] 3 tRNA-Gly c[18736,18811] 34 (gcc)
[15:39:35] 4 tRNA-Ser c[70162,70251] 35 (cga)
[15:39:35] 5 tRNA-Asn [71243,71318] 34 (gtt)
[15:39:35] 6 tRNA-Asn c[84721,84796] 34 (gtt)
[15:39:35] 7 tRNA-Asn [86545,86620] 34 (gtt)
[15:39:35] 8 tRNA-Asn [88954,89029] 34 (gtt)
[15:39:35] 1 tRNA-Pro [156428,156504] 35 (ggg)
[15:39:35] 1 tRNA-Lys c[44206,44281] 34 (ttt)
[15:39:35] 2 tRNA-Lys c[44414,44489] 34 (ttt)
[15:39:35] 3 tRNA-Lys c[44636,44711] 34 (ttt)
[15:39:35] 4 tRNA-Val c[44715,44790] 34 (tac)
[15:39:35] 5 tRNA-Lys c[44940,45015] 34 (ttt)
[15:39:35] 6 tRNA-Val c[45018,45093] 34 (tac)
[15:39:35] 7 tRNA-Lys c[45229,45304] 34 (ttt)
[15:39:35] 1 tRNA-Met [32732,32808] 35 (cat)
[15:39:35] 2 tRNA-Leu [32818,32902] 35 (tag)
[15:39:35] 3 tRNA-Gln [32926,33000] 33 (ttg)
[15:39:35] 4 tRNA-Gln [33035,33109] 33 (ttg)
[15:39:35] 5 tRNA-Met [33125,33201] 35 (cat)
[15:39:35] 6 tRNA-Gln [33249,33323] 33 (ctg)
[15:39:35] 7 tRNA-Pyl [33361,33435] 33 (cta)
[15:39:35] 1 tRNA-Ser c[12361,12441] 38 (gga)
[15:39:35] 1 tRNA-Gly c[1353,1426] 33 (ccc)
[15:39:35] 2 tRNA-Phe [112735,112810] 34 (gaa)
[15:39:35] 1 tRNA-Leu [50701,50787] 35 (cag)
[15:39:35] 2 tRNA-Leu [50816,50902] 35 (cag)
[15:39:35] 3 tRNA-Leu [50937,51023] 35 (cag)
[15:39:35] 1 tRNA-Met [28234,28309] 34 (cat)
[15:39:35] 2 tRNA-Met c[130736,130812] 35 (cat)
[15:39:35] 3 tRNA-Leu c[134595,134681] 35 (gag)
[15:39:35] 4 tRNA-Thr c[234904,234979] 34 (ggt)
[15:39:35] 1 tRNA-Pro c[41342,41418] 35 (cgg)
[15:39:35] 1 tRNA-Pro c[52568,52644] 35 (tgg)
[15:39:35] 2 tRNA-Leu c[52687,52773] 35 (cag)
[15:39:35] 3 tRNA-His c[52794,52869] 34 (gtg)
[15:39:35] 4 tRNA-Arg c[52928,53004] 35 (ccg)
[15:39:35] 1 tRNA-Trp c[17590,17665] 34 (cca)
[15:39:35] 1 tRNA-Thr c[313,388] 34 (ggt)
[15:39:35] 2 tRNA-Gly c[395,469] 34 (tcc)
[15:39:35] 3 tRNA-Tyr c[586,670] 35 (gta)
[15:39:35] 4 tRNA-Thr c[679,754] 34 (tgt)
[15:39:35] 1 tRNA-SeC [70459,70553] 35 (tca)
[15:39:35] 1 tRNA-Phe c[75262,75337] 34 (gaa)
[15:39:35] 2 tRNA-Gly [105071,105146] 34 (gcc)
[15:39:35] 3 tRNA-Gly [105183,105258] 34 (gcc)
[15:39:35] 4 tRNA-Gly [105294,105369] 34 (gcc)
[15:39:35] 1 tRNA-Leu [15666,15750] 35 (caa)
[15:39:35] Found 76 tRNAs
[15:39:35] Predicting Ribosomal RNAs
[15:39:35] Running Barrnap with 4 threads
[15:39:36] 1 gnl|Prokka|JS526_41 234752 5S ribosomal RNA
[15:39:36] 2 gnl|Prokka|JS526_51 125903 5S ribosomal RNA (partial)
[15:39:36] 3 gnl|Prokka|JS526_53 57 5S ribosomal RNA
[15:39:36] 4 gnl|Prokka|JS526_63 1115 23S ribosomal RNA (partial)
[15:39:36] 5 gnl|Prokka|JS526_66 1 16S ribosomal RNA
[15:39:36] Found 5 rRNAs
[15:39:36] Skipping ncRNA search, enable with --rfam if desired.
[15:39:36] Total of 80 tRNA + rRNA features
[15:39:36] Searching for CRISPR repeats
[15:39:36] CRISPR1 gnl|Prokka|JS526_4 91905 with 7 spacers
[15:39:36] CRISPR2 gnl|Prokka|JS526_4 117849 with 13 spacers
[15:39:36] Found 2 CRISPRs
[15:39:36] Predicting coding sequences
[15:39:36] Contigs total 4657195 bp, so using single mode
[15:39:36] Running: prodigal -i \/Volumes\/Ananda_Bioinformatics\/Bioinformatic\-Work\-July\-2020\/Quinn\/S1\/PRJNA701008\/JS526\.fna -c -m -g 11 -p single -f sco -q
[15:39:41] Excluding CDS which overlaps existing RNA (tRNA) at gnl|Prokka|JS526_4:177918..178388 on - strand
[15:39:42] Excluding CDS which overlaps existing RNA (tRNA) at gnl|Prokka|JS526_19:107273..107839 on - strand
[15:39:44] Excluding CDS which overlaps existing RNA (rRNA) at gnl|Prokka|JS526_66:915..1169 on + strand
[15:39:44] Found 4357 CDS
[15:39:44] Connecting features back to sequences
[15:39:44] Not using genus-specific database. Try --usegenus to enable it.
[15:39:44] Annotating CDS, please be patient.
[15:39:44] Will use 4 CPUs for similarity searching.
[15:39:45] There are still 4357 unannotated CDS left (started with 4357)
[15:39:45] Will use blast to search against /opt/anaconda3/envs/PROKKA/db/kingdom/Bacteria/IS with 4 CPUs
[15:39:45] Running: cat \/Volumes\/Ananda_Bioinformatics\/Bioinformatic\-Work\-July\-2020\/Quinn\/S1\/PRJNA701008\/JS526\.IS\.tmp\.4373\.faa | parallel --gnu --plain -j 4 --block 173357 --recstart '>' --pipe blastp -query - -db /opt/anaconda3/envs/PROKKA/db/kingdom/Bacteria/IS -evalue 1e-30 -qcov_hsp_perc 90 -num_threads 1 -num_descriptions 1 -num_alignments 1 -seg no > \/Volumes\/Ananda_Bioinformatics\/Bioinformatic\-Work\-July\-2020\/Quinn\/S1\/PRJNA701008\/JS526\.IS\.tmp\.4373\.blast 2> /dev/null
[15:40:06] Deleting unwanted file: /Volumes/Ananda_Bioinformatics/Bioinformatic-Work-July-2020/Quinn/S1/PRJNA701008/JS526.IS.tmp.4373.faa
[15:40:06] Deleting unwanted file: /Volumes/Ananda_Bioinformatics/Bioinformatic-Work-July-2020/Quinn/S1/PRJNA701008/JS526.IS.tmp.4373.blast
[15:40:07] There are still 4325 unannotated CDS left (started with 4357)
[15:40:07] Will use blast to search against /opt/anaconda3/envs/PROKKA/db/kingdom/Bacteria/AMR with 4 CPUs
[15:40:07] Running: cat \/Volumes\/Ananda_Bioinformatics\/Bioinformatic\-Work\-July\-2020\/Quinn\/S1\/PRJNA701008\/JS526\.AMR\.tmp\.4373\.faa | parallel --gnu --plain -j 4 --block 172335 --recstart '>' --pipe blastp -query - -db /opt/anaconda3/envs/PROKKA/db/kingdom/Bacteria/AMR -evalue 9.99999999999999e-301 -qcov_hsp_perc 90 -num_threads 1 -num_descriptions 1 -num_alignments 1 -seg no > \/Volumes\/Ananda_Bioinformatics\/Bioinformatic\-Work\-July\-2020\/Quinn\/S1\/PRJNA701008\/JS526\.AMR\.tmp\.4373\.blast 2> /dev/null
[15:40:24] Deleting unwanted file: /Volumes/Ananda_Bioinformatics/Bioinformatic-Work-July-2020/Quinn/S1/PRJNA701008/JS526.AMR.tmp.4373.faa
[15:40:24] Deleting unwanted file: /Volumes/Ananda_Bioinformatics/Bioinformatic-Work-July-2020/Quinn/S1/PRJNA701008/JS526.AMR.tmp.4373.blast
[15:40:25] There are still 4325 unannotated CDS left (started with 4357)
[15:40:25] Will use blast to search against /opt/anaconda3/envs/PROKKA/db/kingdom/Bacteria/sprot with 4 CPUs
[15:40:25] Running: cat \/Volumes\/Ananda_Bioinformatics\/Bioinformatic\-Work\-July\-2020\/Quinn\/S1\/PRJNA701008\/JS526\.sprot\.tmp\.4373\.faa | parallel --gnu --plain -j 4 --block 172335 --recstart '>' --pipe blastp -query - -db /opt/anaconda3/envs/PROKKA/db/kingdom/Bacteria/sprot -evalue 1e-09 -qcov_hsp_perc 80 -num_threads 1 -num_descriptions 1 -num_alignments 1 -seg no > \/Volumes\/Ananda_Bioinformatics\/Bioinformatic\-Work\-July\-2020\/Quinn\/S1\/PRJNA701008\/JS526\.sprot\.tmp\.4373\.blast 2> /dev/null
[15:41:55] Modify product: Probable peptidoglycan glycosyltransferase FtsW => putative peptidoglycan glycosyltransferase FtsW
[15:41:55] Modify product: UPF0231 protein YacL => hypothetical protein
[15:41:55] Modify product: Uncharacterized ABC transporter ATP-binding protein YadG => putative ABC transporter ATP-binding protein YadG
[15:41:55] Modify product: Uncharacterized fimbrial-like protein YadC => putative fimbrial-like protein YadC
[15:41:55] Modify product: Uncharacterized fimbrial-like protein YadK => putative fimbrial-like protein YadK
[15:41:55] Modify product: Uncharacterized fimbrial-like protein YadL => putative fimbrial-like protein YadL
[15:41:55] Modify product: Uncharacterized fimbrial-like protein YadM => putative fimbrial-like protein YadM
[15:41:55] Modify product: Probable fimbrial chaperone YadV => putative fimbrial chaperone YadV
[15:41:55] Modify product: Uncharacterized fimbrial-like protein YadN => putative fimbrial-like protein YadN
[15:41:55] Modify product: UPF0126 inner membrane protein YadS => hypothetical protein
[15:41:55] Modify product: UPF0253 protein YaeP => hypothetical protein
[15:41:55] Modify product: Uncharacterized protein YaeQ => putative protein YaeQ
[15:41:55] Modify product: Uncharacterized methyltransferase YcgJ => putative methyltransferase YcgJ
[15:41:55] Modify product: Uncharacterized N-acetyltransferase YafP => putative N-acetyltransferase YafP
[15:41:55] Modify product: UPF0255 protein VV1_0328 => hypothetical protein
[15:41:55] Modify product: UPF0758 protein => hypothetical protein
[15:41:55] Modify product: UPF0401 protein YkfF => hypothetical protein
[15:41:55] Modify product: Uncharacterized response regulatory protein YgeK => putative response regulatory protein YgeK
[15:41:55] Modify product: Uncharacterized lipoprotein YgdR => putative lipoprotein YgdR
[15:41:55] Modify product: UPF0053 inner membrane protein YgdQ => hypothetical protein
[15:41:55] Modify product: Uncharacterized lipoprotein YgdR => putative lipoprotein YgdR
[15:41:55] Modify product: UPF0382 inner membrane protein YgdD => hypothetical protein
[15:41:55] Modify product: Uncharacterized HTH-type transcriptional regulator YdjF => putative HTH-type transcriptional regulator YdjF
[15:41:55] Modify product: Uncharacterized protein YqcC => putative protein YqcC
[15:41:55] Modify product: Uncharacterized protein PA3435 => putative protein
[15:41:55] Modify product: Probable glucarate transporter => putative glucarate transporter
[15:41:55] Modify product: Uncharacterized protein YqcG => putative protein YqcG
[15:41:55] Modify product: Uncharacterized protein YgcP => putative protein YgcP
[15:41:55] Modify product: Probable transporter SCO4007 => putative transporter
[15:41:55] Modify product: Probable transporter SCO4007 => putative transporter
[15:41:55] Modify product: Uncharacterized protein YgaM => putative protein YgaM
[15:41:55] Modify product: Probable HTH-type transcriptional regulator YgaV => putative HTH-type transcriptional regulator YgaV
[15:41:55] Modify product: Probable autotransporter ROD_p1121 => putative autotransporter
[15:41:55] Modify product: UPF0125 protein RatB => hypothetical protein
[15:41:55] Modify product: UPF0053 inner membrane protein YfjD => hypothetical protein
[15:41:55] Modify product: Uncharacterized protein YbbC => putative protein YbbC
[15:41:55] Modify product: Uncharacterized protein YbcJ => putative protein YbcJ
[15:41:55] Modify product: Bifunctional protein FolD => Bifunctional protein FolD protein
[15:41:55] Modify product: Uncharacterized fimbrial-like protein SfmA => putative fimbrial-like protein SfmA
[15:41:55] Modify product: Probable fimbrial chaperone SfmC => putative fimbrial chaperone SfmC
[15:41:55] Modify product: Uncharacterized fimbrial-like protein SfmH => putative fimbrial-like protein SfmH
[15:41:55] Modify product: Uncharacterized fimbrial-like protein SfmF => putative fimbrial-like protein SfmF
[15:41:55] Modify product: Uncharacterized tRNA/rRNA methyltransferase YfiF => putative tRNA/rRNA methyltransferase YfiF
[15:41:55] Modify product: Uncharacterized protein YcbX => putative protein YcbX
[15:41:55] Modify product: UPF0319 protein HI_1681 => hypothetical protein
[15:41:55] Modify product: Uncharacterized protein YccU => putative protein YccU
[15:41:55] Modify product: Probable Ni/Fe-hydrogenase 1 B-type cytochrome subunit => putative Ni/Fe-hydrogenase 1 B-type cytochrome subunit
[15:41:55] Modify product: Uncharacterized lipoprotein GfcB => putative lipoprotein GfcB
[15:41:55] Modify product: Uncharacterized protein YccJ => putative protein YccJ
[15:41:55] Modify product: Probable malonic semialdehyde reductase RutE => putative malonic semialdehyde reductase RutE
[15:41:55] Modify product: Probable diguanylate cyclase DgcT => putative diguanylate cyclase DgcT
[15:41:55] Modify product: Probable transcriptional regulatory protein YebC => putative transcriptional regulatory protein YebC
[15:41:55] Modify product: Uncharacterized protein YebV => putative protein YebV
[15:41:55] Modify product: Probable manganese efflux pump MntP => putative manganese efflux pump MntP
[15:41:55] Modify product: UPF0266 membrane protein YobD => hypothetical protein
[15:41:55] Modify product: UPF0053 inner membrane protein YoaE => hypothetical protein
[15:41:55] Modify product: Probable cyclic di-GMP phosphodiesterase PdeD => putative cyclic di-GMP phosphodiesterase PdeD
[15:41:55] Modify product: Probable ATP-dependent DNA helicase YoaA => putative ATP-dependent DNA helicase YoaA
[15:41:55] Modify product: Uncharacterized protein YeaR => putative protein YeaR
[15:41:55] Modify product: Probable diguanylate cyclase DgcJ => putative diguanylate cyclase DgcJ
[15:41:55] Modify product: Probable diguanylate cyclase CdgI => putative diguanylate cyclase CdgI
[15:41:55] Modify product: Stress response UPF0229 protein YhbH => hypothetical protein
[15:41:55] Modify product: Uncharacterized zinc-type alcohol dehydrogenase-like protein YdjJ => putative zinc-type alcohol dehydrogenase-like protein YdjJ
[15:41:55] Modify product: Uncharacterized protein YdjI => putative protein YdjI
[15:41:55] Modify product: Uncharacterized sugar kinase YdjH => putative sugar kinase YdjH
[15:41:55] Modify product: Uncharacterized HTH-type transcriptional regulator YdjF => putative HTH-type transcriptional regulator YdjF
[15:41:55] Modify product: Probable ketoamine kinase lp_1983 => putative ketoamine kinase
[15:41:55] Modify product: Uncharacterized protein YniD => putative protein YniD
[15:41:56] Modify product: Uncharacterized protein YdiE => putative protein YdiE
[15:41:56] Modify product: Uncharacterized protein HI_1163 => putative protein
[15:41:56] Modify product: Probable ATP-dependent transporter SufC => putative ATP-dependent transporter SufC
[15:41:56] Modify product: Probable L,D-transpeptidase YnhG => putative L,D-transpeptidase YnhG
[15:41:56] Modify product: Uncharacterized ferredoxin-like protein YdhY => putative ferredoxin-like protein YdhY
[15:41:56] Modify product: Uncharacterized oxidoreductase YdhV => putative oxidoreductase YdhV
[15:41:56] Modify product: Uncharacterized protein YdhW => putative protein YdhW
[15:41:56] Modify product: Uncharacterized ferredoxin-like protein YdhX => putative ferredoxin-like protein YdhX
[15:41:56] Modify product: Uncharacterized protein YdhT => putative protein YdhT
[15:41:56] Modify product: Probable autotransporter ROD_p1121 => putative autotransporter
[15:41:56] Modify product: Uncharacterized HTH-type transcriptional regulator YahB => putative HTH-type transcriptional regulator YahB
[15:41:56] Modify product: Uncharacterized protein YnhF => putative protein YnhF
[15:41:56] Modify product: Uncharacterized oxidoreductase YdgJ => putative oxidoreductase YdgJ
[15:41:56] Modify product: Glucuronide carrier protein homolog => Glucuronide carrier protein 
[15:41:56] Modify product: Probable dimethyl sulfoxide reductase chain YnfF => putative dimethyl sulfoxide reductase chain YnfF
[15:41:56] Modify product: Uncharacterized protein YnfD => putative protein YnfD
[15:41:56] Modify product: UPF0482 protein YnfB => hypothetical protein
[15:41:56] Modify product: UPF0060 membrane protein YnfA => hypothetical protein
[15:41:56] Modify product: Uncharacterized isomerase YddE => putative isomerase YddE
[15:41:56] Modify product: Probable nitrate reductase molybdenum cofactor assembly chaperone NarW => putative nitrate reductase molybdenum cofactor assembly chaperone NarW
[15:41:56] Modify product: Uncharacterized HTH-type transcriptional regulator YddM => putative HTH-type transcriptional regulator YddM
[15:41:56] Modify product: Probable D,D-dipeptide transport ATP-binding protein DdpF => putative D,D-dipeptide transport ATP-binding protein DdpF
[15:41:56] Modify product: Probable D,D-dipeptide transport ATP-binding protein DdpD => putative D,D-dipeptide transport ATP-binding protein DdpD
[15:41:56] Modify product: Probable D,D-dipeptide transport system permease protein DdpC => putative D,D-dipeptide transport system permease protein DdpC
[15:41:56] Modify product: Probable D,D-dipeptide transport system permease protein DdpB => putative D,D-dipeptide transport system permease protein DdpB
[15:41:56] Modify product: Probable D,D-dipeptide-binding periplasmic protein DdpA => putative D,D-dipeptide-binding periplasmic protein DdpA
[15:41:56] Modify product: Probable glutamate/gamma-aminobutyrate antiporter => putative glutamate/gamma-aminobutyrate antiporter
[15:41:56] Modify product: Probable amino-acid metabolite efflux pump => putative amino-acid metabolite efflux pump
[15:41:56] Modify product: UPF0056 inner membrane protein MarC => hypothetical protein
[15:41:56] Modify product: Uncharacterized protein YncE => putative protein YncE
[15:41:56] Modify product: Uncharacterized protein YdcY => putative protein YdcY
[15:41:56] Modify product: Probable mRNA interferase toxin HicA => putative mRNA interferase toxin HicA
[15:41:56] Modify product: 23S rRNA 5-hydroxycytidine C2501 synthase => 23S rRNA 5-hydroxycytidine synthase
[15:41:56] Modify product: Uncharacterized protein Rv3292 => putative protein
[15:41:56] Modify product: Uncharacterized protein YnbD => putative protein YnbD
[15:41:56] Modify product: Uncharacterized protein YnbC => putative protein YnbC
[15:41:56] Modify product: Prophage tail fiber assembly protein homolog TfaE => Prophage tail fiber assembly protein TfaE
[15:41:56] Modify product: Uncharacterized protein YdaG => putative protein YdaG
[15:41:56] Modify product: Probable DNA endonuclease SmrA => putative DNA endonuclease SmrA
[15:41:56] Modify product: Uncharacterized protein YcjY => putative protein YcjY
[15:41:56] Modify product: UPF0283 membrane protein YcjF => hypothetical protein
[15:41:56] Modify product: Uncharacterized protein YcjX => putative protein YcjX
[15:41:56] Modify product: UPF0509 protein YciZ => hypothetical protein
[15:41:56] Modify product: Uncharacterized protein YciH => putative protein YciH
[15:41:56] Modify product: Probable protease SohB => putative protease SohB
[15:41:56] Modify product: Uncharacterized oxidoreductase YciK => putative oxidoreductase YciK
[15:41:56] Modify product: Uncharacterized protein YciO => putative protein YciO
[15:41:56] Modify product: UPF0259 membrane protein YciC => hypothetical protein
[15:41:56] Modify product: Probable intracellular septation protein A => putative intracellular septation protein A
[15:41:56] Modify product: Uncharacterized acyl-CoA thioester hydrolase HI_0827 => putative acyl-CoA thioester hydrolase
[15:41:56] Modify product: UPF0263 protein YciU => hypothetical protein
[15:41:56] Modify product: UPF0056 inner membrane protein MarC => hypothetical protein
[15:41:56] Modify product: Uncharacterized NTE family protein Rv1063c => putative NTE family protein
[15:41:56] Modify product: UPF0225 protein YchJ => hypothetical protein
[15:41:56] Modify product: Uncharacterized protein YcgM => putative protein YcgM
[15:41:56] Modify product: UPF0757 protein YmgG => hypothetical protein
[15:41:56] Modify product: Uncharacterized protein YmgD => putative protein YmgD
[15:41:56] Modify product: Probable cyclic di-GMP phosphodiesterase PdeG => putative cyclic di-GMP phosphodiesterase PdeG
[15:41:56] Modify product: Uncharacterized protein YmgC => putative protein YmgC
[15:41:56] Modify product: Probable two-component-system connector protein AriR => putative two-component-system connector protein AriR
[15:41:56] Modify product: Probable two-component-system connector protein YcgZ => putative two-component-system connector protein YcgZ
[15:41:56] Modify product: Uncharacterized protein YdfO => putative protein YdfO
[15:41:56] Modify product: Probable L,D-transpeptidase YcfS => putative L,D-transpeptidase YcfS
[15:41:56] Modify product: UPF0227 protein YcfP => hypothetical protein
[15:41:56] Modify product: Uncharacterized metal-dependent hydrolase YcfH => putative metal-dependent hydrolase YcfH
[15:41:56] Modify product: UPF0502 protein YceH => hypothetical protein
[15:41:56] Modify product: Uncharacterized lipoprotein YceB => putative lipoprotein YceB
[15:41:56] Modify product: Uncharacterized protein YceO => putative protein YceO
[15:41:56] Modify product: Cytochrome b561 homolog 2 => Cytochrome b561 
[15:41:56] Modify product: UPF0176 protein YceA => hypothetical protein
[15:41:56] Modify product: Uncharacterized protein YmdA => putative protein YmdA
[15:41:56] Modify product: Probable phosphatase YcdX => putative phosphatase YcdX
[15:41:56] Modify product: UPF0394 inner membrane protein YedE => hypothetical protein
[15:41:56] Modify product: Uncharacterized N-acetyltransferase YsnE => putative N-acetyltransferase YsnE
[15:41:56] Modify product: Probable diguanylate cyclase DgcQ => putative diguanylate cyclase DgcQ
[15:41:56] Modify product: Uncharacterized inner membrane transporter YedA => putative inner membrane transporter YedA
[15:41:56] Modify product: Uncharacterized protein YedJ => putative protein YedJ
[15:41:56] Modify product: Cytochrome b561 homolog 1 => Cytochrome b561 
[15:41:56] Modify product: Probable transcriptional regulatory protein YeeN => putative transcriptional regulatory protein YeeN
[15:41:56] Modify product: Probable FMN/FAD exporter YeeO => putative FMN/FAD exporter YeeO
[15:41:56] Modify product: Probable L,D-transpeptidase ErfK/SrfK => putative L,D-transpeptidase ErfK/SrfK
[15:41:56] Modify product: UPF0265 protein YeeX => hypothetical protein
[15:41:56] Modify product: UPF0394 inner membrane protein YeeE => hypothetical protein
[15:41:56] Modify product: UPF0053 inner membrane protein YoaE => hypothetical protein
[15:41:56] Modify product: Probable diguanylate cyclase DgcE => putative diguanylate cyclase DgcE
[15:41:56] Modify product: UPF0339 protein YegP => hypothetical protein
[15:41:56] Modify product: 23S rRNA 5-hydroxycytidine C2501 synthase => 23S rRNA 5-hydroxycytidine synthase
[15:41:56] Modify product: Uncharacterized fimbrial-like protein YehA => putative fimbrial-like protein YehA
[15:41:56] Modify product: Probable fimbrial chaperone YehC => putative fimbrial chaperone YehC
[15:41:56] Modify product: Uncharacterized fimbrial-like protein YehD => putative fimbrial-like protein YehD
[15:41:56] Modify product: Uncharacterized protein YehL => putative protein YehL
[15:41:56] Modify product: Uncharacterized lipoprotein YehR => putative lipoprotein YehR
[15:41:56] Modify product: UPF0387 membrane protein YohO => hypothetical protein
[15:41:56] Modify product: Uncharacterized protein YphB => putative protein YphB
[15:41:56] Modify product: Probable 3-phenylpropionic acid transporter => putative 3-phenylpropionic acid transporter
[15:41:56] Modify product: Uncharacterized protein Rv2307c => putative protein
[15:41:56] Modify product: UPF0070 protein HI_0370 => hypothetical protein
[15:41:56] Modify product: Uncharacterized protein YfgJ => putative protein YfgJ
[15:41:56] Modify product: Uncharacterized protein YfgD => putative protein YfgD
[15:41:56] Modify product: Probable formate transporter 2 => putative formate transporter 2
[15:41:56] Modify product: Uncharacterized protein Rv2575 => putative protein
[15:41:56] Modify product: Uncharacterized protein YfeY => putative protein YfeY
[15:41:56] Modify product: Probable cyclic di-GMP phosphodiesterase PdeA => putative cyclic di-GMP phosphodiesterase PdeA
[15:41:56] Modify product: Probable multidrug resistance protein EmrK => putative multidrug resistance protein EmrK
[15:41:56] Modify product: Probable multidrug resistance protein EmrY => putative multidrug resistance protein EmrY
[15:41:56] Modify product: Prophage tail fiber assembly protein homolog TfaE => Prophage tail fiber assembly protein TfaE
[15:41:56] Modify product: Prophage bactoprenol glucosyl transferase homolog => Prophage bactoprenol glucosyl transferase 
[15:41:56] Modify product: UPF0381 protein YiiS => hypothetical protein
[15:41:56] Modify product: Uncharacterized fimbrial-like protein YfcV => putative fimbrial-like protein YfcV
[15:41:56] Modify product: Probable fimbrial chaperone YfcS => putative fimbrial chaperone YfcS
[15:41:56] Modify product: Uncharacterized fimbrial-like protein YfcR => putative fimbrial-like protein YfcR
[15:41:56] Modify product: Uncharacterized fimbrial-like protein YfcQ => putative fimbrial-like protein YfcQ
[15:41:56] Modify product: Uncharacterized fimbrial-like protein YfcP => putative fimbrial-like protein YfcP
[15:41:56] Modify product: Uncharacterized protein YfcO => putative protein YfcO
[15:41:56] Modify product: Probable membrane transporter protein YfcA => putative membrane transporter protein YfcA
[15:41:56] Modify product: Uncharacterized MFS-type transporter YfcJ => putative MFS-type transporter YfcJ
[15:41:56] Modify product: Epimerase family protein SA0724 => Epimerase family protein
[15:41:56] Modify product: Uncharacterized Nudix hydrolase YfcD => putative Nudix hydrolase YfcD
[15:41:56] Modify product: UPF0208 membrane protein YfbV => hypothetical protein
[15:41:56] Modify product: UPF0304 protein YfbU => hypothetical protein
[15:41:57] Modify product: Probable 4-amino-4-deoxy-L-arabinose-phosphoundecaprenol flippase subunit ArnF => putative 4-amino-4-deoxy-L-arabinose-phosphoundecaprenol flippase subunit ArnF
[15:41:57] Modify product: Probable 4-amino-4-deoxy-L-arabinose-phosphoundecaprenol flippase subunit ArnE => putative 4-amino-4-deoxy-L-arabinose-phosphoundecaprenol flippase subunit ArnE
[15:41:57] Modify product: Probable 4-deoxy-4-formamido-L-arabinose-phosphoundecaprenol deformylase ArnD => putative 4-deoxy-4-formamido-L-arabinose-phosphoundecaprenol deformylase ArnD
[15:41:57] Modify product: Uncharacterized HTH-type transcriptional regulator RhmR => putative HTH-type transcriptional regulator RhmR
[15:41:57] Modify product: Probable autotransporter YfaL => putative autotransporter YfaL
[15:41:57] Modify product: Probable L,D-transpeptidase YbiS => putative L,D-transpeptidase YbiS
[15:41:57] Modify product: Uncharacterized ABC transporter ATP-binding protein YbiT => putative ABC transporter ATP-binding protein YbiT
[15:41:57] Modify product: Uncharacterized protein YbiU => putative protein YbiU
[15:41:57] Modify product: Probable cyclic di-GMP phosphodiesterase PdeI => putative cyclic di-GMP phosphodiesterase PdeI
[15:41:57] Modify product: Uncharacterized protein YbjN => putative protein YbjN
[15:41:57] Modify product: Uncharacterized lipoprotein YbjP => putative lipoprotein YbjP
[15:41:57] Modify product: UPF0145 protein YbjQ => hypothetical protein
[15:41:57] Modify product: Probable hydrolase YcaC => putative hydrolase YcaC
[15:41:57] Modify product: Uncharacterized MFS-type transporter YcaD => putative MFS-type transporter YcaD
[15:41:57] Modify product: Probable formate transporter 1 => putative formate transporter 1
[15:41:57] Modify product: UPF0434 protein YcaR => hypothetical protein
[15:41:57] Modify product: Probable L,D-transpeptidase YcbB => putative L,D-transpeptidase YcbB
[15:41:57] Modify product: Probable fimbrial chaperone protein ElfD => putative fimbrial chaperone protein ElfD
[15:41:57] Modify product: Probable outer membrane usher protein ElfC => putative outer membrane usher protein ElfC
[15:41:57] Modify product: Uncharacterized fimbrial-like protein ElfG => putative fimbrial-like protein ElfG
[15:41:57] Modify product: Uncharacterized fimbrial-like protein YcbU => putative fimbrial-like protein YcbU
[15:41:57] Modify product: Uncharacterized fimbrial-like protein YcbV => putative fimbrial-like protein YcbV
[15:41:57] Modify product: Uncharacterized fimbrial chaperone YcbF => putative fimbrial chaperone YcbF
[15:41:57] Modify product: Probable pyridine nucleotide-disulfide oxidoreductase RclA => putative pyridine nucleotide-disulfide oxidoreductase RclA
[15:41:57] Modify product: Uncharacterized membrane protein YkgR => putative membrane protein YkgR
[15:41:57] Modify product: Probable fimbrial chaperone EcpB => putative fimbrial chaperone EcpB
[15:41:57] Modify product: Probable outer membrane usher protein EcpC => putative outer membrane usher protein EcpC
[15:41:57] Modify product: Probable fimbrial chaperone EcpE => putative fimbrial chaperone EcpE
[15:41:57] Modify product: Uncharacterized protein YlcG => putative protein YlcG
[15:41:57] Modify product: UPF0098 protein YbcL => hypothetical protein
[15:41:57] Modify product: Uncharacterized protein YqfG => putative protein YqfG
[15:41:57] Modify product: UPF0073 inner membrane protein YqfA => hypothetical protein
[15:41:57] Modify product: UPF0267 protein YqfB => hypothetical protein
[15:41:57] Modify product: Uncharacterized oxidoreductase YgfF => putative oxidoreductase YgfF
[15:41:57] Modify product: UPF0149 protein HI_0817 => hypothetical protein
[15:41:57] Modify product: UPF0301 protein YqgE => hypothetical protein
[15:41:57] Modify product: Uncharacterized protein YggR => putative protein YggR
[15:41:57] Modify product: UPF0235 protein YggU => hypothetical protein
[15:41:57] Modify product: Uncharacterized protein HI_0341 => putative protein
[15:41:57] Modify product: Probable Fe(2+)-trafficking protein => putative Fe(2+)-trafficking protein
[15:41:57] Modify product: Uncharacterized FAD-linked oxidoreductase Rv2280 => putative FAD-linked oxidoreductase
[15:41:57] Modify product: Probable Ni/Fe-hydrogenase 2 b-type cytochrome subunit => putative Ni/Fe-hydrogenase 2 b-type cytochrome subunit
[15:41:57] Modify product: Uncharacterized oxidoreductase YghA => putative oxidoreductase YghA
[15:41:57] Modify product: Probable deoxycholate-binding periplasmic protein YgiS => putative deoxycholate-binding periplasmic protein YgiS
[15:41:57] Modify product: Probable quinol monooxygenase YgiN => putative quinol monooxygenase YgiN
[15:41:57] Modify product: Uncharacterized fimbrial-like protein YbgD => putative fimbrial-like protein YbgD
[15:41:57] Modify product: Probable inner membrane protein Smp => putative inner membrane protein Smp
[15:41:57] Modify product: Uncharacterized protein YjjI => putative protein YjjI
[15:41:57] Modify product: Uncharacterized metal-dependent hydrolase YjjV => putative metal-dependent hydrolase YjjV
[15:41:57] Modify product: UPF0442 protein YjjB => hypothetical protein
[15:41:57] Modify product: Probable HTH-type transcriptional regulator LgoR => putative HTH-type transcriptional regulator LgoR
[15:41:57] Modify product: Probable L-galactonate transporter => putative L-galactonate transporter
[15:41:57] Modify product: Uncharacterized protein YjiK => putative protein YjiK
[15:41:57] Modify product: Probable RNA 2'-phosphotransferase => putative RNA 2'-phosphotransferase
[15:41:57] Modify product: Probable major fimbrial subunit LpfA => putative major fimbrial subunit LpfA
[15:41:57] Modify product: Probable N-acetylneuraminic acid outer membrane channel protein NanC => putative N-acetylneuraminic acid outer membrane channel protein NanC
[15:41:57] Modify product: Probable 9-O-acetyl-N-acetylneuraminic acid deacetylase => putative 9-O-acetyl-N-acetylneuraminic acid deacetylase
[15:41:57] Modify product: Uncharacterized protein YjhP => putative protein YjhP
[15:41:57] Modify product: Probable 2-dehydro-3-deoxy-D-pentonate aldolase YjhH => putative 2-dehydro-3-deoxy-D-pentonate aldolase YjhH
[15:41:57] Modify product: Probable RNA polymerase sigma factor FecI => putative RNA polymerase sigma factor FecI
[15:41:57] Modify product: Probable glycerol-3-phosphate acyltransferase => putative glycerol-3-phosphate acyltransferase
[15:41:57] Modify product: Uncharacterized protein YqjD => putative protein YqjD
[15:41:57] Modify product: UPF0597 protein YhaM => hypothetical protein
[15:41:57] Modify product: Probable serine transporter => putative serine transporter
[15:41:57] Modify product: Probable galactarate transporter => putative galactarate transporter
[15:41:57] Modify product: Uncharacterized fimbrial-like protein YraH => putative fimbrial-like protein YraH
[15:41:57] Modify product: Probable fimbrial chaperone YraI => putative fimbrial chaperone YraI
[15:41:57] Modify product: Uncharacterized fimbrial-like protein YraK => putative fimbrial-like protein YraK
[15:41:57] Modify product: UPF0213 protein BH0048 => hypothetical protein
[15:41:57] Modify product: Uncharacterized protease YhbU => putative protease YhbU
[15:41:57] Modify product: Uncharacterized inner membrane transporter YhbE => putative inner membrane transporter YhbE
[15:41:57] Modify product: Uncharacterized protein YrbL => putative protein YrbL
[15:41:57] Modify product: Uncharacterized protein YhcH => putative protein YhcH
[15:41:57] Modify product: Uncharacterized protein YhcO => putative protein YhcO
[15:41:57] Modify product: Probable acrylyl-CoA reductase AcuI => putative acrylyl-CoA reductase AcuI
[15:41:57] Modify product: Uncharacterized membrane protein YhdT => putative membrane protein YhdT
[15:41:57] Modify product: Probable bifunctional chitinase/lysozyme => putative bifunctional chitinase/lysozyme
[15:41:57] Modify product: Protein SlyX homolog => Protein SlyX 
[15:41:57] Modify product: Uncharacterized ABC transporter ATP-binding protein YheS => putative ABC transporter ATP-binding protein YheS
[15:41:57] Modify product: UPF0270 protein PA3463 => hypothetical protein
[15:41:57] Modify product: Probable protein adenylyltransferase Fic => putative protein adenylyltransferase Fic
[15:41:57] Modify product: Uncharacterized protein YhfG => putative protein YhfG
[15:41:57] Modify product: Probable fructoselysine/psicoselysine transporter FrlA => putative fructoselysine/psicoselysine transporter FrlA
[15:41:57] Modify product: Probable fructoselysine utilization operon transcriptional repressor => putative fructoselysine utilization operon transcriptional repressor
[15:41:57] Modify product: Uncharacterized protein YhfS => putative protein YhfS
[15:41:57] Modify product: Uncharacterized protein YhfX => putative protein YhfX
[15:41:57] Modify product: Putative membrane protein IgaA homolog => Putative membrane protein IgaA 
[15:41:57] Modify product: Probable [Fe-S]-dependent transcriptional repressor FeoC => putative [Fe-S]-dependent transcriptional repressor FeoC
[15:41:57] Modify product: UPF0056 inner membrane protein YhgN => hypothetical protein
[15:41:57] Modify product: Uncharacterized oxidoreductase YhhX => putative oxidoreductase YhhX
[15:41:57] Modify product: Uncharacterized protein YhhA => putative protein YhhA
[15:41:57] Modify product: Uncharacterized MFS-type transporter YhhS => putative MFS-type transporter YhhS
[15:41:57] Modify product: Uncharacterized protein HI_0933 => putative protein
[15:41:57] Modify product: Probable cyclic di-GMP phosphodiesterase PdeK => putative cyclic di-GMP phosphodiesterase PdeK
[15:41:57] Modify product: Uncharacterized MFS-type transporter YhjX => putative MFS-type transporter YhjX
[15:41:57] Modify product: Probable lipoprotein YiaD => putative lipoprotein YiaD
[15:41:58] Modify product: Uncharacterized protein YhcH => putative protein YhcH
[15:41:58] Modify product: Uncharacterized GST-like protein YibF => putative GST-like protein YibF
[15:41:58] Modify product: Probable protein kinase UbiB => putative protein kinase UbiB
[15:41:58] Modify product: Probable transport protein YifK => putative transport protein YifK
[15:41:58] Modify product: Probable ECA polymerase => putative ECA polymerase
[15:41:58] Modify product: UPF0438 protein YifE => hypothetical protein
[15:41:58] Modify product: Uncharacterized protein HI_0431 => putative protein
[15:41:58] Modify product: Probable cystine transporter YijE => putative cystine transporter YijE
[15:41:58] Modify product: UPF0381 protein YiiS => hypothetical protein
[15:41:58] Modify product: UPF0761 membrane protein YihY => hypothetical protein
[15:41:58] Modify product: Uncharacterized protein YihR => putative protein YihR
[15:41:58] Modify product: Uncharacterized protein YshB => putative protein YshB
[15:41:58] Modify product: Probable GTP-binding protein EngB => putative GTP-binding protein EngB
[15:41:58] Modify product: Probable acyltransferase YihG => putative acyltransferase YihG
[15:41:58] Modify product: Uncharacterized protein YibL => putative protein YibL
[15:41:58] Modify product: Uncharacterized protein YibN => putative protein YibN
[15:41:58] Modify product: UPF0758 protein YsxA => hypothetical protein
[15:41:58] Modify product: UPF0701 protein YicC => hypothetical protein
[15:41:58] Modify product: UPF0126 inner membrane protein YicG => hypothetical protein
[15:41:58] Modify product: Uncharacterized inner membrane transporter YicL => putative inner membrane transporter YicL
[15:41:58] Modify product: Uncharacterized symporter YidK => putative symporter YidK
[15:41:58] Modify product: Probable 2-dehydro-3-deoxygalactonokinase DgoK1 => putative 2-dehydro-3-deoxygalactonokinase DgoK1
[15:41:58] Modify product: UPF0167 protein CbrC => hypothetical protein
[15:41:58] Modify product: Probable glucosamine-6-phosphate deaminase 2 => putative glucosamine-6-phosphate deaminase 2
[15:41:58] Modify product: Probable transport protein HsrA => putative transport protein HsrA
[15:41:58] Modify product: Uncharacterized lipoprotein GfcB => putative lipoprotein GfcB
[15:41:58] Modify product: UPF0337 protein YjbJ => hypothetical protein
[15:41:58] Modify product: Uncharacterized protein YjbR => putative protein YjbR
[15:41:58] Modify product: Probable cyclic di-GMP phosphodiesterase PdeC => putative cyclic di-GMP phosphodiesterase PdeC
[15:41:58] Modify product: Uncharacterized ferredoxin-like protein YdhX => putative ferredoxin-like protein YdhX
[15:41:58] Modify product: Probable transcriptional regulator PhnF => putative transcriptional regulator PhnF
[15:41:58] Modify product: Uncharacterized protein YjdJ => putative protein YjdJ
[15:41:58] Modify product: Probable cadaverine/lysine antiporter => putative cadaverine/lysine antiporter
[15:41:58] Modify product: UPF0716 protein FxsA => hypothetical protein
[15:41:58] Modify product: UPF0719 inner membrane protein YjfL => hypothetical protein
[15:41:58] Modify product: Probable L-ascorbate-6-phosphate lactonase UlaG => putative L-ascorbate-6-phosphate lactonase UlaG
[15:41:58] Modify product: Uncharacterized protein YtfJ => putative protein YtfJ
[15:41:58] Modify product: UPF0053 inner membrane protein YtfL => hypothetical protein
[15:41:58] Modify product: UPF0307 protein YjgA => hypothetical protein
[15:41:58] Modify product: Uncharacterized protein YjgL => putative protein YjgL
[15:41:58] Modify product: Uncharacterized oxidoreductase YjhC => putative oxidoreductase YjhC
[15:41:58] Modify product: Uncharacterized protein YthA => putative protein YthA
[15:41:58] Modify product: Uncharacterized protein YdfB => putative protein YdfB
[15:41:58] Modify product: Uncharacterized protein YdfR => putative protein YdfR
[15:41:58] Modify product: Uncharacterized protein YdfO => putative protein YdfO
[15:41:58] Modify product: Uncharacterized protein YdfO => putative protein YdfO
[15:41:58] Modify product: Uncharacterized protein YtfJ => putative protein YtfJ
[15:41:58] Modify product: UPF0401 protein YkfF => hypothetical protein
[15:41:58] Modify product: Prophage tail fiber assembly protein homolog TfaE => Prophage tail fiber assembly protein TfaE
[15:41:58] Modify product: Uncharacterized oxidoreductase YohF => putative oxidoreductase YohF
[15:41:58] Modify product: UPF0299 membrane protein YohJ => hypothetical protein
[15:41:58] Modify product: UPF0324 inner membrane protein YeiH => hypothetical protein
[15:41:58] Modify product: UPF0153 protein YeiW => hypothetical protein
[15:41:58] Modify product: Probable cyclic di-GMP phosphodiesterase PdeN => putative cyclic di-GMP phosphodiesterase PdeN
[15:41:58] Modify product: Uncharacterized ABC transporter ATP-binding protein YejF => putative ABC transporter ATP-binding protein YejF
[15:41:58] Modify product: UPF0352 protein YejL => hypothetical protein
[15:41:58] Modify product: Probable autotransporter ROD_p1121 => putative autotransporter
[15:41:58] Modify product: Uncharacterized protein McbA => putative protein McbA
[15:41:58] Modify product: PKHD-type hydroxylase Sbal_3634 => PKHD-type hydroxylase
[15:41:58] Modify product: Uncharacterized protein YbiI => putative protein YbiI
[15:41:58] Modify product: Uncharacterized protein YbiB => putative protein YbiB
[15:41:58] Modify product: UPF0194 membrane protein YbhG => hypothetical protein
[15:41:58] Modify product: Probable multidrug ABC transporter ATP-binding protein YbhF => putative multidrug ABC transporter ATP-binding protein YbhF
[15:41:58] Modify product: Probable multidrug ABC transporter permease YbhS => putative multidrug ABC transporter permease YbhS
[15:41:58] Modify product: Probable multidrug ABC transporter permease YbhR => putative multidrug ABC transporter permease YbhR
[15:41:58] Modify product: UPF0098 protein YbhB => hypothetical protein
[15:41:58] Modify product: Prophage tail fiber assembly protein homolog TfaE => Prophage tail fiber assembly protein TfaE
[15:41:58] Modify product: Uncharacterized fimbrial-like protein YbgD => putative fimbrial-like protein YbgD
[15:41:58] Modify product: GTP cyclohydrolase 1 type 2 homolog => GTP cyclohydrolase 1 type 2 
[15:41:58] Modify product: Uncharacterized protein YbfE => putative protein YbfE
[15:41:58] Modify product: Uncharacterized lipoprotein ChiQ => putative lipoprotein ChiQ
[15:41:58] Modify product: UPF0250 protein YbeD => hypothetical protein
[15:41:58] Modify product: Uncharacterized HTH-type transcriptional regulator YbdO => putative HTH-type transcriptional regulator YbdO
[15:41:58] Modify product: Probable zinc-binding alcohol dehydrogenase Rv1895 => putative zinc-binding alcohol dehydrogenase
[15:41:58] Modify product: Uncharacterized HTH-type transcriptional regulator YbdO => putative HTH-type transcriptional regulator YbdO
[15:41:58] Modify product: Uncharacterized protein YbdM => putative protein YbdM
[15:41:59] Modify product: Prophage tail fiber assembly protein homolog TfaE => Prophage tail fiber assembly protein TfaE
[15:41:59] Modify product: Probable iron export permease protein FetB => putative iron export permease protein FetB
[15:41:59] Modify product: Probable iron export ATP-binding protein FetA => putative iron export ATP-binding protein FetA
[15:41:59] Modify product: Uncharacterized HTH-type transcriptional regulator YbaQ => putative HTH-type transcriptional regulator YbaQ
[15:41:59] Modify product: Probable cyclic di-GMP phosphodiesterase PdeB => putative cyclic di-GMP phosphodiesterase PdeB
[15:41:59] Modify product: Uncharacterized protein YbaA => putative protein YbaA
[15:41:59] Modify product: Uncharacterized lipoprotein YbaY => putative lipoprotein YbaY
[15:41:59] Modify product: Probable multidrug resistance ABC transporter ATP-binding/permease protein YheI => putative multidrug resistance ABC transporter ATP-binding/permease protein YheI
[15:41:59] Modify product: Uncharacterized protein HI_1008 => putative protein
[15:41:59] Modify product: UPF0234 protein YajQ => hypothetical protein
[15:41:59] Modify product: Uncharacterized lipoprotein YajI => putative lipoprotein YajI
[15:41:59] Modify product: Uncharacterized protein YaiA => putative protein YaiA
[15:41:59] Modify product: UPF0178 protein YaiI => hypothetical protein
[15:41:59] Modify product: Probable diguanylate cyclase DgcC => putative diguanylate cyclase DgcC
[15:41:59] Modify product: Uncharacterized transporter YycB => putative transporter YycB
[15:41:59] Modify product: Uncharacterized HTH-type transcriptional regulator YahB => putative HTH-type transcriptional regulator YahB
[15:41:59] Cleaned 376 /product names
[15:41:59] Deleting unwanted file: /Volumes/Ananda_Bioinformatics/Bioinformatic-Work-July-2020/Quinn/S1/PRJNA701008/JS526.sprot.tmp.4373.faa
[15:41:59] Deleting unwanted file: /Volumes/Ananda_Bioinformatics/Bioinformatic-Work-July-2020/Quinn/S1/PRJNA701008/JS526.sprot.tmp.4373.blast
[15:41:59] There are still 828 unannotated CDS left (started with 4357)
[15:41:59] Will use hmmer3 to search against /opt/anaconda3/envs/PROKKA/db/hmm/HAMAP.hmm with 4 CPUs
[15:41:59] Running: cat \/Volumes\/Ananda_Bioinformatics\/Bioinformatic\-Work\-July\-2020\/Quinn\/S1\/PRJNA701008\/JS526\.HAMAP\.hmm\.tmp\.4373\.faa | parallel --gnu --plain -j 4 --block 25330 --recstart '>' --pipe hmmscan --noali --notextw --acc -E 1e-09 --cpu 1 /opt/anaconda3/envs/PROKKA/db/hmm/HAMAP.hmm /dev/stdin > \/Volumes\/Ananda_Bioinformatics\/Bioinformatic\-Work\-July\-2020\/Quinn\/S1\/PRJNA701008\/JS526\.HAMAP\.hmm\.tmp\.4373\.hmmer3 2> /dev/null
[15:42:15] Modify product: Uncharacterized Nudix hydrolase NudL => putative Nudix hydrolase NudL
[15:42:15] Cleaned 1 /product names
[15:42:15] Deleting unwanted file: /Volumes/Ananda_Bioinformatics/Bioinformatic-Work-July-2020/Quinn/S1/PRJNA701008/JS526.HAMAP.hmm.tmp.4373.faa
[15:42:15] Deleting unwanted file: /Volumes/Ananda_Bioinformatics/Bioinformatic-Work-July-2020/Quinn/S1/PRJNA701008/JS526.HAMAP.hmm.tmp.4373.hmmer3
[15:42:15] Labelling remaining 761 proteins as 'hypothetical protein'
[15:42:15] Possible /pseudo 'RNA polymerase sigma factor RpoS' at gnl|Prokka|JS526_4 position 128920
[15:42:15] Possible /pseudo 'putative transporter' at gnl|Prokka|JS526_4 position 187729
[15:42:15] Possible /pseudo 'Arsenical pump membrane protein' at gnl|Prokka|JS526_4 position 223551
[15:42:15] Possible /pseudo 'Outer membrane usher protein PapC' at gnl|Prokka|JS526_7 position 61084
[15:42:15] Possible /pseudo 'Ferrous iron permease EfeU' at gnl|Prokka|JS526_10 position 30978
[15:42:15] Possible /pseudo 'Formate dehydrogenase, nitrate-inducible, major subunit' at gnl|Prokka|JS526_13 position 15547
[15:42:15] Possible /pseudo 'Small toxic polypeptide LdrA' at gnl|Prokka|JS526_19 position 125094
[15:42:15] Possible /pseudo 'Small toxic polypeptide LdrA' at gnl|Prokka|JS526_19 position 125629
[15:42:15] Possible /pseudo 'Curli production assembly/transport component CsgG' at gnl|Prokka|JS526_20 position 106365
[15:42:15] Possible /pseudo 'ISAs1 family transposase ISEc1' at gnl|Prokka|JS526_25 position 89159
[15:42:15] Possible /pseudo 'Deaminated glutathione amidase' at gnl|Prokka|JS526_27 position 29651
[15:42:15] Possible /pseudo 'Multidrug resistance protein MdtF' at gnl|Prokka|JS526_39 position 9536
[15:42:15] Possible /pseudo 'ISKra4 family transposase ISCep1' at gnl|Prokka|JS526_40 position 115542
[15:42:15] Possible /pseudo 'Formate dehydrogenase-O major subunit' at gnl|Prokka|JS526_51 position 81348
[15:42:15] Possible /pseudo 'Putative 2,3-dihydroxypropane-1-sulfonate exporter' at gnl|Prokka|JS526_51 position 100768
[15:42:15] Possible /pseudo '6-phospho-alpha-glucosidase' at gnl|Prokka|JS526_52 position 95586
[15:42:15] Possible /pseudo 'Formate dehydrogenase H' at gnl|Prokka|JS526_54 position 11858
[15:42:15] Found 3218 unique /gene codes.
[15:42:15] Fixed 3 duplicate /gene - potA_1 potA_2 potA_3
[15:42:15] Fixed 2 duplicate /gene - hdfR_1 hdfR_2
[15:42:15] Fixed 4 duplicate /gene - papC_1 papC_2 papC_3 papC_4
[15:42:15] Fixed 2 duplicate /gene - ydjE_1 ydjE_2
[15:42:15] Fixed 2 duplicate /gene - xdhA_1 xdhA_2
[15:42:15] Fixed 2 duplicate /gene - aaeB_1 aaeB_2
[15:42:15] Fixed 3 duplicate /gene - era_1 era_2 era_3
[15:42:15] Fixed 2 duplicate /gene - gnsA_1 gnsA_2
[15:42:15] Fixed 2 duplicate /gene - psuK_1 psuK_2
[15:42:15] Fixed 2 duplicate /gene - nanR_1 nanR_2
[15:42:15] Fixed 2 duplicate /gene - ulaE_1 ulaE_2
[15:42:15] Fixed 2 duplicate /gene - osmY_1 osmY_2
[15:42:15] Fixed 2 duplicate /gene - rhtC_1 rhtC_2
[15:42:15] Fixed 2 duplicate /gene - azoR_1 azoR_2
[15:42:15] Fixed 2 duplicate /gene - yiaW_1 yiaW_2
[15:42:15] Fixed 2 duplicate /gene - flhA_1 flhA_2
[15:42:15] Fixed 3 duplicate /gene - ydfO_1 ydfO_2 ydfO_3
[15:42:15] Fixed 2 duplicate /gene - rbsA_1 rbsA_2
[15:42:15] Fixed 2 duplicate /gene - ydjF_1 ydjF_2
[15:42:15] Fixed 2 duplicate /gene - fdoG_1 fdoG_2
[15:42:15] Fixed 2 duplicate /gene - ubiJ_1 ubiJ_2
[15:42:15] Fixed 2 duplicate /gene - fimH_1 fimH_2
[15:42:15] Fixed 2 duplicate /gene - rhsD_1 rhsD_2
[15:42:15] Fixed 2 duplicate /gene - dnaK_1 dnaK_2
[15:42:15] Fixed 2 duplicate /gene - pgrR_1 pgrR_2
[15:42:15] Fixed 2 duplicate /gene - yrdA_1 yrdA_2
[15:42:15] Fixed 2 duplicate /gene - purR_1 purR_2
[15:42:15] Fixed 2 duplicate /gene - ydjZ_1 ydjZ_2
[15:42:15] Fixed 2 duplicate /gene - ccmH_1 ccmH_2
[15:42:15] Fixed 2 duplicate /gene - gadX_1 gadX_2
[15:42:15] Fixed 5 duplicate /gene - rhaS_1 rhaS_2 rhaS_3 rhaS_4 rhaS_5
[15:42:15] Fixed 2 duplicate /gene - xerD_1 xerD_2
[15:42:15] Fixed 2 duplicate /gene - gatB_1 gatB_2
[15:42:15] Fixed 2 duplicate /gene - tdh_1 tdh_2
[15:42:15] Fixed 2 duplicate /gene - rbsC_1 rbsC_2
[15:42:15] Fixed 2 duplicate /gene - narL_1 narL_2
[15:42:15] Fixed 2 duplicate /gene - fixA_1 fixA_2
[15:42:15] Fixed 2 duplicate /gene - fruA_1 fruA_2
[15:42:15] Fixed 2 duplicate /gene - trmH_1 trmH_2
[15:42:15] Fixed 2 duplicate /gene - opgE_1 opgE_2
[15:42:15] Fixed 5 duplicate /gene - hyfA_1 hyfA_2 hyfA_3 hyfA_4 hyfA_5
[15:42:15] Fixed 2 duplicate /gene - mngR_1 mngR_2
[15:42:15] Fixed 3 duplicate /gene - btuD_1 btuD_2 btuD_3
[15:42:15] Fixed 2 duplicate /gene - fdnH_1 fdnH_2
[15:42:15] Fixed 5 duplicate /gene - tfaE_1 tfaE_2 tfaE_3 tfaE_4 tfaE_5
[15:42:15] Fixed 2 duplicate /gene - mdtF_1 mdtF_2
[15:42:15] Fixed 2 duplicate /gene - aaeA_1 aaeA_2
[15:42:15] Fixed 2 duplicate /gene - ybeM_1 ybeM_2
[15:42:15] Fixed 2 duplicate /gene - leuC_1 leuC_2
[15:42:15] Fixed 2 duplicate /gene - hokC_1 hokC_2
[15:42:15] Fixed 2 duplicate /gene - lldR_1 lldR_2
[15:42:15] Fixed 2 duplicate /gene - gntK_1 gntK_2
[15:42:15] Fixed 2 duplicate /gene - ssuC_1 ssuC_2
[15:42:15] Fixed 2 duplicate /gene - arcC2_1 arcC2_2
[15:42:15] Fixed 2 duplicate /gene - gntR_1 gntR_2
[15:42:15] Fixed 2 duplicate /gene - msbA_1 msbA_2
[15:42:15] Fixed 2 duplicate /gene - aglB_1 aglB_2
[15:42:15] Fixed 3 duplicate /gene - bhsA_1 bhsA_2 bhsA_3
[15:42:15] Fixed 2 duplicate /gene - ssb_1 ssb_2
[15:42:15] Fixed 2 duplicate /gene - melR_1 melR_2
[15:42:15] Fixed 2 duplicate /gene - yhaJ_1 yhaJ_2
[15:42:15] Fixed 2 duplicate /gene - gltF_1 gltF_2
[15:42:15] Fixed 3 duplicate /gene - xerC_1 xerC_2 xerC_3
[15:42:15] Fixed 2 duplicate /gene - yibA_1 yibA_2
[15:42:15] Fixed 2 duplicate /gene - glnH_1 glnH_2
[15:42:15] Fixed 3 duplicate /gene - fixB_1 fixB_2 fixB_3
[15:42:15] Fixed 3 duplicate /gene - fixX_1 fixX_2 fixX_3
[15:42:15] Fixed 2 duplicate /gene - slp_1 slp_2
[15:42:15] Fixed 2 duplicate /gene - sapB_1 sapB_2
[15:42:15] Fixed 3 duplicate /gene - hcaR_1 hcaR_2 hcaR_3
[15:42:15] Fixed 2 duplicate /gene - ugpC_1 ugpC_2
[15:42:15] Fixed 5 duplicate /gene - srlR_1 srlR_2 srlR_3 srlR_4 srlR_5
[15:42:15] Fixed 2 duplicate /gene - deoB_1 deoB_2
[15:42:15] Fixed 2 duplicate /gene - kduD_1 kduD_2
[15:42:15] Fixed 2 duplicate /gene - fdrA_1 fdrA_2
[15:42:15] Fixed 3 duplicate /gene - ldrA_1 ldrA_2 ldrA_3
[15:42:15] Fixed 2 duplicate /gene - nlpD_1 nlpD_2
[15:42:15] Fixed 2 duplicate /gene - ytfJ_1 ytfJ_2
[15:42:15] Fixed 2 duplicate /gene - pspB_1 pspB_2
[15:42:15] Fixed 2 duplicate /gene - dmsB_1 dmsB_2
[15:42:15] Fixed 3 duplicate /gene - klcA_1 klcA_2 klcA_3
[15:42:15] Fixed 2 duplicate /gene - ygcS_1 ygcS_2
[15:42:15] Fixed 3 duplicate /gene - malP_1 malP_2 malP_3
[15:42:15] Fixed 2 duplicate /gene - yhdJ_1 yhdJ_2
[15:42:15] Fixed 2 duplicate /gene - argE_1 argE_2
[15:42:15] Fixed 2 duplicate /gene - cspG_1 cspG_2
[15:42:15] Fixed 3 duplicate /gene - arsB_1 arsB_2 arsB_3
[15:42:15] Fixed 2 duplicate /gene - icsA_1 icsA_2
[15:42:15] Fixed 2 duplicate /gene - rpe_1 rpe_2
[15:42:15] Fixed 2 duplicate /gene - rlhA_1 rlhA_2
[15:42:15] Fixed 2 duplicate /gene - agaC_1 agaC_2
[15:42:15] Fixed 2 duplicate /gene - bglF_1 bglF_2
[15:42:15] Fixed 2 duplicate /gene - intS_1 intS_2
[15:42:15] Fixed 2 duplicate /gene - manZ_1 manZ_2
[15:42:15] Fixed 2 duplicate /gene - ftnA_1 ftnA_2
[15:42:15] Fixed 2 duplicate /gene - yhcH_1 yhcH_2
[15:42:15] Fixed 2 duplicate /gene - lon_1 lon_2
[15:42:15] Fixed 2 duplicate /gene - ygiW_1 ygiW_2
[15:42:15] Fixed 2 duplicate /gene - rpoS_1 rpoS_2
[15:42:15] Fixed 2 duplicate /gene - coaA_1 coaA_2
[15:42:15] Fixed 2 duplicate /gene - cysE_1 cysE_2
[15:42:15] Fixed 2 duplicate /gene - proA_1 proA_2
[15:42:15] Fixed 2 duplicate /gene - kefC_1 kefC_2
[15:42:15] Fixed 2 duplicate /gene - intQ_1 intQ_2
[15:42:15] Fixed 3 duplicate /gene - glnQ_1 glnQ_2 glnQ_3
[15:42:15] Fixed 3 duplicate /gene - lexA_1 lexA_2 lexA_3
[15:42:15] Fixed 2 duplicate /gene - fdhF_1 fdhF_2
[15:42:15] Fixed 2 duplicate /gene - mtlA_1 mtlA_2
[15:42:15] Fixed 2 duplicate /gene - oxyR_1 oxyR_2
[15:42:15] Fixed 2 duplicate /gene - manP_1 manP_2
[15:42:15] Fixed 2 duplicate /gene - cusC_1 cusC_2
[15:42:15] Fixed 2 duplicate /gene - mipA_1 mipA_2
[15:42:15] Fixed 2 duplicate /gene - ydhX_1 ydhX_2
[15:42:15] Fixed 2 duplicate /gene - chuR_1 chuR_2
[15:42:15] Fixed 2 duplicate /gene - sgrR_1 sgrR_2
[15:42:15] Fixed 2 duplicate /gene - dmsC_1 dmsC_2
[15:42:15] Fixed 2 duplicate /gene - ttdT_1 ttdT_2
[15:42:15] Fixed 2 duplicate /gene - kdgR_1 kdgR_2
[15:42:15] Fixed 2 duplicate /gene - acrB_1 acrB_2
[15:42:15] Fixed 2 duplicate /gene - papD_1 papD_2
[15:42:15] Fixed 2 duplicate /gene - tsaR_1 tsaR_2
[15:42:15] Fixed 2 duplicate /gene - srmB_1 srmB_2
[15:42:15] Fixed 2 duplicate /gene - aspT_1 aspT_2
[15:42:15] Fixed 2 duplicate /gene - caiA_1 caiA_2
[15:42:15] Fixed 2 duplicate /gene - ompN_1 ompN_2
[15:42:15] Fixed 2 duplicate /gene - intA_1 intA_2
[15:42:15] Fixed 2 duplicate /gene - ndhI_1 ndhI_2
[15:42:15] Fixed 2 duplicate /gene - prfB_1 prfB_2
[15:42:15] Fixed 2 duplicate /gene - fimG_1 fimG_2
[15:42:15] Fixed 2 duplicate /gene - ccmF_1 ccmF_2
[15:42:15] Fixed 2 duplicate /gene - pdhR_1 pdhR_2
[15:42:15] Fixed 2 duplicate /gene - prs_1 prs_2
[15:42:15] Fixed 2 duplicate /gene - ydgA_1 ydgA_2
[15:42:15] Fixed 2 duplicate /gene - caiT_1 caiT_2
[15:42:15] Fixed 2 duplicate /gene - mglA_1 mglA_2
[15:42:15] Fixed 2 duplicate /gene - fimD_1 fimD_2
[15:42:15] Fixed 2 duplicate /gene - ygdR_1 ygdR_2
[15:42:15] Fixed 2 duplicate /gene - lpxD_1 lpxD_2
[15:42:15] Fixed 2 duplicate /gene - yahB_1 yahB_2
[15:42:15] Fixed 3 duplicate /gene - arnC_1 arnC_2 arnC_3
[15:42:15] Fixed 2 duplicate /gene - fryB_1 fryB_2
[15:42:15] Fixed 2 duplicate /gene - hycG_1 hycG_2
[15:42:15] Fixed 2 duplicate /gene - icd_1 icd_2
[15:42:15] Fixed 2 duplicate /gene - rrrD_1 rrrD_2
[15:42:15] Fixed 2 duplicate /gene - deoR_1 deoR_2
[15:42:15] Fixed 2 duplicate /gene - efeU_1 efeU_2
[15:42:15] Fixed 2 duplicate /gene - lutA_1 lutA_2
[15:42:15] Fixed 2 duplicate /gene - ompC_1 ompC_2
[15:42:15] Fixed 2 duplicate /gene - fdnG_1 fdnG_2
[15:42:15] Fixed 3 duplicate /gene - norR_1 norR_2 norR_3
[15:42:15] Fixed 2 duplicate /gene - gatC_1 gatC_2
[15:42:15] Fixed 2 duplicate /gene - nagB_1 nagB_2
[15:42:15] Fixed 2 duplicate /gene - mepS_1 mepS_2
[15:42:15] Fixed 2 duplicate /gene - bioD1_1 bioD1_2
[15:42:15] Fixed 2 duplicate /gene - tmk_1 tmk_2
[15:42:15] Fixed 2 duplicate /gene - csgG_1 csgG_2
[15:42:15] Fixed 2 duplicate /gene - fimF_1 fimF_2
[15:42:15] Fixed 5 duplicate /gene - dmlR_1 dmlR_2 dmlR_3 dmlR_4 dmlR_5
[15:42:15] Fixed 2 duplicate /gene - ompD_1 ompD_2
[15:42:15] Fixed 2 duplicate /gene - fryA_1 fryA_2
[15:42:15] Fixed 2 duplicate /gene - bioF_1 bioF_2
[15:42:15] Fixed 2 duplicate /gene - ftsA_1 ftsA_2
[15:42:15] Fixed 2 duplicate /gene - ybgD_1 ybgD_2
[15:42:15] Fixed 2 duplicate /gene - sbmC_1 sbmC_2
[15:42:15] Fixed 2 duplicate /gene - lapB_1 lapB_2
[15:42:15] Fixed 2 duplicate /gene - dnaC_1 dnaC_2
[15:42:15] Fixed 2 duplicate /gene - pphA_1 pphA_2
[15:42:15] Fixed 2 duplicate /gene - pal_1 pal_2
[15:42:15] Fixed 2 duplicate /gene - acs_1 acs_2
[15:42:15] Fixed 3 duplicate /gene - pncC_1 pncC_2 pncC_3
[15:42:15] Fixed 2 duplicate /gene - murR_1 murR_2
[15:42:15] Fixed 2 duplicate /gene - bglH_1 bglH_2
[15:42:15] Fixed 2 duplicate /gene - nuoL_1 nuoL_2
[15:42:15] Fixed 2 duplicate /gene - lolD_1 lolD_2
[15:42:15] Fixed 2 duplicate /gene - gstB_1 gstB_2
[15:42:15] Fixed 2 duplicate /gene - yihP_1 yihP_2
[15:42:15] Fixed 2 duplicate /gene - kdgK_1 kdgK_2
[15:42:15] Fixed 3 duplicate /gene - ydcV_1 ydcV_2 ydcV_3
[15:42:15] Fixed 2 duplicate /gene - por_1 por_2
[15:42:15] Fixed 2 duplicate /gene - acrR_1 acrR_2
[15:42:15] Fixed 2 duplicate /gene - acpP_1 acpP_2
[15:42:15] Fixed 2 duplicate /gene - idnT_1 idnT_2
[15:42:15] Fixed 2 duplicate /gene - topA_1 topA_2
[15:42:15] Fixed 2 duplicate /gene - dadA_1 dadA_2
[15:42:15] Fixed 2 duplicate /gene - yhhT_1 yhhT_2
[15:42:15] Fixed 2 duplicate /gene - cutC_1 cutC_2
[15:42:15] Fixed 2 duplicate /gene - ybdO_1 ybdO_2
[15:42:15] Fixed 2 duplicate /gene - ysdC_1 ysdC_2
[15:42:15] Fixed 2 duplicate /gene - lptG_1 lptG_2
[15:42:15] Fixed 2 duplicate /gene - lptB_1 lptB_2
[15:42:15] Fixed 2 duplicate /gene - ndhB_1 ndhB_2
[15:42:15] Fixed 2 duplicate /gene - yraJ_1 yraJ_2
[15:42:15] Fixed 2 duplicate /gene - gltC_1 gltC_2
[15:42:15] Fixed 2 duplicate /gene - lsrK_1 lsrK_2
[15:42:15] Fixed 2 duplicate /gene - pitA_1 pitA_2
[15:42:15] Fixed 2 duplicate /gene - mlc_1 mlc_2
[15:42:15] Fixed 3 duplicate /gene - cynR_1 cynR_2 cynR_3
[15:42:15] Fixed 2 duplicate /gene - dcuD_1 dcuD_2
[15:42:15] Fixed 5 duplicate /gene - rhaR_1 rhaR_2 rhaR_3 rhaR_4 rhaR_5
[15:42:15] Fixed 2 duplicate /gene - artM_1 artM_2
[15:42:15] Fixed 2 duplicate /gene - gfcB_1 gfcB_2
[15:42:15] Fixed 2 duplicate /gene - oleD_1 oleD_2
[15:42:15] Fixed 2 duplicate /gene - mdh_1 mdh_2
[15:42:15] Fixed 203 colliding /gene names.
[15:42:15] Adding /locus_tag identifiers
[15:42:15] Assigned 4438 locus_tags to CDS and RNA features.
[15:42:15] Writing outputs to /Volumes/Ananda_Bioinformatics/Bioinformatic-Work-July-2020/Quinn/S1/PRJNA701008/
[15:42:18] Generating annotation statistics file
[15:42:18] Generating Genbank and Sequin files
[15:42:18] Running: tbl2asn -V b -a r10k -l paired-ends -M n -N 1 -y 'Annotated using prokka 1.14.6 from https://github.com/tseemann/prokka' -Z \/Volumes\/Ananda_Bioinformatics\/Bioinformatic\-Work\-July\-2020\/Quinn\/S1\/PRJNA701008\/JS526\.err -i \/Volumes\/Ananda_Bioinformatics\/Bioinformatic\-Work\-July\-2020\/Quinn\/S1\/PRJNA701008\/JS526\.fsa 2> /dev/null
[15:42:27] Could not run command: tbl2asn -V b -a r10k -l paired-ends -M n -N 1 -y 'Annotated using prokka 1.14.6 from https://github.com/tseemann/prokka' -Z \/Volumes\/Ananda_Bioinformatics\/Bioinformatic\-Work\-July\-2020\/Quinn\/S1\/PRJNA701008\/JS526\.err -i \/Volumes\/Ananda_Bioinformatics\/Bioinformatic\-Work\-July\-2020\/Quinn\/S1\/PRJNA701008\/JS526\.fsa 2> /dev/null
