[15:47:00] This is prokka 1.14.6
[15:47:00] Written by Torsten Seemann <torsten.seemann@gmail.com>
[15:47:00] Homepage is https://github.com/tseemann/prokka
[15:47:00] Local time is Tue Feb  9 15:47:00 2021
[15:47:00] You are anandabhattacharjee
[15:47:00] Operating system is darwin
[15:47:00] You have BioPerl 1.007002
[15:47:00] System has 4 cores.
[15:47:00] Option --cpu asked for 8 cores, but system only has 4
[15:47:00] Will use maximum of 4 cores.
[15:47:00] Annotating as >>> Bacteria <<<
[15:47:00] Enabling options to ensure Genbank/ENA/DDJB submission compliance.
[15:47:00] Creating new output folder: /Volumes/Ananda_Bioinformatics/Bioinformatic-Work-July-2020/Quinn/S1/PRJNA700874
[15:47:00] Running: mkdir -p \/Volumes\/Ananda_Bioinformatics\/Bioinformatic\-Work\-July\-2020\/Quinn\/S1\/PRJNA700874
[15:47:00] Using filename prefix: JS511.XXX
[15:47:00] Setting HMMER_NCPU=1
[15:47:00] Writing log to: /Volumes/Ananda_Bioinformatics/Bioinformatic-Work-July-2020/Quinn/S1/PRJNA700874/JS511.log
[15:47:00] Command: /opt/anaconda3/envs/PROKKA/bin/prokka --kingdom Bacteria --genus Escherichia --compliant --outdir /Volumes/Ananda_Bioinformatics/Bioinformatic-Work-July-2020/Quinn/S1/PRJNA700874 --locustag JS511 --prefix JS511 ./ReOrdering/alignment2-Final/17802x1-S1-Assembly.fasta
[15:47:00] Appending to PATH: /opt/anaconda3/envs/PROKKA/bin
[15:47:00] Looking for 'aragorn' - found /opt/anaconda3/envs/PROKKA/bin/aragorn
[15:47:00] Determined aragorn version is 001002 from 'ARAGORN v1.2.38 Dean Laslett'
[15:47:00] Looking for 'barrnap' - found /opt/anaconda3/envs/PROKKA/bin/barrnap
[15:47:00] Determined barrnap version is 000009 from 'barrnap 0.9'
[15:47:00] Looking for 'blastp' - found /opt/anaconda3/envs/PROKKA/bin/blastp
[15:47:00] Determined blastp version is 002010 from 'blastp: 2.10.1+'
[15:47:00] Looking for 'cmpress' - found /opt/anaconda3/envs/PROKKA/bin/cmpress
[15:47:00] Determined cmpress version is 001001 from '# INFERNAL 1.1.2 (July 2016)'
[15:47:00] Looking for 'cmscan' - found /opt/anaconda3/envs/PROKKA/bin/cmscan
[15:47:00] Determined cmscan version is 001001 from '# INFERNAL 1.1.2 (July 2016)'
[15:47:00] Looking for 'egrep' - found /usr/bin/egrep
[15:47:00] Looking for 'find' - found /usr/bin/find
[15:47:00] Looking for 'grep' - found /usr/bin/grep
[15:47:00] Looking for 'hmmpress' - found /opt/anaconda3/envs/PROKKA/bin/hmmpress
[15:47:00] Determined hmmpress version is 003003 from '# HMMER 3.3 (Nov 2019); http://hmmer.org/'
[15:47:00] Looking for 'hmmscan' - found /opt/anaconda3/envs/PROKKA/bin/hmmscan
[15:47:00] Determined hmmscan version is 003003 from '# HMMER 3.3 (Nov 2019); http://hmmer.org/'
[15:47:00] Looking for 'java' - found /opt/anaconda3/envs/PROKKA/bin/java
[15:47:00] Looking for 'makeblastdb' - found /opt/anaconda3/envs/PROKKA/bin/makeblastdb
[15:47:00] Determined makeblastdb version is 002010 from 'makeblastdb: 2.10.1+'
[15:47:00] Looking for 'minced' - found /opt/anaconda3/envs/PROKKA/bin/minced
[15:47:00] Determined minced version is 004002 from 'minced 0.4.2'
[15:47:00] Looking for 'parallel' - found /opt/anaconda3/envs/PROKKA/bin/parallel
[15:47:01] Determined parallel version is 20200722 from 'GNU parallel 20200722'
[15:47:01] Looking for 'prodigal' - found /opt/anaconda3/envs/PROKKA/bin/prodigal
[15:47:01] Determined prodigal version is 002006 from 'Prodigal V2.6.3: February, 2016'
[15:47:01] Looking for 'prokka-genbank_to_fasta_db' - found /opt/anaconda3/envs/PROKKA/bin/prokka-genbank_to_fasta_db
[15:47:01] Looking for 'sed' - found /usr/bin/sed
[15:47:01] Looking for 'tbl2asn' - found /opt/anaconda3/envs/PROKKA/bin/tbl2asn
[15:47:01] Determined tbl2asn version is 025007 from 'tbl2asn 25.7   arguments:'
[15:47:01] Using genetic code table 11.
[15:47:01] Loading and checking input file: ./ReOrdering/alignment2-Final/17802x1-S1-Assembly.fasta
[15:47:01] Wrote 124 contigs totalling 5313696 bp.
[15:47:01] Predicting tRNAs and tmRNAs
[15:47:01] Running: aragorn -l -gc11  -w \/Volumes\/Ananda_Bioinformatics\/Bioinformatic\-Work\-July\-2020\/Quinn\/S1\/PRJNA700874\/JS511\.fna
[15:47:04] 1 tRNA-Asp [104,180] 35 (gtc)
[15:47:04] 2 tRNA-Asp [8327,8403] 35 (gtc)
[15:47:04] 1 tRNA-Ser [63649,63741] 35 (gct)
[15:47:04] 2 tRNA-Arg [63745,63821] 35 (acg)
[15:47:04] 3 tRNA-Arg c[63765,63836] 34 (tcg)
[15:47:04] 4 tRNA-Arg [64020,64096] 35 (acg)
[15:47:04] 5 tRNA-Arg [64159,64235] 35 (acg)
[15:47:04] 6 tRNA-Arg [64338,64414] 35 (acg)
[15:47:04] 1 tRNA-Met [11204,11279] 34 (cat)
[15:47:04] 2 tmRNA c[19124,19486] 90,125 ANDENYALAA**
[15:47:04] 1 tRNA-Arg [36083,36159] 35 (tct)
[15:47:04] 1 tRNA-Arg c[42429,42505] 35 (tct)
[15:47:04] 1 tRNA-Lys c[27058,27133] 34 (ttt)
[15:47:04] 2 tRNA-Val c[27138,27213] 34 (tac)
[15:47:04] 3 tRNA-Val c[27260,27335] 34 (tac)
[15:47:04] 4 tRNA-Val c[27380,27455] 34 (tac)
[15:47:04] 5 tRNA-Ala [30154,30229] 34 (ggc)
[15:47:04] 6 tRNA-Ala [30269,30344] 34 (tgc)
[15:47:04] 1 tRNA-Arg c[49,123] 34 (cct)
[15:47:04] 2 tRNA-Pro c[175970,176046] 35 (ggg)
[15:47:04] 1 tRNA-Ser c[5224,5311] 35 (gga)
[15:47:04] 2 tRNA-Ser c[109398,109485] 35 (tga)
[15:47:04] 1 tRNA-Gly [41587,41662] 34 (gcc)
[15:47:04] 2 tRNA-Cys [41717,41790] 33 (gca)
[15:47:04] 3 tRNA-Leu [41803,41889] 35 (taa)
[15:47:04] 4 tRNA-Met [96411,96486] 34 (cat)
[15:47:04] 5 tRNA-Arg [96494,96570] 35 (tcg)
[15:47:04] 6 tRNA-Arg [96584,96660] 35 (tct)
[15:47:04] 1 tRNA-Val c[204190,204266] 35 (gac)
[15:47:04] 2 tRNA-Val c[204271,204347] 35 (gac)
[15:47:04] 1 tRNA-Tyr [42156,42240] 35 (gta)
[15:47:04] 2 tRNA-Tyr [42275,42359] 35 (gta)
[15:47:04] 1 tRNA-Ser [56464,56551] 35 (gga)
[15:47:04] 1 tRNA-Asn c[6763,6838] 34 (gtt)
[15:47:04] 2 tRNA-Asn c[9172,9247] 34 (gtt)
[15:47:04] 3 tRNA-Asn [10996,11071] 34 (gtt)
[15:47:04] 4 tRNA-Asn c[50542,50617] 34 (gtt)
[15:47:04] 5 tRNA-Ser [51609,51698] 35 (cga)
[15:47:04] 1 tRNA-Lys c[38728,38803] 34 (ttt)
[15:47:04] 2 tRNA-Lys c[38936,39011] 34 (ttt)
[15:47:04] 3 tRNA-Lys c[39158,39233] 34 (ttt)
[15:47:04] 4 tRNA-Val c[39237,39312] 34 (tac)
[15:47:04] 5 tRNA-Lys c[39364,39439] 34 (ttt)
[15:47:04] 6 tRNA-Val c[39442,39517] 34 (tac)
[15:47:04] 7 tRNA-Lys c[39653,39728] 34 (ttt)
[15:47:04] 1 tRNA-Met [8754,8830] 35 (cat)
[15:47:04] 2 tRNA-Leu [8839,8923] 35 (tag)
[15:47:04] 3 tRNA-Gln [8947,9021] 33 (ttg)
[15:47:04] 4 tRNA-Gln [9056,9130] 33 (ttg)
[15:47:04] 5 tRNA-Met [9146,9222] 35 (cat)
[15:47:04] 6 tRNA-Gln [9271,9345] 33 (ctg)
[15:47:04] 7 tRNA-Gln [9383,9457] 33 (ctg)
[15:47:04] 1 tRNA-Ser c[61798,61878] 38 (gga)
[15:47:04] 2 tRNA-Thr c[134059,134134] 34 (cgt)
[15:47:04] 1 tRNA-Met [45650,45726] 35 (cat)
[15:47:04] 2 tRNA-Met [45761,45837] 35 (cat)
[15:47:04] 3 tRNA-Gly c[118565,118638] 33 (ccc)
[15:47:04] 4 tRNA-Phe [228636,228711] 34 (gaa)
[15:47:04] 1 tRNA-Leu [25061,25147] 35 (cag)
[15:47:04] 2 tRNA-Leu [25176,25262] 35 (cag)
[15:47:04] 3 tRNA-Leu [25297,25383] 35 (cag)
[15:47:04] 1 tRNA-Met [145192,145267] 34 (cat)
[15:47:04] 2 tRNA-Met c[243512,243588] 35 (cat)
[15:47:04] 3 tRNA-Leu c[247369,247455] 35 (gag)
[15:47:04] 4 tRNA-Thr c[341409,341484] 34 (ggt)
[15:47:04] 1 tRNA-Pro c[41884,41960] 35 (cgg)
[15:47:04] 1 tRNA-Pro c[56122,56198] 35 (tgg)
[15:47:04] 2 tRNA-Leu c[56241,56327] 35 (cag)
[15:47:04] 3 tRNA-His c[56348,56423] 34 (gtg)
[15:47:04] 4 tRNA-Arg c[56482,56558] 35 (ccg)
[15:47:04] 5 tRNA-Trp c[89842,89917] 34 (cca)
[15:47:04] 6 tRNA-Asp c[89926,90002] 35 (gtc)
[15:47:04] 1 tRNA-Thr c[388,463] 34 (ggt)
[15:47:04] 2 tRNA-Gly c[470,544] 34 (tcc)
[15:47:04] 3 tRNA-Tyr c[661,745] 35 (gta)
[15:47:04] 4 tRNA-Thr c[754,829] 34 (tgt)
[15:47:04] 1 tRNA-SeC [81233,81327] 35 (tca)
[15:47:04] 1 tRNA-Phe c[129701,129776] 34 (gaa)
[15:47:04] 2 tRNA-Gly [158639,158714] 34 (gcc)
[15:47:04] 3 tRNA-Gly [158872,158947] 34 (gcc)
[15:47:04] 4 tRNA-Gly [158983,159058] 34 (gcc)
[15:47:04] 1 tRNA-Leu [69401,69485] 35 (caa)
[15:47:04] Found 82 tRNAs
[15:47:04] Predicting Ribosomal RNAs
[15:47:04] Running Barrnap with 4 threads
[15:47:05] 1 gnl|Prokka|JS511_115 150 16S ribosomal RNA
[15:47:05] 2 gnl|Prokka|JS511_57 341257 5S ribosomal RNA
[15:47:05] 3 gnl|Prokka|JS511_63 90060 5S ribosomal RNA
[15:47:05] 4 gnl|Prokka|JS511_63 90268 23S ribosomal RNA
[15:47:05] Found 4 rRNAs
[15:47:05] Skipping ncRNA search, enable with --rfam if desired.
[15:47:05] Total of 85 tRNA + rRNA features
[15:47:05] Searching for CRISPR repeats
[15:47:05] CRISPR1 gnl|Prokka|JS511_4 2247 with 11 spacers
[15:47:05] CRISPR2 gnl|Prokka|JS511_5 16762 with 4 spacers
[15:47:05] CRISPR3 gnl|Prokka|JS511_6 153 with 6 spacers
[15:47:05] Found 3 CRISPRs
[15:47:05] Predicting coding sequences
[15:47:05] Contigs total 5313696 bp, so using single mode
[15:47:05] Running: prodigal -i \/Volumes\/Ananda_Bioinformatics\/Bioinformatic\-Work\-July\-2020\/Quinn\/S1\/PRJNA700874\/JS511\.fna -c -m -g 11 -p single -f sco -q
[15:47:11] Excluding CDS which overlaps existing RNA (repeat_region) at gnl|Prokka|JS511_4:2133..2729 on - strand
[15:47:12] Excluding CDS which overlaps existing RNA (tRNA) at gnl|Prokka|JS511_17:96590..96769 on - strand
[15:47:12] Excluding CDS which overlaps existing RNA (tRNA) at gnl|Prokka|JS511_29:42092..42541 on - strand
[15:47:14] Excluding CDS which overlaps existing RNA (rRNA) at gnl|Prokka|JS511_115:1334..1588 on + strand
[15:47:14] Found 4934 CDS
[15:47:14] Connecting features back to sequences
[15:47:14] Not using genus-specific database. Try --usegenus to enable it.
[15:47:14] Annotating CDS, please be patient.
[15:47:14] Will use 4 CPUs for similarity searching.
[15:47:16] There are still 4934 unannotated CDS left (started with 4934)
[15:47:16] Will use blast to search against /opt/anaconda3/envs/PROKKA/db/kingdom/Bacteria/IS with 4 CPUs
[15:47:16] Running: cat \/Volumes\/Ananda_Bioinformatics\/Bioinformatic\-Work\-July\-2020\/Quinn\/S1\/PRJNA700874\/JS511\.IS\.tmp\.4699\.faa | parallel --gnu --plain -j 4 --block 197585 --recstart '>' --pipe blastp -query - -db /opt/anaconda3/envs/PROKKA/db/kingdom/Bacteria/IS -evalue 1e-30 -qcov_hsp_perc 90 -num_threads 1 -num_descriptions 1 -num_alignments 1 -seg no > \/Volumes\/Ananda_Bioinformatics\/Bioinformatic\-Work\-July\-2020\/Quinn\/S1\/PRJNA700874\/JS511\.IS\.tmp\.4699\.blast 2> /dev/null
[15:47:40] Deleting unwanted file: /Volumes/Ananda_Bioinformatics/Bioinformatic-Work-July-2020/Quinn/S1/PRJNA700874/JS511.IS.tmp.4699.faa
[15:47:40] Deleting unwanted file: /Volumes/Ananda_Bioinformatics/Bioinformatic-Work-July-2020/Quinn/S1/PRJNA700874/JS511.IS.tmp.4699.blast
[15:47:41] There are still 4882 unannotated CDS left (started with 4934)
[15:47:41] Will use blast to search against /opt/anaconda3/envs/PROKKA/db/kingdom/Bacteria/AMR with 4 CPUs
[15:47:41] Running: cat \/Volumes\/Ananda_Bioinformatics\/Bioinformatic\-Work\-July\-2020\/Quinn\/S1\/PRJNA700874\/JS511\.AMR\.tmp\.4699\.faa | parallel --gnu --plain -j 4 --block 195938 --recstart '>' --pipe blastp -query - -db /opt/anaconda3/envs/PROKKA/db/kingdom/Bacteria/AMR -evalue 9.99999999999999e-301 -qcov_hsp_perc 90 -num_threads 1 -num_descriptions 1 -num_alignments 1 -seg no > \/Volumes\/Ananda_Bioinformatics\/Bioinformatic\-Work\-July\-2020\/Quinn\/S1\/PRJNA700874\/JS511\.AMR\.tmp\.4699\.blast 2> /dev/null
[15:48:01] Deleting unwanted file: /Volumes/Ananda_Bioinformatics/Bioinformatic-Work-July-2020/Quinn/S1/PRJNA700874/JS511.AMR.tmp.4699.faa
[15:48:01] Deleting unwanted file: /Volumes/Ananda_Bioinformatics/Bioinformatic-Work-July-2020/Quinn/S1/PRJNA700874/JS511.AMR.tmp.4699.blast
[15:48:02] There are still 4882 unannotated CDS left (started with 4934)
[15:48:02] Will use blast to search against /opt/anaconda3/envs/PROKKA/db/kingdom/Bacteria/sprot with 4 CPUs
[15:48:02] Running: cat \/Volumes\/Ananda_Bioinformatics\/Bioinformatic\-Work\-July\-2020\/Quinn\/S1\/PRJNA700874\/JS511\.sprot\.tmp\.4699\.faa | parallel --gnu --plain -j 4 --block 195938 --recstart '>' --pipe blastp -query - -db /opt/anaconda3/envs/PROKKA/db/kingdom/Bacteria/sprot -evalue 1e-09 -qcov_hsp_perc 80 -num_threads 1 -num_descriptions 1 -num_alignments 1 -seg no > \/Volumes\/Ananda_Bioinformatics\/Bioinformatic\-Work\-July\-2020\/Quinn\/S1\/PRJNA700874\/JS511\.sprot\.tmp\.4699\.blast 2> /dev/null
[15:49:47] Modify product: Probable L,D-transpeptidase YcbB => putative L,D-transpeptidase YcbB
[15:49:47] Modify product: Probable fimbrial chaperone protein ElfD => putative fimbrial chaperone protein ElfD
[15:49:47] Modify product: Probable outer membrane usher protein ElfC => putative outer membrane usher protein ElfC
[15:49:47] Modify product: Uncharacterized fimbrial-like protein ElfG => putative fimbrial-like protein ElfG
[15:49:47] Modify product: Uncharacterized fimbrial-like protein YcbU => putative fimbrial-like protein YcbU
[15:49:47] Modify product: Uncharacterized fimbrial-like protein YcbV => putative fimbrial-like protein YcbV
[15:49:47] Modify product: Uncharacterized fimbrial chaperone YcbF => putative fimbrial chaperone YcbF
[15:49:47] Modify product: Uncharacterized protein YcbX => putative protein YcbX
[15:49:47] Modify product: UPF0319 protein HI_1681 => hypothetical protein
[15:49:47] Modify product: Uncharacterized protein YccU => putative protein YccU
[15:49:47] Modify product: Probable Ni/Fe-hydrogenase 1 B-type cytochrome subunit => putative Ni/Fe-hydrogenase 1 B-type cytochrome subunit
[15:49:47] Modify product: Uncharacterized protein YedJ => putative protein YedJ
[15:49:47] Modify product: Uncharacterized inner membrane transporter YedA => putative inner membrane transporter YedA
[15:49:47] Modify product: Probable diguanylate cyclase DgcQ => putative diguanylate cyclase DgcQ
[15:49:47] Modify product: UPF0098 protein YbcL => hypothetical protein
[15:49:47] Modify product: UPF0394 inner membrane protein YedE => hypothetical protein
[15:49:47] Modify product: Probable L,D-transpeptidase YcfS => putative L,D-transpeptidase YcfS
[15:49:47] Modify product: Probable transcriptional regulatory protein YebC => putative transcriptional regulatory protein YebC
[15:49:47] Modify product: Uncharacterized protein YebV => putative protein YebV
[15:49:47] Modify product: Probable manganese efflux pump MntP => putative manganese efflux pump MntP
[15:49:47] Modify product: UPF0266 membrane protein YobD => hypothetical protein
[15:49:47] Modify product: UPF0053 inner membrane protein YoaE => hypothetical protein
[15:49:47] Modify product: Probable cyclic di-GMP phosphodiesterase PdeD => putative cyclic di-GMP phosphodiesterase PdeD
[15:49:47] Modify product: Probable ATP-dependent DNA helicase YoaA => putative ATP-dependent DNA helicase YoaA
[15:49:47] Modify product: Uncharacterized protein YeaR => putative protein YeaR
[15:49:47] Modify product: Probable diguanylate cyclase DgcJ => putative diguanylate cyclase DgcJ
[15:49:47] Modify product: Probable diguanylate cyclase CdgI => putative diguanylate cyclase CdgI
[15:49:47] Modify product: Stress response UPF0229 protein YhbH => hypothetical protein
[15:49:47] Modify product: Uncharacterized zinc-type alcohol dehydrogenase-like protein YdjJ => putative zinc-type alcohol dehydrogenase-like protein YdjJ
[15:49:47] Modify product: Uncharacterized protein YdjI => putative protein YdjI
[15:49:47] Modify product: Uncharacterized sugar kinase YdjH => putative sugar kinase YdjH
[15:49:47] Modify product: Uncharacterized HTH-type transcriptional regulator YdjF => putative HTH-type transcriptional regulator YdjF
[15:49:47] Modify product: Probable ketoamine kinase HMPREF0351_12196 => putative ketoamine kinase
[15:49:47] Modify product: Uncharacterized protein YniD => putative protein YniD
[15:49:47] Modify product: Uncharacterized protein YdiE => putative protein YdiE
[15:49:47] Modify product: Uncharacterized protein HI_1163 => putative protein
[15:49:47] Modify product: Probable ATP-dependent transporter SufC => putative ATP-dependent transporter SufC
[15:49:47] Modify product: Probable L,D-transpeptidase YnhG => putative L,D-transpeptidase YnhG
[15:49:47] Modify product: Uncharacterized ferredoxin-like protein YdhY => putative ferredoxin-like protein YdhY
[15:49:47] Modify product: Uncharacterized oxidoreductase YdhV => putative oxidoreductase YdhV
[15:49:47] Modify product: Uncharacterized protein YdhW => putative protein YdhW
[15:49:47] Modify product: Uncharacterized ferredoxin-like protein YdhX => putative ferredoxin-like protein YdhX
[15:49:47] Modify product: Uncharacterized protein YdhT => putative protein YdhT
[15:49:47] Modify product: Probable autotransporter ROD_p1121 => putative autotransporter
[15:49:47] Modify product: Uncharacterized HTH-type transcriptional regulator YahB => putative HTH-type transcriptional regulator YahB
[15:49:47] Modify product: Uncharacterized protein YnhF => putative protein YnhF
[15:49:47] Modify product: Uncharacterized oxidoreductase YdgJ => putative oxidoreductase YdgJ
[15:49:47] Modify product: Probable dimethyl sulfoxide reductase chain YnfF => putative dimethyl sulfoxide reductase chain YnfF
[15:49:47] Modify product: Uncharacterized protein YnfD => putative protein YnfD
[15:49:47] Modify product: UPF0482 protein YnfB => hypothetical protein
[15:49:47] Modify product: UPF0060 membrane protein YnfA => hypothetical protein
[15:49:47] Modify product: Uncharacterized isomerase YddE => putative isomerase YddE
[15:49:47] Modify product: Probable nitrate reductase molybdenum cofactor assembly chaperone NarW => putative nitrate reductase molybdenum cofactor assembly chaperone NarW
[15:49:47] Modify product: 23S rRNA 5-hydroxycytidine C2501 synthase => 23S rRNA 5-hydroxycytidine synthase
[15:49:47] Modify product: Probable mRNA interferase toxin HicA => putative mRNA interferase toxin HicA
[15:49:47] Modify product: Uncharacterized protein YdcY => putative protein YdcY
[15:49:47] Modify product: Uncharacterized protein YncE => putative protein YncE
[15:49:47] Modify product: Probable amino-acid metabolite efflux pump => putative amino-acid metabolite efflux pump
[15:49:47] Modify product: UPF0056 inner membrane protein MarC => hypothetical protein
[15:49:47] Modify product: Probable glutamate/gamma-aminobutyrate antiporter => putative glutamate/gamma-aminobutyrate antiporter
[15:49:47] Modify product: Uncharacterized protein HI_1410 => putative protein
[15:49:48] Modify product: Uncharacterized HTH-type transcriptional regulator CBU_1416 => putative HTH-type transcriptional regulator
[15:49:48] Modify product: Uncharacterized protein YfgD => putative protein YfgD
[15:49:48] Modify product: Probable formate transporter 2 => putative formate transporter 2
[15:49:48] Modify product: Uncharacterized protein Rv2575 => putative protein
[15:49:48] Modify product: Uncharacterized protein YfeY => putative protein YfeY
[15:49:48] Modify product: Probable cyclic di-GMP phosphodiesterase PdeA => putative cyclic di-GMP phosphodiesterase PdeA
[15:49:48] Modify product: Probable multidrug resistance protein EmrK => putative multidrug resistance protein EmrK
[15:49:48] Modify product: Probable multidrug resistance protein EmrY => putative multidrug resistance protein EmrY
[15:49:48] Modify product: UPF0381 protein YiiS => hypothetical protein
[15:49:48] Modify product: Uncharacterized fimbrial-like protein YfcV => putative fimbrial-like protein YfcV
[15:49:48] Modify product: Probable fimbrial chaperone YfcS => putative fimbrial chaperone YfcS
[15:49:48] Modify product: Uncharacterized fimbrial-like protein YfcR => putative fimbrial-like protein YfcR
[15:49:48] Modify product: Uncharacterized fimbrial-like protein YfcQ => putative fimbrial-like protein YfcQ
[15:49:48] Modify product: Uncharacterized fimbrial-like protein YfcP => putative fimbrial-like protein YfcP
[15:49:48] Modify product: Uncharacterized protein YfcO => putative protein YfcO
[15:49:48] Modify product: Probable membrane transporter protein YfcA => putative membrane transporter protein YfcA
[15:49:48] Modify product: Uncharacterized MFS-type transporter YfcJ => putative MFS-type transporter YfcJ
[15:49:48] Modify product: Epimerase family protein SA0724 => Epimerase family protein
[15:49:48] Modify product: Uncharacterized Nudix hydrolase YfcD => putative Nudix hydrolase YfcD
[15:49:48] Modify product: UPF0208 membrane protein YfbV => hypothetical protein
[15:49:48] Modify product: UPF0304 protein YfbU => hypothetical protein
[15:49:48] Modify product: Probable 4-amino-4-deoxy-L-arabinose-phosphoundecaprenol flippase subunit ArnF => putative 4-amino-4-deoxy-L-arabinose-phosphoundecaprenol flippase subunit ArnF
[15:49:48] Modify product: Probable 4-amino-4-deoxy-L-arabinose-phosphoundecaprenol flippase subunit ArnE => putative 4-amino-4-deoxy-L-arabinose-phosphoundecaprenol flippase subunit ArnE
[15:49:48] Modify product: Probable 4-deoxy-4-formamido-L-arabinose-phosphoundecaprenol deformylase ArnD => putative 4-deoxy-4-formamido-L-arabinose-phosphoundecaprenol deformylase ArnD
[15:49:48] Modify product: Uncharacterized HTH-type transcriptional regulator RhmR => putative HTH-type transcriptional regulator RhmR
[15:49:48] Modify product: Probable autotransporter YfaL => putative autotransporter YfaL
[15:49:48] Modify product: Probable autotransporter ROD_p1121 => putative autotransporter
[15:49:48] Modify product: UPF0352 protein YejL => hypothetical protein
[15:49:48] Modify product: Uncharacterized protein YejG => putative protein YejG
[15:49:48] Modify product: Uncharacterized ABC transporter ATP-binding protein YejF => putative ABC transporter ATP-binding protein YejF
[15:49:48] Modify product: Probable cyclic di-GMP phosphodiesterase PdeN => putative cyclic di-GMP phosphodiesterase PdeN
[15:49:48] Modify product: UPF0153 protein YeiW => hypothetical protein
[15:49:48] Modify product: UPF0324 inner membrane protein YeiH => hypothetical protein
[15:49:48] Modify product: UPF0299 membrane protein YohJ => hypothetical protein
[15:49:48] Modify product: Uncharacterized oxidoreductase YohF => putative oxidoreductase YohF
[15:49:48] Modify product: UPF0387 membrane protein YohO => hypothetical protein
[15:49:48] Modify product: Uncharacterized lipoprotein YehR => putative lipoprotein YehR
[15:49:48] Modify product: Uncharacterized fimbrial-like protein YehD => putative fimbrial-like protein YehD
[15:49:48] Modify product: Probable fimbrial chaperone YehC => putative fimbrial chaperone YehC
[15:49:48] Modify product: Uncharacterized fimbrial-like protein YehA => putative fimbrial-like protein YehA
[15:49:48] Modify product: Probable L,D-transpeptidase YbiS => putative L,D-transpeptidase YbiS
[15:49:48] Modify product: Uncharacterized ABC transporter ATP-binding protein YbiT => putative ABC transporter ATP-binding protein YbiT
[15:49:48] Modify product: Uncharacterized protein YbiU => putative protein YbiU
[15:49:48] Modify product: Probable cyclic di-GMP phosphodiesterase PdeI => putative cyclic di-GMP phosphodiesterase PdeI
[15:49:48] Modify product: Uncharacterized protein YbjN => putative protein YbjN
[15:49:48] Modify product: Uncharacterized lipoprotein YbjP => putative lipoprotein YbjP
[15:49:48] Modify product: UPF0145 protein YbjQ => hypothetical protein
[15:49:48] Modify product: UPF0758 protein CT0611 => hypothetical protein
[15:49:48] Modify product: Probable hydrolase YcaC => putative hydrolase YcaC
[15:49:48] Modify product: Uncharacterized MFS-type transporter YcaD => putative MFS-type transporter YcaD
[15:49:48] Modify product: UPF0434 protein YcaR => hypothetical protein
[15:49:48] Modify product: Probable D,D-dipeptide-binding periplasmic protein DdpA => putative D,D-dipeptide-binding periplasmic protein DdpA
[15:49:48] Modify product: Probable D,D-dipeptide transport system permease protein DdpB => putative D,D-dipeptide transport system permease protein DdpB
[15:49:48] Modify product: Probable D,D-dipeptide transport system permease protein DdpC => putative D,D-dipeptide transport system permease protein DdpC
[15:49:48] Modify product: Probable D,D-dipeptide transport ATP-binding protein DdpD => putative D,D-dipeptide transport ATP-binding protein DdpD
[15:49:48] Modify product: Probable D,D-dipeptide transport ATP-binding protein DdpF => putative D,D-dipeptide transport ATP-binding protein DdpF
[15:49:48] Modify product: Uncharacterized HTH-type transcriptional regulator YddM => putative HTH-type transcriptional regulator YddM
[15:49:48] Modify product: Uncharacterized protein Rv3292 => putative protein
[15:49:48] Modify product: Uncharacterized protein YnbD => putative protein YnbD
[15:49:48] Modify product: Uncharacterized protein YnbC => putative protein YnbC
[15:49:48] Modify product: Uncharacterized periplasmic iron-binding protein HI_0362 => putative periplasmic iron-binding protein
[15:49:48] Modify product: Uncharacterized protein YeaR => putative protein YeaR
[15:49:48] Modify product: Probable DNA endonuclease SmrA => putative DNA endonuclease SmrA
[15:49:48] Modify product: Uncharacterized protein YcjY => putative protein YcjY
[15:49:48] Modify product: UPF0283 membrane protein YcjF => hypothetical protein
[15:49:48] Modify product: Uncharacterized protein YcjX => putative protein YcjX
[15:49:48] Modify product: Probable efflux pump outer membrane protein TtgC => putative efflux pump outer membrane protein TtgC
[15:49:48] Modify product: UPF0509 protein YciZ => hypothetical protein
[15:49:48] Modify product: Uncharacterized protein YciH => putative protein YciH
[15:49:48] Modify product: Probable protease SohB => putative protease SohB
[15:49:48] Modify product: Uncharacterized oxidoreductase YciK => putative oxidoreductase YciK
[15:49:48] Modify product: Uncharacterized protein YciO => putative protein YciO
[15:49:48] Modify product: UPF0259 membrane protein YciC => hypothetical protein
[15:49:48] Modify product: Probable intracellular septation protein A => putative intracellular septation protein A
[15:49:48] Modify product: Uncharacterized acyl-CoA thioester hydrolase HI_0827 => putative acyl-CoA thioester hydrolase
[15:49:48] Modify product: UPF0263 protein YciU => hypothetical protein
[15:49:48] Modify product: UPF0056 inner membrane protein MarC => hypothetical protein
[15:49:48] Modify product: Uncharacterized NTE family protein Rv1063c => putative NTE family protein
[15:49:48] Modify product: UPF0225 protein YchJ => hypothetical protein
[15:49:48] Modify product: Probable ABC transporter permease protein HI_1471 => putative ABC transporter permease protein
[15:49:48] Modify product: Uncharacterized ABC transporter ATP-binding protein HI_1470 => putative ABC transporter ATP-binding protein
[15:49:48] Modify product: Uncharacterized protein YcgM => putative protein YcgM
[15:49:48] Modify product: Probable autotransporter ROD_p1121 => putative autotransporter
[15:49:48] Modify product: UPF0757 protein YmgG => hypothetical protein
[15:49:48] Modify product: Uncharacterized protein YmgD => putative protein YmgD
[15:49:48] Modify product: Probable cyclic di-GMP phosphodiesterase PdeG => putative cyclic di-GMP phosphodiesterase PdeG
[15:49:48] Modify product: Uncharacterized protein YmgC => putative protein YmgC
[15:49:48] Modify product: Probable two-component-system connector protein AriR => putative two-component-system connector protein AriR
[15:49:48] Modify product: Probable two-component-system connector protein YcgZ => putative two-component-system connector protein YcgZ
[15:49:48] Modify product: Uncharacterized protein YdfO => putative protein YdfO
[15:49:48] Modify product: UPF0227 protein YcfP => hypothetical protein
[15:49:48] Modify product: Uncharacterized metal-dependent hydrolase YcfH => putative metal-dependent hydrolase YcfH
[15:49:48] Modify product: UPF0502 protein YceH => hypothetical protein
[15:49:48] Modify product: Uncharacterized lipoprotein YceB => putative lipoprotein YceB
[15:49:48] Modify product: Uncharacterized protein YceO => putative protein YceO
[15:49:48] Modify product: Cytochrome b561 homolog 2 => Cytochrome b561 
[15:49:48] Modify product: UPF0176 protein YceA => hypothetical protein
[15:49:48] Modify product: Uncharacterized protein YmdA => putative protein YmdA
[15:49:48] Modify product: Probable phosphatase YcdX => putative phosphatase YcdX
[15:49:48] Modify product: Probable diguanylate cyclase DgcT => putative diguanylate cyclase DgcT
[15:49:48] Modify product: Probable malonic semialdehyde reductase RutE => putative malonic semialdehyde reductase RutE
[15:49:48] Modify product: Uncharacterized protein YccJ => putative protein YccJ
[15:49:48] Modify product: Probable L,D-transpeptidase ErfK/SrfK => putative L,D-transpeptidase ErfK/SrfK
[15:49:48] Modify product: Probable FMN/FAD exporter YeeO => putative FMN/FAD exporter YeeO
[15:49:48] Modify product: Probable transcriptional regulatory protein YeeN => putative transcriptional regulatory protein YeeN
[15:49:48] Modify product: Putative multidrug export ATP-binding/permease protein SAV1866 => Putative multidrug export ATP-binding/permease protein
[15:49:48] Modify product: UPF0265 protein YeeX => hypothetical protein
[15:49:48] Modify product: UPF0394 inner membrane protein YeeE => hypothetical protein
[15:49:49] Modify product: UPF0053 inner membrane protein YoaE => hypothetical protein
[15:49:49] Modify product: Probable diguanylate cyclase DgcE => putative diguanylate cyclase DgcE
[15:49:49] Modify product: UPF0339 protein YegP => hypothetical protein
[15:49:49] Modify product: 23S rRNA 5-hydroxycytidine C2501 synthase => 23S rRNA 5-hydroxycytidine synthase
[15:49:49] Modify product: Probable fimbrial chaperone YehC => putative fimbrial chaperone YehC
[15:49:49] Modify product: Uncharacterized fimbrial-like protein YehD => putative fimbrial-like protein YehD
[15:49:49] Modify product: Probable peptidoglycan glycosyltransferase FtsW => putative peptidoglycan glycosyltransferase FtsW
[15:49:49] Modify product: UPF0231 protein YacL => hypothetical protein
[15:49:49] Modify product: Uncharacterized ABC transporter ATP-binding protein YadG => putative ABC transporter ATP-binding protein YadG
[15:49:49] Modify product: Uncharacterized fimbrial-like protein YadC => putative fimbrial-like protein YadC
[15:49:49] Modify product: Uncharacterized fimbrial-like protein YadK => putative fimbrial-like protein YadK
[15:49:49] Modify product: Uncharacterized fimbrial-like protein YadM => putative fimbrial-like protein YadM
[15:49:49] Modify product: Probable fimbrial chaperone YadV => putative fimbrial chaperone YadV
[15:49:49] Modify product: Uncharacterized fimbrial-like protein YadN => putative fimbrial-like protein YadN
[15:49:49] Modify product: UPF0126 inner membrane protein YadS => hypothetical protein
[15:49:49] Modify product: UPF0253 protein YaeP => hypothetical protein
[15:49:49] Modify product: Uncharacterized protein YaeQ => putative protein YaeQ
[15:49:49] Modify product: Uncharacterized methyltransferase YcgJ => putative methyltransferase YcgJ
[15:49:49] Modify product: Uncharacterized protein YqcG => putative protein YqcG
[15:49:49] Modify product: Uncharacterized protein YgcP => putative protein YgcP
[15:49:49] Modify product: Probable UbiX-like flavin prenyltransferase => putative UbiX-like flavin prenyltransferase
[15:49:49] Modify product: Probable transporter SCO4007 => putative transporter
[15:49:49] Modify product: Uncharacterized protein YgaM => putative protein YgaM
[15:49:49] Modify product: Probable HTH-type transcriptional regulator YgaV => putative HTH-type transcriptional regulator YgaV
[15:49:49] Modify product: UPF0758 protein => hypothetical protein
[15:49:49] Modify product: Probable autotransporter ROD_p1121 => putative autotransporter
[15:49:49] Modify product: UPF0125 protein RatB => hypothetical protein
[15:49:49] Modify product: UPF0053 inner membrane protein YfjD => hypothetical protein
[15:49:49] Modify product: Probable iron export ATP-binding protein FetA => putative iron export ATP-binding protein FetA
[15:49:49] Modify product: Probable iron export permease protein FetB => putative iron export permease protein FetB
[15:49:49] Modify product: Uncharacterized protein YbcJ => putative protein YbcJ
[15:49:49] Modify product: Bifunctional protein FolD => Bifunctional protein FolD protein
[15:49:49] Modify product: Uncharacterized fimbrial-like protein SfmA => putative fimbrial-like protein SfmA
[15:49:49] Modify product: Probable fimbrial chaperone SfmC => putative fimbrial chaperone SfmC
[15:49:49] Modify product: Uncharacterized fimbrial-like protein SfmH => putative fimbrial-like protein SfmH
[15:49:49] Modify product: Uncharacterized fimbrial-like protein SfmF => putative fimbrial-like protein SfmF
[15:49:49] Modify product: Probable deoxyribonuclease RhsA => putative deoxyribonuclease RhsA
[15:49:49] Modify product: Uncharacterized tRNA/rRNA methyltransferase YfiF => putative tRNA/rRNA methyltransferase YfiF
[15:49:49] Modify product: Uncharacterized protein YphB => putative protein YphB
[15:49:49] Modify product: Probable 3-phenylpropionic acid transporter => putative 3-phenylpropionic acid transporter
[15:49:49] Modify product: Uncharacterized protein Rv2307c => putative protein
[15:49:49] Modify product: UPF0070 protein HI_0370 => hypothetical protein
[15:49:49] Modify product: Uncharacterized protein YfgJ => putative protein YfgJ
[15:49:49] Modify product: Probable ATP synthase SpaL => putative ATP synthase SpaL
[15:49:49] Modify product: Uncharacterized protein YqfG => putative protein YqfG
[15:49:49] Modify product: UPF0073 inner membrane protein YqfA => hypothetical protein
[15:49:49] Modify product: UPF0267 protein YqfB => hypothetical protein
[15:49:49] Modify product: UPF0149 protein HI_0817 => hypothetical protein
[15:49:49] Modify product: UPF0301 protein YqgE => hypothetical protein
[15:49:49] Modify product: Uncharacterized protein YggR => putative protein YggR
[15:49:49] Modify product: UPF0235 protein YggU => hypothetical protein
[15:49:49] Modify product: Uncharacterized protein HI_0341 => putative protein
[15:49:49] Modify product: Probable Fe(2+)-trafficking protein => putative Fe(2+)-trafficking protein
[15:49:49] Modify product: Probable inner membrane protein Smp => putative inner membrane protein Smp
[15:49:49] Modify product: Uncharacterized protein YjjI => putative protein YjjI
[15:49:49] Modify product: Uncharacterized metal-dependent hydrolase YjjV => putative metal-dependent hydrolase YjjV
[15:49:49] Modify product: UPF0442 protein YjjB => hypothetical protein
[15:49:49] Modify product: Probable HTH-type transcriptional regulator LgoR => putative HTH-type transcriptional regulator LgoR
[15:49:49] Modify product: Uncharacterized protein YjiK => putative protein YjiK
[15:49:49] Modify product: Probable RNA 2'-phosphotransferase => putative RNA 2'-phosphotransferase
[15:49:49] Modify product: Probable major fimbrial subunit LpfA => putative major fimbrial subunit LpfA
[15:49:49] Modify product: Probable N-acetylneuraminic acid outer membrane channel protein NanC => putative N-acetylneuraminic acid outer membrane channel protein NanC
[15:49:49] Modify product: Probable 9-O-acetyl-N-acetylneuraminic acid deacetylase => putative 9-O-acetyl-N-acetylneuraminic acid deacetylase
[15:49:49] Modify product: Uncharacterized protein YjhP => putative protein YjhP
[15:49:49] Modify product: Probable 2-dehydro-3-deoxy-D-pentonate aldolase YjhH => putative 2-dehydro-3-deoxy-D-pentonate aldolase YjhH
[15:49:49] Modify product: Uncharacterized protein YbdM => putative protein YbdM
[15:49:49] Modify product: Uncharacterized FAD-linked oxidoreductase Rv2280 => putative FAD-linked oxidoreductase
[15:49:49] Modify product: Uncharacterized protein YtfJ => putative protein YtfJ
[15:49:49] Modify product: Probable Ni/Fe-hydrogenase 2 b-type cytochrome subunit => putative Ni/Fe-hydrogenase 2 b-type cytochrome subunit
[15:49:49] Modify product: Uncharacterized oxidoreductase YghA => putative oxidoreductase YghA
[15:49:49] Modify product: Probable deoxycholate-binding periplasmic protein YgiS => putative deoxycholate-binding periplasmic protein YgiS
[15:49:49] Modify product: Probable quinol monooxygenase YgiN => putative quinol monooxygenase YgiN
[15:49:49] Modify product: Uncharacterized fimbrial-like protein YbgD => putative fimbrial-like protein YbgD
[15:49:49] Modify product: Probable glycerol-3-phosphate acyltransferase => putative glycerol-3-phosphate acyltransferase
[15:49:49] Modify product: Uncharacterized protein YqjD => putative protein YqjD
[15:49:49] Modify product: UPF0597 protein YhaM => hypothetical protein
[15:49:49] Modify product: Probable serine transporter => putative serine transporter
[15:49:50] Modify product: Probable galactarate transporter => putative galactarate transporter
[15:49:50] Modify product: UPF0213 protein BH0048 => hypothetical protein
[15:49:50] Modify product: Uncharacterized protease YhbU => putative protease YhbU
[15:49:50] Modify product: Uncharacterized inner membrane transporter YhbE => putative inner membrane transporter YhbE
[15:49:50] Modify product: Uncharacterized protein YrbL => putative protein YrbL
[15:49:50] Modify product: Uncharacterized protein YhcH => putative protein YhcH
[15:49:50] Modify product: Uncharacterized protein YhcO => putative protein YhcO
[15:49:50] Modify product: Probable acrylyl-CoA reductase AcuI => putative acrylyl-CoA reductase AcuI
[15:49:50] Modify product: Uncharacterized membrane protein YhdT => putative membrane protein YhdT
[15:49:50] Modify product: UPF0401 protein YkfF => hypothetical protein
[15:49:50] Modify product: Uncharacterized protein McbA => putative protein McbA
[15:49:50] Modify product: PKHD-type hydroxylase Sbal_3634 => PKHD-type hydroxylase
[15:49:50] Modify product: Uncharacterized protein YbiI => putative protein YbiI
[15:49:50] Modify product: Uncharacterized protein YbiB => putative protein YbiB
[15:49:50] Modify product: UPF0194 membrane protein YbhG => hypothetical protein
[15:49:50] Modify product: Probable multidrug ABC transporter ATP-binding protein YbhF => putative multidrug ABC transporter ATP-binding protein YbhF
[15:49:50] Modify product: Probable multidrug ABC transporter permease YbhS => putative multidrug ABC transporter permease YbhS
[15:49:50] Modify product: Probable multidrug ABC transporter permease YbhR => putative multidrug ABC transporter permease YbhR
[15:49:50] Modify product: UPF0098 protein YbhB => hypothetical protein
[15:49:50] Modify product: Uncharacterized fimbrial-like protein YbgD => putative fimbrial-like protein YbgD
[15:49:50] Modify product: GTP cyclohydrolase 1 type 2 homolog => GTP cyclohydrolase 1 type 2 
[15:49:50] Modify product: Uncharacterized protein YbfE => putative protein YbfE
[15:49:50] Modify product: Uncharacterized lipoprotein ChiQ => putative lipoprotein ChiQ
[15:49:50] Modify product: UPF0250 protein YbeD => hypothetical protein
[15:49:50] Modify product: Uncharacterized HTH-type transcriptional regulator YbdO => putative HTH-type transcriptional regulator YbdO
[15:49:50] Modify product: Uncharacterized HTH-type transcriptional regulator YbdO => putative HTH-type transcriptional regulator YbdO
[15:49:50] Modify product: Uncharacterized protein YbdM => putative protein YbdM
[15:49:50] Modify product: Probable cyclic di-GMP phosphodiesterase PdeB => putative cyclic di-GMP phosphodiesterase PdeB
[15:49:50] Modify product: Uncharacterized protein YbaA => putative protein YbaA
[15:49:50] Modify product: Uncharacterized lipoprotein YbaY => putative lipoprotein YbaY
[15:49:50] Modify product: Probable multidrug resistance ABC transporter ATP-binding/permease protein YheI => putative multidrug resistance ABC transporter ATP-binding/permease protein YheI
[15:49:50] Modify product: Uncharacterized protein HI_1008 => putative protein
[15:49:50] Modify product: UPF0234 protein YajQ => hypothetical protein
[15:49:50] Modify product: Uncharacterized lipoprotein YajI => putative lipoprotein YajI
[15:49:50] Modify product: Uncharacterized protein YaiA => putative protein YaiA
[15:49:50] Modify product: UPF0178 protein YaiI => hypothetical protein
[15:49:50] Modify product: Probable diguanylate cyclase DgcC => putative diguanylate cyclase DgcC
[15:49:50] Modify product: Uncharacterized transporter YycB => putative transporter YycB
[15:49:50] Modify product: Uncharacterized HTH-type transcriptional regulator YahB => putative HTH-type transcriptional regulator YahB
[15:49:50] Modify product: Probable pyridine nucleotide-disulfide oxidoreductase RclA => putative pyridine nucleotide-disulfide oxidoreductase RclA
[15:49:50] Modify product: Uncharacterized oxidoreductase YtbE => putative oxidoreductase YtbE
[15:49:50] Modify product: Uncharacterized protein YcjY => putative protein YcjY
[15:49:50] Modify product: Uncharacterized membrane protein YkgR => putative membrane protein YkgR
[15:49:50] Modify product: Probable fimbrial chaperone EcpB => putative fimbrial chaperone EcpB
[15:49:50] Modify product: Probable outer membrane usher protein EcpC => putative outer membrane usher protein EcpC
[15:49:50] Modify product: Probable fimbrial chaperone EcpE => putative fimbrial chaperone EcpE
[15:49:50] Modify product: Uncharacterized protein PA2218 => putative protein
[15:49:50] Modify product: UPF0255 protein VV1_0328 => hypothetical protein
[15:49:50] Modify product: Uncharacterized N-acetyltransferase YafP => putative N-acetyltransferase YafP
[15:49:50] Modify product: Uncharacterized protein YthA => putative protein YthA
[15:49:50] Modify product: Uncharacterized oxidoreductase YjhC => putative oxidoreductase YjhC
[15:49:50] Modify product: Probable glucarate transporter => putative glucarate transporter
[15:49:50] Modify product: Uncharacterized protein PA3435 => putative protein
[15:49:50] Modify product: Uncharacterized protein YqcC => putative protein YqcC
[15:49:50] Modify product: Uncharacterized HTH-type transcriptional regulator YdjF => putative HTH-type transcriptional regulator YdjF
[15:49:50] Modify product: UPF0382 inner membrane protein YgdD => hypothetical protein
[15:49:50] Modify product: Uncharacterized lipoprotein YgdR => putative lipoprotein YgdR
[15:49:50] Modify product: UPF0053 inner membrane protein YgdQ => hypothetical protein
[15:49:50] Modify product: Uncharacterized lipoprotein YgdR => putative lipoprotein YgdR
[15:49:50] Modify product: Protein SlyX homolog => Protein SlyX 
[15:49:50] Modify product: Uncharacterized ABC transporter ATP-binding protein YheS => putative ABC transporter ATP-binding protein YheS
[15:49:50] Modify product: UPF0270 protein PA3463 => hypothetical protein
[15:49:50] Modify product: Probable protein adenylyltransferase Fic => putative protein adenylyltransferase Fic
[15:49:50] Modify product: Uncharacterized protein YhfG => putative protein YhfG
[15:49:50] Modify product: Uncharacterized protein YhfS => putative protein YhfS
[15:49:50] Modify product: Uncharacterized protein YhfX => putative protein YhfX
[15:49:50] Modify product: Putative membrane protein IgaA homolog => Putative membrane protein IgaA 
[15:49:50] Modify product: Probable [Fe-S]-dependent transcriptional repressor FeoC => putative [Fe-S]-dependent transcriptional repressor FeoC
[15:49:50] Modify product: UPF0056 inner membrane protein YhgN => hypothetical protein
[15:49:50] Modify product: Uncharacterized oxidoreductase YhhX => putative oxidoreductase YhhX
[15:49:50] Modify product: Uncharacterized protein YhhA => putative protein YhhA
[15:49:50] Modify product: Uncharacterized MFS-type transporter YhhS => putative MFS-type transporter YhhS
[15:49:50] Modify product: Uncharacterized protein HI_0933 => putative protein
[15:49:50] Modify product: Probable cyclic di-GMP phosphodiesterase PdeK => putative cyclic di-GMP phosphodiesterase PdeK
[15:49:51] Modify product: Uncharacterized MFS-type transporter YhjX => putative MFS-type transporter YhjX
[15:49:51] Modify product: Probable lipoprotein YiaD => putative lipoprotein YiaD
[15:49:51] Modify product: Uncharacterized protein YhcH => putative protein YhcH
[15:49:51] Modify product: Probable protein kinase UbiB => putative protein kinase UbiB
[15:49:51] Modify product: Probable transport protein YifK => putative transport protein YifK
[15:49:51] Modify product: Probable ECA polymerase => putative ECA polymerase
[15:49:51] Modify product: UPF0438 protein YifE => hypothetical protein
[15:49:51] Modify product: Uncharacterized protein HI_0431 => putative protein
[15:49:51] Modify product: Probable cystine transporter YijE => putative cystine transporter YijE
[15:49:51] Modify product: UPF0381 protein YiiS => hypothetical protein
[15:49:51] Modify product: UPF0761 membrane protein YihY => hypothetical protein
[15:49:51] Modify product: Uncharacterized protein YihR => putative protein YihR
[15:49:51] Modify product: Uncharacterized protein YshB => putative protein YshB
[15:49:51] Modify product: Probable GTP-binding protein EngB => putative GTP-binding protein EngB
[15:49:51] Modify product: Probable acyltransferase YihG => putative acyltransferase YihG
[15:49:51] Modify product: Uncharacterized GST-like protein YibF => putative GST-like protein YibF
[15:49:51] Modify product: Uncharacterized protein YibL => putative protein YibL
[15:49:51] Modify product: Uncharacterized protein YibN => putative protein YibN
[15:49:51] Modify product: Uncharacterized protein HI_0755 => putative protein
[15:49:51] Modify product: UPF0758 protein SP_1088 => hypothetical protein
[15:49:51] Modify product: UPF0701 protein YicC => hypothetical protein
[15:49:51] Modify product: UPF0126 inner membrane protein YicG => hypothetical protein
[15:49:51] Modify product: Probable fructose-bisphosphate aldolase => putative fructose-bisphosphate aldolase
[15:49:51] Modify product: Uncharacterized inner membrane transporter YicL => putative inner membrane transporter YicL
[15:49:51] Modify product: Uncharacterized symporter YidK => putative symporter YidK
[15:49:51] Modify product: Probable 2-dehydro-3-deoxygalactonokinase DgoK1 => putative 2-dehydro-3-deoxygalactonokinase DgoK1
[15:49:51] Modify product: Probable transport protein HsrA => putative transport protein HsrA
[15:49:51] Modify product: Uncharacterized lipoprotein GfcB => putative lipoprotein GfcB
[15:49:51] Modify product: UPF0337 protein YjbJ => hypothetical protein
[15:49:51] Modify product: Uncharacterized protein YjbR => putative protein YjbR
[15:49:51] Modify product: Probable cyclic di-GMP phosphodiesterase PdeC => putative cyclic di-GMP phosphodiesterase PdeC
[15:49:51] Modify product: Uncharacterized ferredoxin-like protein YdhX => putative ferredoxin-like protein YdhX
[15:49:51] Modify product: Probable transcriptional regulator PhnF => putative transcriptional regulator PhnF
[15:49:51] Modify product: Uncharacterized protein YjdJ => putative protein YjdJ
[15:49:51] Modify product: Probable cadaverine/lysine antiporter => putative cadaverine/lysine antiporter
[15:49:51] Modify product: UPF0716 protein FxsA => hypothetical protein
[15:49:51] Modify product: UPF0719 inner membrane protein YjfL => hypothetical protein
[15:49:51] Modify product: Probable L-ascorbate-6-phosphate lactonase UlaG => putative L-ascorbate-6-phosphate lactonase UlaG
[15:49:51] Modify product: Uncharacterized protein YtfJ => putative protein YtfJ
[15:49:51] Modify product: UPF0053 inner membrane protein YtfL => hypothetical protein
[15:49:51] Modify product: UPF0307 protein YjgA => hypothetical protein
[15:49:51] Modify product: Uncharacterized protein YdfR => putative protein YdfR
[15:49:51] Modify product: Uncharacterized protein YdfO => putative protein YdfO
[15:49:51] Modify product: Prophage tail fiber assembly protein homolog TfaE => Prophage tail fiber assembly protein TfaE
[15:49:51] Modify product: Uncharacterized protein YqjZ => putative protein YqjZ
[15:49:51] Modify product: Probable RNA polymerase sigma factor FecI => putative RNA polymerase sigma factor FecI
[15:49:51] Modify product: UPF0401 protein YkfF => hypothetical protein
[15:49:51] Modify product: Uncharacterized protein YbbC => putative protein YbbC
[15:49:51] Modify product: UPF0401 protein YkfF => hypothetical protein
[15:49:51] Modify product: UPF0758 protein CT0611 => hypothetical protein
[15:49:51] Cleaned 370 /product names
[15:49:51] Deleting unwanted file: /Volumes/Ananda_Bioinformatics/Bioinformatic-Work-July-2020/Quinn/S1/PRJNA700874/JS511.sprot.tmp.4699.faa
[15:49:51] Deleting unwanted file: /Volumes/Ananda_Bioinformatics/Bioinformatic-Work-July-2020/Quinn/S1/PRJNA700874/JS511.sprot.tmp.4699.blast
[15:49:52] There are still 1276 unannotated CDS left (started with 4934)
[15:49:52] Will use hmmer3 to search against /opt/anaconda3/envs/PROKKA/db/hmm/HAMAP.hmm with 4 CPUs
[15:49:52] Running: cat \/Volumes\/Ananda_Bioinformatics\/Bioinformatic\-Work\-July\-2020\/Quinn\/S1\/PRJNA700874\/JS511\.HAMAP\.hmm\.tmp\.4699\.faa | parallel --gnu --plain -j 4 --block 42128 --recstart '>' --pipe hmmscan --noali --notextw --acc -E 1e-09 --cpu 1 /opt/anaconda3/envs/PROKKA/db/hmm/HAMAP.hmm /dev/stdin > \/Volumes\/Ananda_Bioinformatics\/Bioinformatic\-Work\-July\-2020\/Quinn\/S1\/PRJNA700874\/JS511\.HAMAP\.hmm\.tmp\.4699\.hmmer3 2> /dev/null
[15:50:18] Modify product: Uncharacterized Nudix hydrolase NudL => putative Nudix hydrolase NudL
[15:50:18] Cleaned 1 /product names
[15:50:18] Deleting unwanted file: /Volumes/Ananda_Bioinformatics/Bioinformatic-Work-July-2020/Quinn/S1/PRJNA700874/JS511.HAMAP.hmm.tmp.4699.faa
[15:50:18] Deleting unwanted file: /Volumes/Ananda_Bioinformatics/Bioinformatic-Work-July-2020/Quinn/S1/PRJNA700874/JS511.HAMAP.hmm.tmp.4699.hmmer3
[15:50:18] Labelling remaining 1191 proteins as 'hypothetical protein'
[15:50:18] Possible /pseudo 'ATP-dependent RNA helicase HrpB' at gnl|Prokka|JS511_2 position 152713
[15:50:18] Possible /pseudo 'Ureidoglycolate dehydrogenase (NAD(+))' at gnl|Prokka|JS511_10 position 17163
[15:50:18] Possible /pseudo 'D-tagatose-1,6-bisphosphate aldolase subunit GatZ' at gnl|Prokka|JS511_14 position 285953
[15:50:18] Possible /pseudo 'Formate dehydrogenase, nitrate-inducible, major subunit' at gnl|Prokka|JS511_20 position 23895
[15:50:18] Possible /pseudo 'Trans-aconitate 2-methyltransferase' at gnl|Prokka|JS511_23 position 35604
[15:50:18] Possible /pseudo 'Manganese transport system membrane protein MntB' at gnl|Prokka|JS511_25 position 51252
[15:50:18] Possible /pseudo 'Protein RhsC' at gnl|Prokka|JS511_42 position 7728
[15:50:18] Possible /pseudo 'HTH-type transcriptional regulator AcrR' at gnl|Prokka|JS511_45 position 15252
[15:50:18] Possible /pseudo 'HTH-type transcriptional regulator PgrR' at gnl|Prokka|JS511_49 position 104334
[15:50:18] Possible /pseudo 'ISAs1 family transposase ISEc5' at gnl|Prokka|JS511_49 position 156827
[15:50:18] Possible /pseudo 'IS3 family transposase IS629' at gnl|Prokka|JS511_55 position 20204
[15:50:18] Possible /pseudo 'Inner membrane transporter YgjI' at gnl|Prokka|JS511_57 position 156518
[15:50:18] Possible /pseudo 'Cellulose biosynthesis protein BcsQ' at gnl|Prokka|JS511_61 position 28199
[15:50:18] Possible /pseudo 'Small toxic polypeptide LdrD' at gnl|Prokka|JS511_61 position 33035
[15:50:18] Possible /pseudo 'Small toxic polypeptide LdrD' at gnl|Prokka|JS511_61 position 33519
[15:50:18] Possible /pseudo 'PTS system mannose-specific EIIBCA component' at gnl|Prokka|JS511_67 position 37225
[15:50:18] Possible /pseudo 'Formate dehydrogenase-O major subunit' at gnl|Prokka|JS511_67 position 43933
[15:50:18] Possible /pseudo 'Putative 2,3-dihydroxypropane-1-sulfonate exporter' at gnl|Prokka|JS511_68 position 13544
[15:50:18] Possible /pseudo 'Formate dehydrogenase H' at gnl|Prokka|JS511_74 position 73315
[15:50:18] Found 3208 unique /gene codes.
[15:50:18] Fixed 2 duplicate /gene - aaeB_1 aaeB_2
[15:50:18] Fixed 3 duplicate /gene - exuT_1 exuT_2 exuT_3
[15:50:18] Fixed 4 duplicate /gene - cbtA_1 cbtA_2 cbtA_3 cbtA_4
[15:50:18] Fixed 2 duplicate /gene - btuB_1 btuB_2
[15:50:18] Fixed 2 duplicate /gene - deoB_1 deoB_2
[15:50:18] Fixed 4 duplicate /gene - manP_1 manP_2 manP_3 manP_4
[15:50:18] Fixed 2 duplicate /gene - dadA_1 dadA_2
[15:50:18] Fixed 2 duplicate /gene - thyA_1 thyA_2
[15:50:18] Fixed 2 duplicate /gene - arcC2_1 arcC2_2
[15:50:18] Fixed 2 duplicate /gene - lsrD_1 lsrD_2
[15:50:18] Fixed 2 duplicate /gene - rbsB_1 rbsB_2
[15:50:18] Fixed 2 duplicate /gene - dctA_1 dctA_2
[15:50:18] Fixed 2 duplicate /gene - ydjE_1 ydjE_2
[15:50:18] Fixed 2 duplicate /gene - cspG_1 cspG_2
[15:50:18] Fixed 2 duplicate /gene - mak_1 mak_2
[15:50:18] Fixed 2 duplicate /gene - hsdS_1 hsdS_2
[15:50:18] Fixed 2 duplicate /gene - dinI_1 dinI_2
[15:50:18] Fixed 4 duplicate /gene - arnC_1 arnC_2 arnC_3 arnC_4
[15:50:18] Fixed 2 duplicate /gene - ytfJ_1 ytfJ_2
[15:50:18] Fixed 2 duplicate /gene - pstS_1 pstS_2
[15:50:18] Fixed 2 duplicate /gene - iolS_1 iolS_2
[15:50:18] Fixed 2 duplicate /gene - ndhI_1 ndhI_2
[15:50:18] Fixed 2 duplicate /gene - gcvA_1 gcvA_2
[15:50:18] Fixed 2 duplicate /gene - nuoL_1 nuoL_2
[15:50:18] Fixed 2 duplicate /gene - rhtC_1 rhtC_2
[15:50:18] Fixed 2 duplicate /gene - argE_1 argE_2
[15:50:18] Fixed 2 duplicate /gene - kdgR_1 kdgR_2
[15:50:18] Fixed 3 duplicate /gene - gatC_1 gatC_2 gatC_3
[15:50:18] Fixed 2 duplicate /gene - sbmC_1 sbmC_2
[15:50:18] Fixed 2 duplicate /gene - cusC_1 cusC_2
[15:50:18] Fixed 2 duplicate /gene - ysdC_1 ysdC_2
[15:50:18] Fixed 2 duplicate /gene - topA_1 topA_2
[15:50:18] Fixed 3 duplicate /gene - ydcV_1 ydcV_2 ydcV_3
[15:50:18] Fixed 5 duplicate /gene - rhaR_1 rhaR_2 rhaR_3 rhaR_4 rhaR_5
[15:50:18] Fixed 3 duplicate /gene - gltC_1 gltC_2 gltC_3
[15:50:18] Fixed 2 duplicate /gene - hchA_1 hchA_2
[15:50:18] Fixed 3 duplicate /gene - mntB_1 mntB_2 mntB_3
[15:50:18] Fixed 2 duplicate /gene - yggP_1 yggP_2
[15:50:18] Fixed 2 duplicate /gene - ssuC_1 ssuC_2
[15:50:18] Fixed 2 duplicate /gene - psuG_1 psuG_2
[15:50:18] Fixed 4 duplicate /gene - intA_1 intA_2 intA_3 intA_4
[15:50:18] Fixed 2 duplicate /gene - fabG_1 fabG_2
[15:50:18] Fixed 2 duplicate /gene - dsbD_1 dsbD_2
[15:50:18] Fixed 2 duplicate /gene - ygcS_1 ygcS_2
[15:50:18] Fixed 2 duplicate /gene - tmk_1 tmk_2
[15:50:18] Fixed 2 duplicate /gene - kefF_1 kefF_2
[15:50:18] Fixed 2 duplicate /gene - ydjF_1 ydjF_2
[15:50:18] Fixed 4 duplicate /gene - btuD_1 btuD_2 btuD_3 btuD_4
[15:50:18] Fixed 2 duplicate /gene - emrE_1 emrE_2
[15:50:18] Fixed 2 duplicate /gene - emrB_1 emrB_2
[15:50:18] Fixed 3 duplicate /gene - potA_1 potA_2 potA_3
[15:50:18] Fixed 3 duplicate /gene - por_1 por_2 por_3
[15:50:18] Fixed 2 duplicate /gene - lptG_1 lptG_2
[15:50:18] Fixed 2 duplicate /gene - agaC_1 agaC_2
[15:50:18] Fixed 2 duplicate /gene - yiaW_1 yiaW_2
[15:50:18] Fixed 3 duplicate /gene - rhsD_1 rhsD_2 rhsD_3
[15:50:18] Fixed 2 duplicate /gene - epsF_1 epsF_2
[15:50:18] Fixed 3 duplicate /gene - manZ_1 manZ_2 manZ_3
[15:50:18] Fixed 2 duplicate /gene - oleD_1 oleD_2
[15:50:18] Fixed 5 duplicate /gene - pgrR_1 pgrR_2 pgrR_3 pgrR_4 pgrR_5
[15:50:18] Fixed 2 duplicate /gene - lsrK_1 lsrK_2
[15:50:18] Fixed 2 duplicate /gene - gnsA_1 gnsA_2
[15:50:18] Fixed 2 duplicate /gene - dcuA_1 dcuA_2
[15:50:18] Fixed 2 duplicate /gene - psuT_1 psuT_2
[15:50:18] Fixed 2 duplicate /gene - srmB_1 srmB_2
[15:50:18] Fixed 2 duplicate /gene - ugd_1 ugd_2
[15:50:18] Fixed 2 duplicate /gene - fixA_1 fixA_2
[15:50:18] Fixed 2 duplicate /gene - narL_1 narL_2
[15:50:18] Fixed 4 duplicate /gene - era_1 era_2 era_3 era_4
[15:50:18] Fixed 2 duplicate /gene - nagB_1 nagB_2
[15:50:18] Fixed 2 duplicate /gene - ampG_1 ampG_2
[15:50:18] Fixed 2 duplicate /gene - bepA_1 bepA_2
[15:50:18] Fixed 3 duplicate /gene - opgE_1 opgE_2 opgE_3
[15:50:18] Fixed 2 duplicate /gene - gadX_1 gadX_2
[15:50:18] Fixed 2 duplicate /gene - emrA_1 emrA_2
[15:50:18] Fixed 2 duplicate /gene - sicA_1 sicA_2
[15:50:18] Fixed 4 duplicate /gene - hcaR_1 hcaR_2 hcaR_3 hcaR_4
[15:50:18] Fixed 2 duplicate /gene - lon_1 lon_2
[15:50:18] Fixed 2 duplicate /gene - kbaY_1 kbaY_2
[15:50:18] Fixed 2 duplicate /gene - mtlA_1 mtlA_2
[15:50:18] Fixed 3 duplicate /gene - rbsA_1 rbsA_2 rbsA_3
[15:50:18] Fixed 2 duplicate /gene - fdtC_1 fdtC_2
[15:50:18] Fixed 2 duplicate /gene - fimF_1 fimF_2
[15:50:18] Fixed 2 duplicate /gene - bcr_1 bcr_2
[15:50:18] Fixed 3 duplicate /gene - ompX_1 ompX_2 ompX_3
[15:50:18] Fixed 2 duplicate /gene - recD_1 recD_2
[15:50:18] Fixed 2 duplicate /gene - cysH_1 cysH_2
[15:50:18] Fixed 2 duplicate /gene - caiA_1 caiA_2
[15:50:18] Fixed 3 duplicate /gene - bhsA_1 bhsA_2 bhsA_3
[15:50:18] Fixed 3 duplicate /gene - papC_1 papC_2 papC_3
[15:50:18] Fixed 2 duplicate /gene - hha_1 hha_2
[15:50:18] Fixed 2 duplicate /gene - mdh_1 mdh_2
[15:50:18] Fixed 2 duplicate /gene - caiT_1 caiT_2
[15:50:18] Fixed 2 duplicate /gene - rhmT_1 rhmT_2
[15:50:18] Fixed 2 duplicate /gene - ccmF_1 ccmF_2
[15:50:18] Fixed 2 duplicate /gene - cra_1 cra_2
[15:50:18] Fixed 2 duplicate /gene - ydhX_1 ydhX_2
[15:50:18] Fixed 3 duplicate /gene - fixX_1 fixX_2 fixX_3
[15:50:18] Fixed 2 duplicate /gene - mipA_1 mipA_2
[15:50:18] Fixed 2 duplicate /gene - yrdA_1 yrdA_2
[15:50:18] Fixed 2 duplicate /gene - glxR_1 glxR_2
[15:50:18] Fixed 2 duplicate /gene - galE_1 galE_2
[15:50:18] Fixed 2 duplicate /gene - fdnG_1 fdnG_2
[15:50:18] Fixed 2 duplicate /gene - yehB_1 yehB_2
[15:50:18] Fixed 3 duplicate /gene - intS_1 intS_2 intS_3
[15:50:18] Fixed 5 duplicate /gene - dmlR_1 dmlR_2 dmlR_3 dmlR_4 dmlR_5
[15:50:18] Fixed 2 duplicate /gene - dnaB_1 dnaB_2
[15:50:18] Fixed 2 duplicate /gene - relE_1 relE_2
[15:50:18] Fixed 2 duplicate /gene - fucA_1 fucA_2
[15:50:18] Fixed 2 duplicate /gene - yicJ_1 yicJ_2
[15:50:18] Fixed 2 duplicate /gene - yvgN_1 yvgN_2
[15:50:18] Fixed 3 duplicate /gene - lldR_1 lldR_2 lldR_3
[15:50:18] Fixed 2 duplicate /gene - yajO_1 yajO_2
[15:50:18] Fixed 2 duplicate /gene - fryA_1 fryA_2
[15:50:18] Fixed 2 duplicate /gene - ftnA_1 ftnA_2
[15:50:18] Fixed 2 duplicate /gene - fumA_1 fumA_2
[15:50:18] Fixed 2 duplicate /gene - araB_1 araB_2
[15:50:18] Fixed 2 duplicate /gene - purR_1 purR_2
[15:50:18] Fixed 2 duplicate /gene - fimH_1 fimH_2
[15:50:18] Fixed 2 duplicate /gene - der_1 der_2
[15:50:18] Fixed 2 duplicate /gene - fimA_1 fimA_2
[15:50:18] Fixed 2 duplicate /gene - relB_1 relB_2
[15:50:18] Fixed 2 duplicate /gene - yjcS_1 yjcS_2
[15:50:18] Fixed 2 duplicate /gene - ndhB_1 ndhB_2
[15:50:18] Fixed 2 duplicate /gene - yehD_1 yehD_2
[15:50:18] Fixed 2 duplicate /gene - fumC_1 fumC_2
[15:50:18] Fixed 3 duplicate /gene - ldrD_1 ldrD_2 ldrD_3
[15:50:18] Fixed 2 duplicate /gene - msbA_1 msbA_2
[15:50:18] Fixed 2 duplicate /gene - lsrG_1 lsrG_2
[15:50:18] Fixed 2 duplicate /gene - slp_1 slp_2
[15:50:18] Fixed 3 duplicate /gene - cynR_1 cynR_2 cynR_3
[15:50:18] Fixed 4 duplicate /gene - psuK_1 psuK_2 psuK_3 psuK_4
[15:50:18] Fixed 2 duplicate /gene - ulaE_1 ulaE_2
[15:50:18] Fixed 2 duplicate /gene - fdrA_1 fdrA_2
[15:50:18] Fixed 2 duplicate /gene - sgrR_1 sgrR_2
[15:50:18] Fixed 2 duplicate /gene - rtcB_1 rtcB_2
[15:50:18] Fixed 2 duplicate /gene - ybcO_1 ybcO_2
[15:50:18] Fixed 2 duplicate /gene - dnaC_1 dnaC_2
[15:50:18] Fixed 3 duplicate /gene - flu_1 flu_2 flu_3
[15:50:18] Fixed 3 duplicate /gene - acrR_1 acrR_2 acrR_3
[15:50:18] Fixed 2 duplicate /gene - gatZ_1 gatZ_2
[15:50:18] Fixed 2 duplicate /gene - yhaJ_1 yhaJ_2
[15:50:18] Fixed 2 duplicate /gene - proQ_1 proQ_2
[15:50:18] Fixed 4 duplicate /gene - rhsC_1 rhsC_2 rhsC_3 rhsC_4
[15:50:18] Fixed 2 duplicate /gene - fdoG_1 fdoG_2
[15:50:18] Fixed 3 duplicate /gene - mngR_1 mngR_2 mngR_3
[15:50:18] Fixed 2 duplicate /gene - hilA_1 hilA_2
[15:50:18] Fixed 2 duplicate /gene - aaeA_1 aaeA_2
[15:50:18] Fixed 2 duplicate /gene - folP_1 folP_2
[15:50:18] Fixed 2 duplicate /gene - gntR_1 gntR_2
[15:50:18] Fixed 2 duplicate /gene - bla_1 bla_2
[15:50:18] Fixed 2 duplicate /gene - kefC_1 kefC_2
[15:50:18] Fixed 3 duplicate /gene - rrrD_1 rrrD_2 rrrD_3
[15:50:18] Fixed 2 duplicate /gene - chuR_1 chuR_2
[15:50:18] Fixed 2 duplicate /gene - yjiE_1 yjiE_2
[15:50:18] Fixed 3 duplicate /gene - intQ_1 intQ_2 intQ_3
[15:50:18] Fixed 2 duplicate /gene - artM_1 artM_2
[15:50:18] Fixed 2 duplicate /gene - yhhT_1 yhhT_2
[15:50:18] Fixed 2 duplicate /gene - ygjI_1 ygjI_2
[15:50:18] Fixed 2 duplicate /gene - fbaA_1 fbaA_2
[15:50:18] Fixed 2 duplicate /gene - fimG_1 fimG_2
[15:50:18] Fixed 2 duplicate /gene - ydgA_1 ydgA_2
[15:50:18] Fixed 2 duplicate /gene - malY_1 malY_2
[15:50:18] Fixed 2 duplicate /gene - ccmH_1 ccmH_2
[15:50:18] Fixed 2 duplicate /gene - nanR_1 nanR_2
[15:50:18] Fixed 2 duplicate /gene - cysE_1 cysE_2
[15:50:18] Fixed 2 duplicate /gene - fdhF_1 fdhF_2
[15:50:18] Fixed 2 duplicate /gene - higB-2_1 higB-2_2
[15:50:18] Fixed 2 duplicate /gene - sorB_1 sorB_2
[15:50:18] Fixed 2 duplicate /gene - php_1 php_2
[15:50:18] Fixed 2 duplicate /gene - gatB_1 gatB_2
[15:50:18] Fixed 3 duplicate /gene - dnaT_1 dnaT_2 dnaT_3
[15:50:18] Fixed 2 duplicate /gene - ycjY_1 ycjY_2
[15:50:18] Fixed 2 duplicate /gene - ybdO_1 ybdO_2
[15:50:18] Fixed 2 duplicate /gene - rfbC_1 rfbC_2
[15:50:18] Fixed 2 duplicate /gene - nadC_1 nadC_2
[15:50:18] Fixed 2 duplicate /gene - fimD_1 fimD_2
[15:50:18] Fixed 2 duplicate /gene - trmH_1 trmH_2
[15:50:18] Fixed 2 duplicate /gene - rfbB_1 rfbB_2
[15:50:18] Fixed 2 duplicate /gene - bcsQ_1 bcsQ_2
[15:50:18] Fixed 2 duplicate /gene - xerD_1 xerD_2
[15:50:18] Fixed 2 duplicate /gene - flhA_1 flhA_2
[15:50:18] Fixed 2 duplicate /gene - fdnH_1 fdnH_2
[15:50:18] Fixed 2 duplicate /gene - cutC_1 cutC_2
[15:50:18] Fixed 2 duplicate /gene - pitA_1 pitA_2
[15:50:18] Fixed 2 duplicate /gene - rob_1 rob_2
[15:50:18] Fixed 2 duplicate /gene - aspT_1 aspT_2
[15:50:18] Fixed 2 duplicate /gene - malX_1 malX_2
[15:50:18] Fixed 2 duplicate /gene - rusA_1 rusA_2
[15:50:18] Fixed 2 duplicate /gene - yhcH_1 yhcH_2
[15:50:18] Fixed 2 duplicate /gene - leuC_1 leuC_2
[15:50:18] Fixed 2 duplicate /gene - murR_1 murR_2
[15:50:18] Fixed 2 duplicate /gene - btuR_1 btuR_2
[15:50:18] Fixed 2 duplicate /gene - kdsD_1 kdsD_2
[15:50:18] Fixed 2 duplicate /gene - lsrB_1 lsrB_2
[15:50:18] Fixed 2 duplicate /gene - dmsC_1 dmsC_2
[15:50:18] Fixed 2 duplicate /gene - nimR_1 nimR_2
[15:50:18] Fixed 2 duplicate /gene - ydjZ_1 ydjZ_2
[15:50:18] Fixed 2 duplicate /gene - hcpA_1 hcpA_2
[15:50:18] Fixed 2 duplicate /gene - gltS_1 gltS_2
[15:50:18] Fixed 2 duplicate /gene - ubiJ_1 ubiJ_2
[15:50:18] Fixed 2 duplicate /gene - prs_1 prs_2
[15:50:18] Fixed 2 duplicate /gene - acpP_1 acpP_2
[15:50:18] Fixed 2 duplicate /gene - yehC_1 yehC_2
[15:50:18] Fixed 4 duplicate /gene - rbsC_1 rbsC_2 rbsC_3 rbsC_4
[15:50:18] Fixed 2 duplicate /gene - ssb_1 ssb_2
[15:50:18] Fixed 2 duplicate /gene - ygdR_1 ygdR_2
[15:50:18] Fixed 2 duplicate /gene - dmsB_1 dmsB_2
[15:50:18] Fixed 2 duplicate /gene - pspB_1 pspB_2
[15:50:18] Fixed 2 duplicate /gene - acs_1 acs_2
[15:50:18] Fixed 2 duplicate /gene - groL_1 groL_2
[15:50:18] Fixed 3 duplicate /gene - glnQ_1 glnQ_2 glnQ_3
[15:50:18] Fixed 2 duplicate /gene - glmS_1 glmS_2
[15:50:18] Fixed 2 duplicate /gene - ftsA_1 ftsA_2
[15:50:18] Fixed 2 duplicate /gene - metC_1 metC_2
[15:50:18] Fixed 3 duplicate /gene - fixB_1 fixB_2 fixB_3
[15:50:18] Fixed 2 duplicate /gene - chbC_1 chbC_2
[15:50:18] Fixed 2 duplicate /gene - gstB_1 gstB_2
[15:50:18] Fixed 2 duplicate /gene - rpe_1 rpe_2
[15:50:18] Fixed 2 duplicate /gene - dnaK_1 dnaK_2
[15:50:18] Fixed 2 duplicate /gene - proA_1 proA_2
[15:50:18] Fixed 2 duplicate /gene - rlhA_1 rlhA_2
[15:50:18] Fixed 2 duplicate /gene - yahB_1 yahB_2
[15:50:18] Fixed 2 duplicate /gene - bglH_1 bglH_2
[15:50:18] Fixed 2 duplicate /gene - coaA_1 coaA_2
[15:50:18] Fixed 2 duplicate /gene - mglA_1 mglA_2
[15:50:18] Fixed 2 duplicate /gene - lolD_1 lolD_2
[15:50:18] Fixed 2 duplicate /gene - nhaK_1 nhaK_2
[15:50:18] Fixed 3 duplicate /gene - cbeA_1 cbeA_2 cbeA_3
[15:50:18] Fixed 2 duplicate /gene - melR_1 melR_2
[15:50:18] Fixed 2 duplicate /gene - ybgD_1 ybgD_2
[15:50:18] Fixed 2 duplicate /gene - recE_1 recE_2
[15:50:18] Fixed 2 duplicate /gene - hrpB_1 hrpB_2
[15:50:18] Fixed 2 duplicate /gene - menC_1 menC_2
[15:50:18] Fixed 2 duplicate /gene - pal_1 pal_2
[15:50:18] Fixed 2 duplicate /gene - kdgK_1 kdgK_2
[15:50:18] Fixed 2 duplicate /gene - oxyR_1 oxyR_2
[15:50:18] Fixed 2 duplicate /gene - xdhA_1 xdhA_2
[15:50:18] Fixed 2 duplicate /gene - acrB_1 acrB_2
[15:50:18] Fixed 2 duplicate /gene - deoR_1 deoR_2
[15:50:18] Fixed 2 duplicate /gene - malP_1 malP_2
[15:50:18] Fixed 3 duplicate /gene - cytR_1 cytR_2 cytR_3
[15:50:18] Fixed 2 duplicate /gene - kduD_1 kduD_2
[15:50:18] Fixed 2 duplicate /gene - cdsA_1 cdsA_2
[15:50:18] Fixed 2 duplicate /gene - gntK_1 gntK_2
[15:50:18] Fixed 3 duplicate /gene - tdh_1 tdh_2 tdh_3
[15:50:18] Fixed 2 duplicate /gene - yihP_1 yihP_2
[15:50:18] Fixed 2 duplicate /gene - tsaR_1 tsaR_2
[15:50:18] Fixed 3 duplicate /gene - dcuD_1 dcuD_2 dcuD_3
[15:50:18] Fixed 2 duplicate /gene - manX_1 manX_2
[15:50:18] Fixed 2 duplicate /gene - allD_1 allD_2
[15:50:18] Fixed 2 duplicate /gene - betI_1 betI_2
[15:50:18] Fixed 2 duplicate /gene - yeaR_1 yeaR_2
[15:50:18] Fixed 2 duplicate /gene - chbA_1 chbA_2
[15:50:18] Fixed 2 duplicate /gene - rcsB_1 rcsB_2
[15:50:18] Fixed 2 duplicate /gene - bioF_1 bioF_2
[15:50:18] Fixed 2 duplicate /gene - hokE_1 hokE_2
[15:50:18] Fixed 2 duplicate /gene - rfbD_1 rfbD_2
[15:50:18] Fixed 2 duplicate /gene - sapB_1 sapB_2
[15:50:18] Fixed 2 duplicate /gene - pphA_1 pphA_2
[15:50:18] Fixed 2 duplicate /gene - idnT_1 idnT_2
[15:50:18] Fixed 2 duplicate /gene - bglA_1 bglA_2
[15:50:18] Fixed 2 duplicate /gene - mlc_1 mlc_2
[15:50:18] Fixed 2 duplicate /gene - epsE_1 epsE_2
[15:50:18] Fixed 3 duplicate /gene - xerC_1 xerC_2 xerC_3
[15:50:18] Fixed 5 duplicate /gene - rhaS_1 rhaS_2 rhaS_3 rhaS_4 rhaS_5
[15:50:18] Fixed 3 duplicate /gene - fruA_1 fruA_2 fruA_3
[15:50:18] Fixed 3 duplicate /gene - klcA_1 klcA_2 klcA_3
[15:50:18] Fixed 2 duplicate /gene - bioD1_1 bioD1_2
[15:50:18] Fixed 2 duplicate /gene - osmY_1 osmY_2
[15:50:18] Fixed 2 duplicate /gene - ybdM_1 ybdM_2
[15:50:18] Fixed 2 duplicate /gene - hycG_1 hycG_2
[15:50:18] Fixed 2 duplicate /gene - lexA_1 lexA_2
[15:50:18] Fixed 2 duplicate /gene - mepS_1 mepS_2
[15:50:18] Fixed 2 duplicate /gene - nepI_1 nepI_2
[15:50:18] Fixed 2 duplicate /gene - yhdJ_1 yhdJ_2
[15:50:18] Fixed 5 duplicate /gene - srlR_1 srlR_2 srlR_3 srlR_4 srlR_5
[15:50:18] Fixed 2 duplicate /gene - lptB_1 lptB_2
[15:50:18] Fixed 2 duplicate /gene - tam_1 tam_2
[15:50:18] Fixed 2 duplicate /gene - hsdR_1 hsdR_2
[15:50:18] Fixed 5 duplicate /gene - hyfA_1 hyfA_2 hyfA_3 hyfA_4 hyfA_5
[15:50:18] Fixed 2 duplicate /gene - fryB_1 fryB_2
[15:50:18] Fixed 2 duplicate /gene - lapB_1 lapB_2
[15:50:18] Fixed 3 duplicate /gene - hdfR_1 hdfR_2 hdfR_3
[15:50:18] Fixed 2 duplicate /gene - lutA_1 lutA_2
[15:50:18] Fixed 2 duplicate /gene - pncC_1 pncC_2
[15:50:18] Fixed 2 duplicate /gene - ttdT_1 ttdT_2
[15:50:18] Fixed 3 duplicate /gene - norR_1 norR_2 norR_3
[15:50:18] Fixed 2 duplicate /gene - ydfO_1 ydfO_2
[15:50:18] Fixed 2 duplicate /gene - papD_1 papD_2
[15:50:18] Fixed 290 colliding /gene names.
[15:50:18] Adding /locus_tag identifiers
[15:50:19] Assigned 5020 locus_tags to CDS and RNA features.
[15:50:19] Writing outputs to /Volumes/Ananda_Bioinformatics/Bioinformatic-Work-July-2020/Quinn/S1/PRJNA700874/
[15:50:22] Generating annotation statistics file
[15:50:22] Generating Genbank and Sequin files
[15:50:22] Running: tbl2asn -V b -a r10k -l paired-ends -M n -N 1 -y 'Annotated using prokka 1.14.6 from https://github.com/tseemann/prokka' -Z \/Volumes\/Ananda_Bioinformatics\/Bioinformatic\-Work\-July\-2020\/Quinn\/S1\/PRJNA700874\/JS511\.err -i \/Volumes\/Ananda_Bioinformatics\/Bioinformatic\-Work\-July\-2020\/Quinn\/S1\/PRJNA700874\/JS511\.fsa 2> /dev/null
[15:50:34] Could not run command: tbl2asn -V b -a r10k -l paired-ends -M n -N 1 -y 'Annotated using prokka 1.14.6 from https://github.com/tseemann/prokka' -Z \/Volumes\/Ananda_Bioinformatics\/Bioinformatic\-Work\-July\-2020\/Quinn\/S1\/PRJNA700874\/JS511\.err -i \/Volumes\/Ananda_Bioinformatics\/Bioinformatic\-Work\-July\-2020\/Quinn\/S1\/PRJNA700874\/JS511\.fsa 2> /dev/null
