[17:23:47] This is prokka 1.14.6
[17:23:47] Written by Torsten Seemann <torsten.seemann@gmail.com>
[17:23:47] Homepage is https://github.com/tseemann/prokka
[17:23:47] Local time is Tue Feb  9 17:23:47 2021
[17:23:47] You are anandabhattacharjee
[17:23:47] Operating system is darwin
[17:23:47] You have BioPerl 1.007002
[17:23:47] System has 4 cores.
[17:23:47] Option --cpu asked for 8 cores, but system only has 4
[17:23:47] Will use maximum of 4 cores.
[17:23:47] Annotating as >>> Bacteria <<<
[17:23:47] Enabling options to ensure Genbank/ENA/DDJB submission compliance.
[17:23:47] Creating new output folder: /Volumes/Ananda_Bioinformatics/Bioinformatic-Work-July-2020/Quinn/S1/PRJNA700874
[17:23:47] Running: mkdir -p \/Volumes\/Ananda_Bioinformatics\/Bioinformatic\-Work\-July\-2020\/Quinn\/S1\/PRJNA700874
[17:23:47] Using filename prefix: JS511.XXX
[17:23:47] Setting HMMER_NCPU=1
[17:23:47] Writing log to: /Volumes/Ananda_Bioinformatics/Bioinformatic-Work-July-2020/Quinn/S1/PRJNA700874/JS511.log
[17:23:47] Command: /opt/anaconda3/envs/PROKKA/bin/prokka --kingdom Bacteria --genus Escherichia --compliant --outdir /Volumes/Ananda_Bioinformatics/Bioinformatic-Work-July-2020/Quinn/S1/PRJNA700874 --locustag JS511 --prefix JS511 S1-Chr-NN-Concat-FINAL.fasta
[17:23:47] Appending to PATH: /opt/anaconda3/envs/PROKKA/bin
[17:23:47] Looking for 'aragorn' - found /opt/anaconda3/envs/PROKKA/bin/aragorn
[17:23:47] Determined aragorn version is 001002 from 'ARAGORN v1.2.38 Dean Laslett'
[17:23:47] Looking for 'barrnap' - found /opt/anaconda3/envs/PROKKA/bin/barrnap
[17:23:47] Determined barrnap version is 000009 from 'barrnap 0.9'
[17:23:47] Looking for 'blastp' - found /opt/anaconda3/envs/PROKKA/bin/blastp
[17:23:47] Determined blastp version is 002010 from 'blastp: 2.10.1+'
[17:23:47] Looking for 'cmpress' - found /opt/anaconda3/envs/PROKKA/bin/cmpress
[17:23:47] Determined cmpress version is 001001 from '# INFERNAL 1.1.2 (July 2016)'
[17:23:47] Looking for 'cmscan' - found /opt/anaconda3/envs/PROKKA/bin/cmscan
[17:23:47] Determined cmscan version is 001001 from '# INFERNAL 1.1.2 (July 2016)'
[17:23:47] Looking for 'egrep' - found /usr/bin/egrep
[17:23:47] Looking for 'find' - found /usr/bin/find
[17:23:47] Looking for 'grep' - found /usr/bin/grep
[17:23:47] Looking for 'hmmpress' - found /opt/anaconda3/envs/PROKKA/bin/hmmpress
[17:23:47] Determined hmmpress version is 003003 from '# HMMER 3.3 (Nov 2019); http://hmmer.org/'
[17:23:47] Looking for 'hmmscan' - found /opt/anaconda3/envs/PROKKA/bin/hmmscan
[17:23:47] Determined hmmscan version is 003003 from '# HMMER 3.3 (Nov 2019); http://hmmer.org/'
[17:23:47] Looking for 'java' - found /opt/anaconda3/envs/PROKKA/bin/java
[17:23:47] Looking for 'makeblastdb' - found /opt/anaconda3/envs/PROKKA/bin/makeblastdb
[17:23:48] Determined makeblastdb version is 002010 from 'makeblastdb: 2.10.1+'
[17:23:48] Looking for 'minced' - found /opt/anaconda3/envs/PROKKA/bin/minced
[17:23:48] Determined minced version is 004002 from 'minced 0.4.2'
[17:23:48] Looking for 'parallel' - found /opt/anaconda3/envs/PROKKA/bin/parallel
[17:23:48] Determined parallel version is 20200722 from 'GNU parallel 20200722'
[17:23:48] Looking for 'prodigal' - found /opt/anaconda3/envs/PROKKA/bin/prodigal
[17:23:48] Determined prodigal version is 002006 from 'Prodigal V2.6.3: February, 2016'
[17:23:48] Looking for 'prokka-genbank_to_fasta_db' - found /opt/anaconda3/envs/PROKKA/bin/prokka-genbank_to_fasta_db
[17:23:48] Looking for 'sed' - found /usr/bin/sed
[17:23:48] Looking for 'tbl2asn' - found /opt/anaconda3/envs/PROKKA/bin/tbl2asn
[17:23:48] Determined tbl2asn version is 025007 from 'tbl2asn 25.7   arguments:'
[17:23:48] Using genetic code table 11.
[17:23:48] Loading and checking input file: S1-Chr-NN-Concat-FINAL.fasta
[17:23:48] Wrote 1 contigs totalling 5314926 bp.
[17:23:48] Predicting tRNAs and tmRNAs
[17:23:48] Running: aragorn -l -gc11  -w \/Volumes\/Ananda_Bioinformatics\/Bioinformatic\-Work\-July\-2020\/Quinn\/S1\/PRJNA700874\/JS511\.fna
[17:23:50] 1 tRNA-Asp [228942,229018] 35 (gtc)
[17:23:50] 2 tRNA-Asp [237165,237241] 35 (gtc)
[17:23:50] 3 tRNA-Ser [331313,331405] 35 (gct)
[17:23:50] 4 tRNA-Arg [331409,331485] 35 (acg)
[17:23:50] 5 tRNA-Arg c[331429,331500] 34 (tcg)
[17:23:50] 6 tRNA-Arg [331684,331760] 35 (acg)
[17:23:50] 7 tRNA-Arg [331823,331899] 35 (acg)
[17:23:50] 8 tRNA-Arg [332002,332078] 35 (acg)
[17:23:50] 9 tRNA-Met [368919,368994] 34 (cat)
[17:23:50] 10 tmRNA c[376839,377201] 90,125 ANDENYALAA**
[17:23:50] 11 tRNA-Arg [488495,488571] 35 (tct)
[17:23:50] 12 tRNA-Arg c[683174,683250] 35 (tct)
[17:23:50] 13 tRNA-Lys c[809187,809262] 34 (ttt)
[17:23:50] 14 tRNA-Val c[809267,809342] 34 (tac)
[17:23:50] 15 tRNA-Val c[809389,809464] 34 (tac)
[17:23:50] 16 tRNA-Val c[809509,809584] 34 (tac)
[17:23:50] 17 tRNA-Ala [812283,812358] 34 (ggc)
[17:23:50] 18 tRNA-Ala [812398,812473] 34 (tgc)
[17:23:50] 19 tRNA-Arg c[867877,867951] 34 (cct)
[17:23:50] 20 tRNA-Pro c[1043798,1043874] 35 (ggg)
[17:23:50] 21 tRNA-Ser c[1245413,1245500] 35 (gga)
[17:23:50] 22 tRNA-Ser c[1349587,1349674] 35 (tga)
[17:23:50] 23 tRNA-Gly [1413000,1413075] 34 (gcc)
[17:23:50] 24 tRNA-Cys [1413130,1413203] 33 (gca)
[17:23:50] 25 tRNA-Leu [1413216,1413302] 35 (taa)
[17:23:50] 26 tRNA-Met [1467824,1467899] 34 (cat)
[17:23:50] 27 tRNA-Arg [1467907,1467983] 35 (tcg)
[17:23:50] 28 tRNA-Arg [1467997,1468073] 35 (tct)
[17:23:50] 29 tRNA-Val c[1708405,1708481] 35 (gac)
[17:23:50] 30 tRNA-Val c[1708486,1708562] 35 (gac)
[17:23:50] 31 tRNA-Tyr [2190053,2190137] 35 (gta)
[17:23:50] 32 tRNA-Tyr [2190172,2190256] 35 (gta)
[17:23:50] 33 tRNA-Ser [2364816,2364903] 35 (gga)
[17:23:50] 34 tRNA-Asn c[2427130,2427205] 34 (gtt)
[17:23:50] 35 tRNA-Asn c[2429539,2429614] 34 (gtt)
[17:23:50] 36 tRNA-Asn [2431363,2431438] 34 (gtt)
[17:23:50] 37 tRNA-Asn c[2470909,2470984] 34 (gtt)
[17:23:50] 38 tRNA-Ser [2471976,2472065] 35 (cga)
[17:23:50] 39 tRNA-Lys c[2715551,2715626] 34 (ttt)
[17:23:50] 40 tRNA-Lys c[2715759,2715834] 34 (ttt)
[17:23:50] 41 tRNA-Lys c[2715981,2716056] 34 (ttt)
[17:23:50] 42 tRNA-Val c[2716060,2716135] 34 (tac)
[17:23:50] 43 tRNA-Lys c[2716187,2716262] 34 (ttt)
[17:23:50] 44 tRNA-Val c[2716265,2716340] 34 (tac)
[17:23:50] 45 tRNA-Lys c[2716476,2716551] 34 (ttt)
[17:23:50] 46 tRNA-Met [2808924,2809000] 35 (cat)
[17:23:50] 47 tRNA-Leu [2809009,2809093] 35 (tag)
[17:23:50] 48 tRNA-Gln [2809117,2809191] 33 (ttg)
[17:23:50] 49 tRNA-Gln [2809226,2809300] 33 (ttg)
[17:23:50] 50 tRNA-Met [2809316,2809392] 35 (cat)
[17:23:50] 51 tRNA-Gln [2809441,2809515] 33 (ctg)
[17:23:50] 52 tRNA-Gln [2809553,2809627] 33 (ctg)
[17:23:50] 53 tRNA-Ser c[3042365,3042445] 38 (gga)
[17:23:50] 54 tRNA-Thr c[3114626,3114701] 34 (cgt)
[17:23:50] 55 tRNA-Met [3219705,3219781] 35 (cat)
[17:23:50] 56 tRNA-Met [3219816,3219892] 35 (cat)
[17:23:50] 57 tRNA-Gly c[3292620,3292693] 33 (ccc)
[17:23:50] 58 tRNA-Phe [3402691,3402766] 34 (gaa)
[17:23:50] 59 tRNA-Leu [3430374,3430460] 35 (cag)
[17:23:50] 60 tRNA-Leu [3430489,3430575] 35 (cag)
[17:23:50] 61 tRNA-Leu [3430610,3430696] 35 (cag)
[17:23:50] 62 tRNA-Met [3717274,3717349] 34 (cat)
[17:23:50] 63 tRNA-Met c[3815594,3815670] 35 (cat)
[17:23:50] 64 tRNA-Leu c[3819451,3819537] 35 (gag)
[17:23:50] 65 tRNA-Thr c[3913491,3913566] 34 (ggt)
[17:23:50] 66 tRNA-Pro c[4197035,4197111] 35 (cgg)
[17:23:50] 67 tRNA-Pro c[4307748,4307824] 35 (tgg)
[17:23:50] 68 tRNA-Leu c[4307867,4307953] 35 (cag)
[17:23:50] 69 tRNA-His c[4307974,4308049] 34 (gtg)
[17:23:50] 70 tRNA-Arg c[4308108,4308184] 35 (ccg)
[17:23:50] 71 tRNA-Trp c[4341468,4341543] 34 (cca)
[17:23:50] 72 tRNA-Asp c[4341552,4341628] 35 (gtc)
[17:23:50] 73 tRNA-Thr c[4376435,4376510] 34 (ggt)
[17:23:50] 74 tRNA-Gly c[4376517,4376591] 34 (tcc)
[17:23:50] 75 tRNA-Tyr c[4376708,4376792] 35 (gta)
[17:23:50] 76 tRNA-Thr c[4376801,4376876] 34 (tgt)
[17:23:50] 77 tRNA-SeC [4596484,4596578] 35 (tca)
[17:23:50] 78 tRNA-Phe c[4872472,4872547] 34 (gaa)
[17:23:50] 79 tRNA-Gly [4901410,4901485] 34 (gcc)
[17:23:50] 80 tRNA-Gly [4901643,4901718] 34 (gcc)
[17:23:50] 81 tRNA-Gly [4901754,4901829] 34 (gcc)
[17:23:50] 82 tRNA-Leu [5006540,5006624] 35 (caa)
[17:23:50] Found 82 tRNAs
[17:23:50] Predicting Ribosomal RNAs
[17:23:50] Running Barrnap with 4 threads
[17:23:51] 1 gnl|Prokka|JS511_1 3913339 5S ribosomal RNA
[17:23:51] 2 gnl|Prokka|JS511_1 4341686 5S ribosomal RNA
[17:23:51] 3 gnl|Prokka|JS511_1 4341894 23S ribosomal RNA
[17:23:51] 4 gnl|Prokka|JS511_1 5290388 16S ribosomal RNA
[17:23:51] Found 4 rRNAs
[17:23:51] Skipping ncRNA search, enable with --rfam if desired.
[17:23:51] Total of 85 tRNA + rRNA features
[17:23:51] Searching for CRISPR repeats
[17:23:52] CRISPR1 gnl|Prokka|JS511_1 240342 with 11 spacers
[17:23:52] CRISPR2 gnl|Prokka|JS511_1 267353 with 4 spacers
[17:23:52] CRISPR3 gnl|Prokka|JS511_1 267817 with 6 spacers
[17:23:52] Found 3 CRISPRs
[17:23:52] Predicting coding sequences
[17:23:52] Contigs total 5314926 bp, so using single mode
[17:23:52] Running: prodigal -i \/Volumes\/Ananda_Bioinformatics\/Bioinformatic\-Work\-July\-2020\/Quinn\/S1\/PRJNA700874\/JS511\.fna -c -m -g 11 -p single -f sco -q
[17:24:02] Excluding CDS which overlaps existing RNA (repeat_region) at gnl|Prokka|JS511_1:240228..240824 on - strand
[17:24:03] Excluding CDS which overlaps existing RNA (tRNA) at gnl|Prokka|JS511_1:1468003..1468182 on - strand
[17:24:04] Excluding CDS which overlaps existing RNA (tRNA) at gnl|Prokka|JS511_1:2189989..2190435 on - strand
[17:24:07] Excluding CDS which overlaps existing RNA (rRNA) at gnl|Prokka|JS511_1:5291572..5291826 on + strand
[17:24:07] Found 4967 CDS
[17:24:07] Connecting features back to sequences
[17:24:07] Not using genus-specific database. Try --usegenus to enable it.
[17:24:07] Annotating CDS, please be patient.
[17:24:07] Will use 4 CPUs for similarity searching.
[17:24:08] There are still 4967 unannotated CDS left (started with 4967)
[17:24:08] Will use blast to search against /opt/anaconda3/envs/PROKKA/db/kingdom/Bacteria/IS with 4 CPUs
[17:24:08] Running: cat \/Volumes\/Ananda_Bioinformatics\/Bioinformatic\-Work\-July\-2020\/Quinn\/S1\/PRJNA700874\/JS511\.IS\.tmp\.6764\.faa | parallel --gnu --plain -j 4 --block 198984 --recstart '>' --pipe blastp -query - -db /opt/anaconda3/envs/PROKKA/db/kingdom/Bacteria/IS -evalue 1e-30 -qcov_hsp_perc 90 -num_threads 1 -num_descriptions 1 -num_alignments 1 -seg no > \/Volumes\/Ananda_Bioinformatics\/Bioinformatic\-Work\-July\-2020\/Quinn\/S1\/PRJNA700874\/JS511\.IS\.tmp\.6764\.blast 2> /dev/null
[17:24:33] Deleting unwanted file: /Volumes/Ananda_Bioinformatics/Bioinformatic-Work-July-2020/Quinn/S1/PRJNA700874/JS511.IS.tmp.6764.faa
[17:24:33] Deleting unwanted file: /Volumes/Ananda_Bioinformatics/Bioinformatic-Work-July-2020/Quinn/S1/PRJNA700874/JS511.IS.tmp.6764.blast
[17:24:34] There are still 4915 unannotated CDS left (started with 4967)
[17:24:34] Will use blast to search against /opt/anaconda3/envs/PROKKA/db/kingdom/Bacteria/AMR with 4 CPUs
[17:24:34] Running: cat \/Volumes\/Ananda_Bioinformatics\/Bioinformatic\-Work\-July\-2020\/Quinn\/S1\/PRJNA700874\/JS511\.AMR\.tmp\.6764\.faa | parallel --gnu --plain -j 4 --block 197277 --recstart '>' --pipe blastp -query - -db /opt/anaconda3/envs/PROKKA/db/kingdom/Bacteria/AMR -evalue 9.99999999999999e-301 -qcov_hsp_perc 90 -num_threads 1 -num_descriptions 1 -num_alignments 1 -seg no > \/Volumes\/Ananda_Bioinformatics\/Bioinformatic\-Work\-July\-2020\/Quinn\/S1\/PRJNA700874\/JS511\.AMR\.tmp\.6764\.blast 2> /dev/null
[17:24:55] Deleting unwanted file: /Volumes/Ananda_Bioinformatics/Bioinformatic-Work-July-2020/Quinn/S1/PRJNA700874/JS511.AMR.tmp.6764.faa
[17:24:55] Deleting unwanted file: /Volumes/Ananda_Bioinformatics/Bioinformatic-Work-July-2020/Quinn/S1/PRJNA700874/JS511.AMR.tmp.6764.blast
[17:24:56] There are still 4915 unannotated CDS left (started with 4967)
[17:24:56] Will use blast to search against /opt/anaconda3/envs/PROKKA/db/kingdom/Bacteria/sprot with 4 CPUs
[17:24:56] Running: cat \/Volumes\/Ananda_Bioinformatics\/Bioinformatic\-Work\-July\-2020\/Quinn\/S1\/PRJNA700874\/JS511\.sprot\.tmp\.6764\.faa | parallel --gnu --plain -j 4 --block 197277 --recstart '>' --pipe blastp -query - -db /opt/anaconda3/envs/PROKKA/db/kingdom/Bacteria/sprot -evalue 1e-09 -qcov_hsp_perc 80 -num_threads 1 -num_descriptions 1 -num_alignments 1 -seg no > \/Volumes\/Ananda_Bioinformatics\/Bioinformatic\-Work\-July\-2020\/Quinn\/S1\/PRJNA700874\/JS511\.sprot\.tmp\.6764\.blast 2> /dev/null
[17:26:39] Modify product: Probable L,D-transpeptidase YcbB => putative L,D-transpeptidase YcbB
[17:26:39] Modify product: Probable fimbrial chaperone protein ElfD => putative fimbrial chaperone protein ElfD
[17:26:39] Modify product: Probable outer membrane usher protein ElfC => putative outer membrane usher protein ElfC
[17:26:39] Modify product: Uncharacterized fimbrial-like protein ElfG => putative fimbrial-like protein ElfG
[17:26:39] Modify product: Uncharacterized fimbrial-like protein YcbU => putative fimbrial-like protein YcbU
[17:26:39] Modify product: Uncharacterized fimbrial-like protein YcbV => putative fimbrial-like protein YcbV
[17:26:39] Modify product: Uncharacterized fimbrial chaperone YcbF => putative fimbrial chaperone YcbF
[17:26:39] Modify product: Uncharacterized protein YcbX => putative protein YcbX
[17:26:39] Modify product: UPF0319 protein HI_1681 => hypothetical protein
[17:26:39] Modify product: Uncharacterized protein YccU => putative protein YccU
[17:26:39] Modify product: Probable Ni/Fe-hydrogenase 1 B-type cytochrome subunit => putative Ni/Fe-hydrogenase 1 B-type cytochrome subunit
[17:26:39] Modify product: Uncharacterized protein YedJ => putative protein YedJ
[17:26:39] Modify product: Uncharacterized inner membrane transporter YedA => putative inner membrane transporter YedA
[17:26:39] Modify product: Probable diguanylate cyclase DgcQ => putative diguanylate cyclase DgcQ
[17:26:39] Modify product: UPF0098 protein YbcL => hypothetical protein
[17:26:39] Modify product: UPF0394 inner membrane protein YedE => hypothetical protein
[17:26:39] Modify product: Probable L,D-transpeptidase YcfS => putative L,D-transpeptidase YcfS
[17:26:39] Modify product: Probable transcriptional regulatory protein YebC => putative transcriptional regulatory protein YebC
[17:26:39] Modify product: Uncharacterized protein YebV => putative protein YebV
[17:26:39] Modify product: Probable manganese efflux pump MntP => putative manganese efflux pump MntP
[17:26:39] Modify product: UPF0266 membrane protein YobD => hypothetical protein
[17:26:39] Modify product: UPF0053 inner membrane protein YoaE => hypothetical protein
[17:26:39] Modify product: Probable cyclic di-GMP phosphodiesterase PdeD => putative cyclic di-GMP phosphodiesterase PdeD
[17:26:39] Modify product: Probable ATP-dependent DNA helicase YoaA => putative ATP-dependent DNA helicase YoaA
[17:26:39] Modify product: Uncharacterized protein YeaR => putative protein YeaR
[17:26:39] Modify product: Probable diguanylate cyclase DgcJ => putative diguanylate cyclase DgcJ
[17:26:39] Modify product: Probable diguanylate cyclase CdgI => putative diguanylate cyclase CdgI
[17:26:39] Modify product: Stress response UPF0229 protein YhbH => hypothetical protein
[17:26:39] Modify product: Uncharacterized zinc-type alcohol dehydrogenase-like protein YdjJ => putative zinc-type alcohol dehydrogenase-like protein YdjJ
[17:26:39] Modify product: Uncharacterized protein YdjI => putative protein YdjI
[17:26:39] Modify product: Uncharacterized sugar kinase YdjH => putative sugar kinase YdjH
[17:26:39] Modify product: Uncharacterized HTH-type transcriptional regulator YdjF => putative HTH-type transcriptional regulator YdjF
[17:26:39] Modify product: Probable ketoamine kinase HMPREF0351_12196 => putative ketoamine kinase
[17:26:39] Modify product: Uncharacterized protein YniD => putative protein YniD
[17:26:39] Modify product: Uncharacterized protein YdiE => putative protein YdiE
[17:26:39] Modify product: Uncharacterized protein HI_1163 => putative protein
[17:26:39] Modify product: Probable ATP-dependent transporter SufC => putative ATP-dependent transporter SufC
[17:26:39] Modify product: Probable L,D-transpeptidase YnhG => putative L,D-transpeptidase YnhG
[17:26:39] Modify product: Uncharacterized ferredoxin-like protein YdhY => putative ferredoxin-like protein YdhY
[17:26:39] Modify product: Uncharacterized oxidoreductase YdhV => putative oxidoreductase YdhV
[17:26:39] Modify product: Uncharacterized protein YdhW => putative protein YdhW
[17:26:39] Modify product: Uncharacterized ferredoxin-like protein YdhX => putative ferredoxin-like protein YdhX
[17:26:39] Modify product: Uncharacterized protein YdhT => putative protein YdhT
[17:26:39] Modify product: Probable autotransporter ROD_p1121 => putative autotransporter
[17:26:39] Modify product: Uncharacterized HTH-type transcriptional regulator YahB => putative HTH-type transcriptional regulator YahB
[17:26:39] Modify product: Uncharacterized protein YnhF => putative protein YnhF
[17:26:39] Modify product: Uncharacterized oxidoreductase YdgJ => putative oxidoreductase YdgJ
[17:26:39] Modify product: Probable dimethyl sulfoxide reductase chain YnfF => putative dimethyl sulfoxide reductase chain YnfF
[17:26:39] Modify product: Uncharacterized protein YnfD => putative protein YnfD
[17:26:39] Modify product: UPF0482 protein YnfB => hypothetical protein
[17:26:39] Modify product: UPF0060 membrane protein YnfA => hypothetical protein
[17:26:39] Modify product: Uncharacterized isomerase YddE => putative isomerase YddE
[17:26:39] Modify product: Probable nitrate reductase molybdenum cofactor assembly chaperone NarW => putative nitrate reductase molybdenum cofactor assembly chaperone NarW
[17:26:39] Modify product: 23S rRNA 5-hydroxycytidine C2501 synthase => 23S rRNA 5-hydroxycytidine synthase
[17:26:39] Modify product: Probable mRNA interferase toxin HicA => putative mRNA interferase toxin HicA
[17:26:39] Modify product: Uncharacterized protein YdcY => putative protein YdcY
[17:26:39] Modify product: Uncharacterized protein YncE => putative protein YncE
[17:26:39] Modify product: Probable amino-acid metabolite efflux pump => putative amino-acid metabolite efflux pump
[17:26:39] Modify product: UPF0056 inner membrane protein MarC => hypothetical protein
[17:26:40] Modify product: Probable glutamate/gamma-aminobutyrate antiporter => putative glutamate/gamma-aminobutyrate antiporter
[17:26:40] Modify product: Uncharacterized protein HI_1410 => putative protein
[17:26:40] Modify product: Uncharacterized HTH-type transcriptional regulator CBU_1416 => putative HTH-type transcriptional regulator
[17:26:40] Modify product: Uncharacterized protein YfgD => putative protein YfgD
[17:26:40] Modify product: Probable formate transporter 2 => putative formate transporter 2
[17:26:40] Modify product: Uncharacterized protein Rv2575 => putative protein
[17:26:40] Modify product: Uncharacterized protein YfeY => putative protein YfeY
[17:26:40] Modify product: Probable cyclic di-GMP phosphodiesterase PdeA => putative cyclic di-GMP phosphodiesterase PdeA
[17:26:40] Modify product: Probable multidrug resistance protein EmrK => putative multidrug resistance protein EmrK
[17:26:40] Modify product: Probable multidrug resistance protein EmrY => putative multidrug resistance protein EmrY
[17:26:40] Modify product: UPF0381 protein YiiS => hypothetical protein
[17:26:40] Modify product: Uncharacterized fimbrial-like protein YfcV => putative fimbrial-like protein YfcV
[17:26:40] Modify product: Probable fimbrial chaperone YfcS => putative fimbrial chaperone YfcS
[17:26:40] Modify product: Uncharacterized fimbrial-like protein YfcR => putative fimbrial-like protein YfcR
[17:26:40] Modify product: Uncharacterized fimbrial-like protein YfcQ => putative fimbrial-like protein YfcQ
[17:26:40] Modify product: Uncharacterized fimbrial-like protein YfcP => putative fimbrial-like protein YfcP
[17:26:40] Modify product: Uncharacterized protein YfcO => putative protein YfcO
[17:26:40] Modify product: Probable membrane transporter protein YfcA => putative membrane transporter protein YfcA
[17:26:40] Modify product: Uncharacterized MFS-type transporter YfcJ => putative MFS-type transporter YfcJ
[17:26:40] Modify product: Epimerase family protein SA0724 => Epimerase family protein
[17:26:40] Modify product: Uncharacterized Nudix hydrolase YfcD => putative Nudix hydrolase YfcD
[17:26:40] Modify product: UPF0208 membrane protein YfbV => hypothetical protein
[17:26:40] Modify product: UPF0304 protein YfbU => hypothetical protein
[17:26:40] Modify product: Probable 4-amino-4-deoxy-L-arabinose-phosphoundecaprenol flippase subunit ArnF => putative 4-amino-4-deoxy-L-arabinose-phosphoundecaprenol flippase subunit ArnF
[17:26:40] Modify product: Probable 4-amino-4-deoxy-L-arabinose-phosphoundecaprenol flippase subunit ArnE => putative 4-amino-4-deoxy-L-arabinose-phosphoundecaprenol flippase subunit ArnE
[17:26:40] Modify product: Probable 4-deoxy-4-formamido-L-arabinose-phosphoundecaprenol deformylase ArnD => putative 4-deoxy-4-formamido-L-arabinose-phosphoundecaprenol deformylase ArnD
[17:26:40] Modify product: Uncharacterized HTH-type transcriptional regulator RhmR => putative HTH-type transcriptional regulator RhmR
[17:26:40] Modify product: Probable autotransporter YfaL => putative autotransporter YfaL
[17:26:40] Modify product: Probable autotransporter ROD_p1121 => putative autotransporter
[17:26:40] Modify product: UPF0352 protein YejL => hypothetical protein
[17:26:40] Modify product: Uncharacterized protein YejG => putative protein YejG
[17:26:40] Modify product: Uncharacterized ABC transporter ATP-binding protein YejF => putative ABC transporter ATP-binding protein YejF
[17:26:40] Modify product: Probable cyclic di-GMP phosphodiesterase PdeN => putative cyclic di-GMP phosphodiesterase PdeN
[17:26:40] Modify product: UPF0153 protein YeiW => hypothetical protein
[17:26:40] Modify product: UPF0324 inner membrane protein YeiH => hypothetical protein
[17:26:40] Modify product: UPF0299 membrane protein YohJ => hypothetical protein
[17:26:40] Modify product: Uncharacterized oxidoreductase YohF => putative oxidoreductase YohF
[17:26:40] Modify product: UPF0387 membrane protein YohO => hypothetical protein
[17:26:40] Modify product: Uncharacterized lipoprotein YehR => putative lipoprotein YehR
[17:26:40] Modify product: Uncharacterized fimbrial-like protein YehD => putative fimbrial-like protein YehD
[17:26:40] Modify product: Probable fimbrial chaperone YehC => putative fimbrial chaperone YehC
[17:26:40] Modify product: Uncharacterized fimbrial-like protein YehA => putative fimbrial-like protein YehA
[17:26:40] Modify product: Probable L,D-transpeptidase YbiS => putative L,D-transpeptidase YbiS
[17:26:40] Modify product: Uncharacterized ABC transporter ATP-binding protein YbiT => putative ABC transporter ATP-binding protein YbiT
[17:26:40] Modify product: Uncharacterized protein YbiU => putative protein YbiU
[17:26:40] Modify product: Probable cyclic di-GMP phosphodiesterase PdeI => putative cyclic di-GMP phosphodiesterase PdeI
[17:26:40] Modify product: Uncharacterized protein YbjN => putative protein YbjN
[17:26:40] Modify product: Uncharacterized lipoprotein YbjP => putative lipoprotein YbjP
[17:26:40] Modify product: UPF0145 protein YbjQ => hypothetical protein
[17:26:40] Modify product: UPF0758 protein CT0611 => hypothetical protein
[17:26:40] Modify product: Probable hydrolase YcaC => putative hydrolase YcaC
[17:26:40] Modify product: Uncharacterized MFS-type transporter YcaD => putative MFS-type transporter YcaD
[17:26:40] Modify product: UPF0434 protein YcaR => hypothetical protein
[17:26:40] Modify product: Probable D,D-dipeptide-binding periplasmic protein DdpA => putative D,D-dipeptide-binding periplasmic protein DdpA
[17:26:40] Modify product: Probable D,D-dipeptide transport system permease protein DdpB => putative D,D-dipeptide transport system permease protein DdpB
[17:26:40] Modify product: Probable D,D-dipeptide transport system permease protein DdpC => putative D,D-dipeptide transport system permease protein DdpC
[17:26:40] Modify product: Probable D,D-dipeptide transport ATP-binding protein DdpD => putative D,D-dipeptide transport ATP-binding protein DdpD
[17:26:40] Modify product: Probable D,D-dipeptide transport ATP-binding protein DdpF => putative D,D-dipeptide transport ATP-binding protein DdpF
[17:26:40] Modify product: Uncharacterized HTH-type transcriptional regulator YddM => putative HTH-type transcriptional regulator YddM
[17:26:40] Modify product: Uncharacterized protein Rv3292 => putative protein
[17:26:40] Modify product: Uncharacterized protein YnbD => putative protein YnbD
[17:26:40] Modify product: Uncharacterized protein YnbC => putative protein YnbC
[17:26:40] Modify product: Uncharacterized periplasmic iron-binding protein HI_0362 => putative periplasmic iron-binding protein
[17:26:40] Modify product: Uncharacterized protein YeaR => putative protein YeaR
[17:26:40] Modify product: Probable DNA endonuclease SmrA => putative DNA endonuclease SmrA
[17:26:40] Modify product: Uncharacterized protein YcjY => putative protein YcjY
[17:26:40] Modify product: UPF0283 membrane protein YcjF => hypothetical protein
[17:26:40] Modify product: Uncharacterized protein YcjX => putative protein YcjX
[17:26:40] Modify product: Probable efflux pump outer membrane protein TtgC => putative efflux pump outer membrane protein TtgC
[17:26:40] Modify product: UPF0509 protein YciZ => hypothetical protein
[17:26:40] Modify product: Uncharacterized protein YciH => putative protein YciH
[17:26:40] Modify product: Probable protease SohB => putative protease SohB
[17:26:40] Modify product: Uncharacterized oxidoreductase YciK => putative oxidoreductase YciK
[17:26:40] Modify product: Uncharacterized protein YciO => putative protein YciO
[17:26:40] Modify product: UPF0259 membrane protein YciC => hypothetical protein
[17:26:40] Modify product: Probable intracellular septation protein A => putative intracellular septation protein A
[17:26:40] Modify product: Uncharacterized acyl-CoA thioester hydrolase HI_0827 => putative acyl-CoA thioester hydrolase
[17:26:40] Modify product: UPF0263 protein YciU => hypothetical protein
[17:26:40] Modify product: UPF0056 inner membrane protein MarC => hypothetical protein
[17:26:40] Modify product: Uncharacterized NTE family protein Rv1063c => putative NTE family protein
[17:26:40] Modify product: UPF0225 protein YchJ => hypothetical protein
[17:26:40] Modify product: Probable ABC transporter permease protein HI_1471 => putative ABC transporter permease protein
[17:26:40] Modify product: Uncharacterized ABC transporter ATP-binding protein HI_1470 => putative ABC transporter ATP-binding protein
[17:26:40] Modify product: Uncharacterized protein YcgM => putative protein YcgM
[17:26:40] Modify product: Probable autotransporter ROD_p1121 => putative autotransporter
[17:26:40] Modify product: UPF0757 protein YmgG => hypothetical protein
[17:26:40] Modify product: Uncharacterized protein YmgD => putative protein YmgD
[17:26:40] Modify product: Probable cyclic di-GMP phosphodiesterase PdeG => putative cyclic di-GMP phosphodiesterase PdeG
[17:26:40] Modify product: Uncharacterized protein YmgC => putative protein YmgC
[17:26:40] Modify product: Probable two-component-system connector protein AriR => putative two-component-system connector protein AriR
[17:26:40] Modify product: Probable two-component-system connector protein YcgZ => putative two-component-system connector protein YcgZ
[17:26:40] Modify product: Uncharacterized protein YdfO => putative protein YdfO
[17:26:40] Modify product: UPF0227 protein YcfP => hypothetical protein
[17:26:40] Modify product: Uncharacterized metal-dependent hydrolase YcfH => putative metal-dependent hydrolase YcfH
[17:26:40] Modify product: UPF0502 protein YceH => hypothetical protein
[17:26:40] Modify product: Uncharacterized lipoprotein YceB => putative lipoprotein YceB
[17:26:40] Modify product: Uncharacterized protein YceO => putative protein YceO
[17:26:40] Modify product: Cytochrome b561 homolog 2 => Cytochrome b561 
[17:26:40] Modify product: UPF0176 protein YceA => hypothetical protein
[17:26:40] Modify product: Uncharacterized protein YmdA => putative protein YmdA
[17:26:40] Modify product: Probable phosphatase YcdX => putative phosphatase YcdX
[17:26:40] Modify product: Probable diguanylate cyclase DgcT => putative diguanylate cyclase DgcT
[17:26:40] Modify product: Probable malonic semialdehyde reductase RutE => putative malonic semialdehyde reductase RutE
[17:26:41] Modify product: Uncharacterized protein YccJ => putative protein YccJ
[17:26:41] Modify product: Probable L,D-transpeptidase ErfK/SrfK => putative L,D-transpeptidase ErfK/SrfK
[17:26:41] Modify product: Probable FMN/FAD exporter YeeO => putative FMN/FAD exporter YeeO
[17:26:41] Modify product: Probable transcriptional regulatory protein YeeN => putative transcriptional regulatory protein YeeN
[17:26:41] Modify product: Putative multidrug export ATP-binding/permease protein SAV1866 => Putative multidrug export ATP-binding/permease protein
[17:26:41] Modify product: UPF0265 protein YeeX => hypothetical protein
[17:26:41] Modify product: UPF0394 inner membrane protein YeeE => hypothetical protein
[17:26:41] Modify product: UPF0053 inner membrane protein YoaE => hypothetical protein
[17:26:41] Modify product: Probable diguanylate cyclase DgcE => putative diguanylate cyclase DgcE
[17:26:41] Modify product: UPF0339 protein YegP => hypothetical protein
[17:26:41] Modify product: 23S rRNA 5-hydroxycytidine C2501 synthase => 23S rRNA 5-hydroxycytidine synthase
[17:26:41] Modify product: Probable fimbrial chaperone YehC => putative fimbrial chaperone YehC
[17:26:41] Modify product: Uncharacterized fimbrial-like protein YehD => putative fimbrial-like protein YehD
[17:26:41] Modify product: Probable peptidoglycan glycosyltransferase FtsW => putative peptidoglycan glycosyltransferase FtsW
[17:26:41] Modify product: UPF0231 protein YacL => hypothetical protein
[17:26:41] Modify product: Uncharacterized ABC transporter ATP-binding protein YadG => putative ABC transporter ATP-binding protein YadG
[17:26:41] Modify product: Uncharacterized fimbrial-like protein YadC => putative fimbrial-like protein YadC
[17:26:41] Modify product: Uncharacterized fimbrial-like protein YadK => putative fimbrial-like protein YadK
[17:26:41] Modify product: Uncharacterized fimbrial-like protein YadM => putative fimbrial-like protein YadM
[17:26:41] Modify product: Probable fimbrial chaperone YadV => putative fimbrial chaperone YadV
[17:26:41] Modify product: Uncharacterized fimbrial-like protein YadN => putative fimbrial-like protein YadN
[17:26:41] Modify product: UPF0126 inner membrane protein YadS => hypothetical protein
[17:26:41] Modify product: UPF0253 protein YaeP => hypothetical protein
[17:26:41] Modify product: Uncharacterized protein YaeQ => putative protein YaeQ
[17:26:41] Modify product: Uncharacterized methyltransferase YcgJ => putative methyltransferase YcgJ
[17:26:41] Modify product: Uncharacterized protein YqcG => putative protein YqcG
[17:26:41] Modify product: Uncharacterized protein YgcP => putative protein YgcP
[17:26:41] Modify product: Probable UbiX-like flavin prenyltransferase => putative UbiX-like flavin prenyltransferase
[17:26:41] Modify product: Probable transporter SCO4007 => putative transporter
[17:26:41] Modify product: Uncharacterized protein YgaM => putative protein YgaM
[17:26:41] Modify product: Probable HTH-type transcriptional regulator YgaV => putative HTH-type transcriptional regulator YgaV
[17:26:41] Modify product: UPF0758 protein => hypothetical protein
[17:26:41] Modify product: Probable autotransporter ROD_p1121 => putative autotransporter
[17:26:41] Modify product: UPF0125 protein RatB => hypothetical protein
[17:26:41] Modify product: UPF0053 inner membrane protein YfjD => hypothetical protein
[17:26:41] Modify product: Probable iron export ATP-binding protein FetA => putative iron export ATP-binding protein FetA
[17:26:41] Modify product: Probable iron export permease protein FetB => putative iron export permease protein FetB
[17:26:41] Modify product: Uncharacterized protein YbcJ => putative protein YbcJ
[17:26:41] Modify product: Bifunctional protein FolD => Bifunctional protein FolD protein
[17:26:41] Modify product: Uncharacterized fimbrial-like protein SfmA => putative fimbrial-like protein SfmA
[17:26:41] Modify product: Probable fimbrial chaperone SfmC => putative fimbrial chaperone SfmC
[17:26:41] Modify product: Uncharacterized fimbrial-like protein SfmH => putative fimbrial-like protein SfmH
[17:26:41] Modify product: Uncharacterized fimbrial-like protein SfmF => putative fimbrial-like protein SfmF
[17:26:41] Modify product: Probable deoxyribonuclease RhsA => putative deoxyribonuclease RhsA
[17:26:41] Modify product: Uncharacterized tRNA/rRNA methyltransferase YfiF => putative tRNA/rRNA methyltransferase YfiF
[17:26:41] Modify product: Uncharacterized protein YphB => putative protein YphB
[17:26:41] Modify product: Probable 3-phenylpropionic acid transporter => putative 3-phenylpropionic acid transporter
[17:26:41] Modify product: Uncharacterized protein Rv2307c => putative protein
[17:26:41] Modify product: UPF0070 protein HI_0370 => hypothetical protein
[17:26:41] Modify product: Uncharacterized protein YfgJ => putative protein YfgJ
[17:26:41] Modify product: Probable ATP synthase SpaL => putative ATP synthase SpaL
[17:26:41] Modify product: Uncharacterized protein YqfG => putative protein YqfG
[17:26:41] Modify product: UPF0073 inner membrane protein YqfA => hypothetical protein
[17:26:41] Modify product: UPF0267 protein YqfB => hypothetical protein
[17:26:41] Modify product: UPF0149 protein HI_0817 => hypothetical protein
[17:26:41] Modify product: UPF0301 protein YqgE => hypothetical protein
[17:26:41] Modify product: Uncharacterized protein YggR => putative protein YggR
[17:26:41] Modify product: UPF0235 protein YggU => hypothetical protein
[17:26:41] Modify product: Uncharacterized protein HI_0341 => putative protein
[17:26:41] Modify product: Probable Fe(2+)-trafficking protein => putative Fe(2+)-trafficking protein
[17:26:41] Modify product: Probable inner membrane protein Smp => putative inner membrane protein Smp
[17:26:41] Modify product: Uncharacterized protein YjjI => putative protein YjjI
[17:26:41] Modify product: Uncharacterized metal-dependent hydrolase YjjV => putative metal-dependent hydrolase YjjV
[17:26:41] Modify product: UPF0442 protein YjjB => hypothetical protein
[17:26:41] Modify product: Probable HTH-type transcriptional regulator LgoR => putative HTH-type transcriptional regulator LgoR
[17:26:41] Modify product: Uncharacterized protein YjiK => putative protein YjiK
[17:26:41] Modify product: Probable RNA 2'-phosphotransferase => putative RNA 2'-phosphotransferase
[17:26:41] Modify product: Probable major fimbrial subunit LpfA => putative major fimbrial subunit LpfA
[17:26:41] Modify product: Probable N-acetylneuraminic acid outer membrane channel protein NanC => putative N-acetylneuraminic acid outer membrane channel protein NanC
[17:26:41] Modify product: Probable 9-O-acetyl-N-acetylneuraminic acid deacetylase => putative 9-O-acetyl-N-acetylneuraminic acid deacetylase
[17:26:41] Modify product: Uncharacterized protein YjhP => putative protein YjhP
[17:26:41] Modify product: Probable 2-dehydro-3-deoxy-D-pentonate aldolase YjhH => putative 2-dehydro-3-deoxy-D-pentonate aldolase YjhH
[17:26:41] Modify product: Uncharacterized protein YbdM => putative protein YbdM
[17:26:41] Modify product: Uncharacterized FAD-linked oxidoreductase Rv2280 => putative FAD-linked oxidoreductase
[17:26:41] Modify product: Uncharacterized protein YtfJ => putative protein YtfJ
[17:26:42] Modify product: Probable Ni/Fe-hydrogenase 2 b-type cytochrome subunit => putative Ni/Fe-hydrogenase 2 b-type cytochrome subunit
[17:26:42] Modify product: Uncharacterized oxidoreductase YghA => putative oxidoreductase YghA
[17:26:42] Modify product: Probable deoxycholate-binding periplasmic protein YgiS => putative deoxycholate-binding periplasmic protein YgiS
[17:26:42] Modify product: Probable quinol monooxygenase YgiN => putative quinol monooxygenase YgiN
[17:26:42] Modify product: Uncharacterized fimbrial-like protein YbgD => putative fimbrial-like protein YbgD
[17:26:42] Modify product: Probable glycerol-3-phosphate acyltransferase => putative glycerol-3-phosphate acyltransferase
[17:26:42] Modify product: Uncharacterized protein YqjD => putative protein YqjD
[17:26:42] Modify product: UPF0597 protein YhaM => hypothetical protein
[17:26:42] Modify product: Probable serine transporter => putative serine transporter
[17:26:42] Modify product: Probable galactarate transporter => putative galactarate transporter
[17:26:42] Modify product: UPF0213 protein BH0048 => hypothetical protein
[17:26:42] Modify product: Uncharacterized protease YhbU => putative protease YhbU
[17:26:42] Modify product: Uncharacterized inner membrane transporter YhbE => putative inner membrane transporter YhbE
[17:26:42] Modify product: Uncharacterized protein YrbL => putative protein YrbL
[17:26:42] Modify product: Uncharacterized protein YhcH => putative protein YhcH
[17:26:42] Modify product: Uncharacterized protein YhcO => putative protein YhcO
[17:26:42] Modify product: Probable acrylyl-CoA reductase AcuI => putative acrylyl-CoA reductase AcuI
[17:26:42] Modify product: Uncharacterized membrane protein YhdT => putative membrane protein YhdT
[17:26:42] Modify product: UPF0401 protein YkfF => hypothetical protein
[17:26:42] Modify product: Uncharacterized protein McbA => putative protein McbA
[17:26:42] Modify product: PKHD-type hydroxylase Sbal_3634 => PKHD-type hydroxylase
[17:26:42] Modify product: Uncharacterized protein YbiI => putative protein YbiI
[17:26:42] Modify product: Uncharacterized protein YbiB => putative protein YbiB
[17:26:42] Modify product: UPF0194 membrane protein YbhG => hypothetical protein
[17:26:42] Modify product: Probable multidrug ABC transporter ATP-binding protein YbhF => putative multidrug ABC transporter ATP-binding protein YbhF
[17:26:42] Modify product: Probable multidrug ABC transporter permease YbhS => putative multidrug ABC transporter permease YbhS
[17:26:42] Modify product: Probable multidrug ABC transporter permease YbhR => putative multidrug ABC transporter permease YbhR
[17:26:42] Modify product: UPF0098 protein YbhB => hypothetical protein
[17:26:42] Modify product: Uncharacterized fimbrial-like protein YbgD => putative fimbrial-like protein YbgD
[17:26:42] Modify product: GTP cyclohydrolase 1 type 2 homolog => GTP cyclohydrolase 1 type 2 
[17:26:42] Modify product: Uncharacterized protein YbfE => putative protein YbfE
[17:26:42] Modify product: Uncharacterized lipoprotein ChiQ => putative lipoprotein ChiQ
[17:26:42] Modify product: UPF0250 protein YbeD => hypothetical protein
[17:26:42] Modify product: Uncharacterized HTH-type transcriptional regulator YbdO => putative HTH-type transcriptional regulator YbdO
[17:26:42] Modify product: Uncharacterized HTH-type transcriptional regulator YbdO => putative HTH-type transcriptional regulator YbdO
[17:26:42] Modify product: Uncharacterized protein YbdM => putative protein YbdM
[17:26:42] Modify product: Probable cyclic di-GMP phosphodiesterase PdeB => putative cyclic di-GMP phosphodiesterase PdeB
[17:26:42] Modify product: Uncharacterized protein YbaA => putative protein YbaA
[17:26:42] Modify product: Uncharacterized lipoprotein YbaY => putative lipoprotein YbaY
[17:26:42] Modify product: Probable multidrug resistance ABC transporter ATP-binding/permease protein YheI => putative multidrug resistance ABC transporter ATP-binding/permease protein YheI
[17:26:42] Modify product: Uncharacterized protein HI_1008 => putative protein
[17:26:42] Modify product: UPF0234 protein YajQ => hypothetical protein
[17:26:42] Modify product: Uncharacterized lipoprotein YajI => putative lipoprotein YajI
[17:26:42] Modify product: Uncharacterized protein YaiA => putative protein YaiA
[17:26:42] Modify product: UPF0178 protein YaiI => hypothetical protein
[17:26:42] Modify product: Probable diguanylate cyclase DgcC => putative diguanylate cyclase DgcC
[17:26:42] Modify product: Uncharacterized transporter YycB => putative transporter YycB
[17:26:42] Modify product: Uncharacterized HTH-type transcriptional regulator YahB => putative HTH-type transcriptional regulator YahB
[17:26:42] Modify product: Probable pyridine nucleotide-disulfide oxidoreductase RclA => putative pyridine nucleotide-disulfide oxidoreductase RclA
[17:26:42] Modify product: Uncharacterized oxidoreductase YtbE => putative oxidoreductase YtbE
[17:26:42] Modify product: Uncharacterized protein YcjY => putative protein YcjY
[17:26:42] Modify product: Uncharacterized membrane protein YkgR => putative membrane protein YkgR
[17:26:42] Modify product: Probable fimbrial chaperone EcpB => putative fimbrial chaperone EcpB
[17:26:42] Modify product: Probable outer membrane usher protein EcpC => putative outer membrane usher protein EcpC
[17:26:42] Modify product: Probable fimbrial chaperone EcpE => putative fimbrial chaperone EcpE
[17:26:42] Modify product: Uncharacterized protein PA2218 => putative protein
[17:26:42] Modify product: UPF0255 protein VV1_0328 => hypothetical protein
[17:26:42] Modify product: Uncharacterized N-acetyltransferase YafP => putative N-acetyltransferase YafP
[17:26:42] Modify product: Uncharacterized protein YthA => putative protein YthA
[17:26:42] Modify product: Uncharacterized oxidoreductase YjhC => putative oxidoreductase YjhC
[17:26:42] Modify product: Probable glucarate transporter => putative glucarate transporter
[17:26:42] Modify product: Uncharacterized protein PA3435 => putative protein
[17:26:42] Modify product: Uncharacterized protein YqcC => putative protein YqcC
[17:26:42] Modify product: Uncharacterized HTH-type transcriptional regulator YdjF => putative HTH-type transcriptional regulator YdjF
[17:26:42] Modify product: UPF0382 inner membrane protein YgdD => hypothetical protein
[17:26:42] Modify product: Uncharacterized lipoprotein YgdR => putative lipoprotein YgdR
[17:26:42] Modify product: UPF0053 inner membrane protein YgdQ => hypothetical protein
[17:26:42] Modify product: Uncharacterized lipoprotein YgdR => putative lipoprotein YgdR
[17:26:42] Modify product: Protein SlyX homolog => Protein SlyX 
[17:26:42] Modify product: Uncharacterized ABC transporter ATP-binding protein YheS => putative ABC transporter ATP-binding protein YheS
[17:26:42] Modify product: UPF0270 protein PA3463 => hypothetical protein
[17:26:42] Modify product: Probable protein adenylyltransferase Fic => putative protein adenylyltransferase Fic
[17:26:42] Modify product: Uncharacterized protein YhfG => putative protein YhfG
[17:26:42] Modify product: Uncharacterized protein YhfS => putative protein YhfS
[17:26:42] Modify product: Uncharacterized protein YhfX => putative protein YhfX
[17:26:42] Modify product: Putative membrane protein IgaA homolog => Putative membrane protein IgaA 
[17:26:42] Modify product: Probable [Fe-S]-dependent transcriptional repressor FeoC => putative [Fe-S]-dependent transcriptional repressor FeoC
[17:26:43] Modify product: UPF0056 inner membrane protein YhgN => hypothetical protein
[17:26:43] Modify product: Uncharacterized oxidoreductase YhhX => putative oxidoreductase YhhX
[17:26:43] Modify product: Uncharacterized protein YhhA => putative protein YhhA
[17:26:43] Modify product: Uncharacterized MFS-type transporter YhhS => putative MFS-type transporter YhhS
[17:26:43] Modify product: Uncharacterized protein HI_0933 => putative protein
[17:26:43] Modify product: Probable cyclic di-GMP phosphodiesterase PdeK => putative cyclic di-GMP phosphodiesterase PdeK
[17:26:43] Modify product: Uncharacterized MFS-type transporter YhjX => putative MFS-type transporter YhjX
[17:26:43] Modify product: Probable lipoprotein YiaD => putative lipoprotein YiaD
[17:26:43] Modify product: Uncharacterized protein YhcH => putative protein YhcH
[17:26:43] Modify product: Probable protein kinase UbiB => putative protein kinase UbiB
[17:26:43] Modify product: Probable transport protein YifK => putative transport protein YifK
[17:26:43] Modify product: Probable ECA polymerase => putative ECA polymerase
[17:26:43] Modify product: UPF0438 protein YifE => hypothetical protein
[17:26:43] Modify product: Uncharacterized protein HI_0431 => putative protein
[17:26:43] Modify product: Probable cystine transporter YijE => putative cystine transporter YijE
[17:26:43] Modify product: UPF0381 protein YiiS => hypothetical protein
[17:26:43] Modify product: UPF0761 membrane protein YihY => hypothetical protein
[17:26:43] Modify product: Uncharacterized protein YihR => putative protein YihR
[17:26:43] Modify product: Uncharacterized protein YshB => putative protein YshB
[17:26:43] Modify product: Probable GTP-binding protein EngB => putative GTP-binding protein EngB
[17:26:43] Modify product: Probable acyltransferase YihG => putative acyltransferase YihG
[17:26:43] Modify product: Uncharacterized GST-like protein YibF => putative GST-like protein YibF
[17:26:43] Modify product: Uncharacterized protein YibL => putative protein YibL
[17:26:43] Modify product: Uncharacterized protein YibN => putative protein YibN
[17:26:43] Modify product: Uncharacterized protein HI_0755 => putative protein
[17:26:43] Modify product: UPF0758 protein SP_1088 => hypothetical protein
[17:26:43] Modify product: UPF0701 protein YicC => hypothetical protein
[17:26:43] Modify product: UPF0126 inner membrane protein YicG => hypothetical protein
[17:26:43] Modify product: Probable fructose-bisphosphate aldolase => putative fructose-bisphosphate aldolase
[17:26:43] Modify product: Uncharacterized inner membrane transporter YicL => putative inner membrane transporter YicL
[17:26:43] Modify product: Uncharacterized symporter YidK => putative symporter YidK
[17:26:43] Modify product: Probable 2-dehydro-3-deoxygalactonokinase DgoK1 => putative 2-dehydro-3-deoxygalactonokinase DgoK1
[17:26:43] Modify product: Probable transport protein HsrA => putative transport protein HsrA
[17:26:43] Modify product: Uncharacterized lipoprotein GfcB => putative lipoprotein GfcB
[17:26:43] Modify product: UPF0337 protein YjbJ => hypothetical protein
[17:26:43] Modify product: Uncharacterized protein YjbR => putative protein YjbR
[17:26:43] Modify product: Probable cyclic di-GMP phosphodiesterase PdeC => putative cyclic di-GMP phosphodiesterase PdeC
[17:26:43] Modify product: Uncharacterized ferredoxin-like protein YdhX => putative ferredoxin-like protein YdhX
[17:26:43] Modify product: Probable transcriptional regulator PhnF => putative transcriptional regulator PhnF
[17:26:43] Modify product: Uncharacterized protein YjdJ => putative protein YjdJ
[17:26:43] Modify product: Probable cadaverine/lysine antiporter => putative cadaverine/lysine antiporter
[17:26:43] Modify product: UPF0716 protein FxsA => hypothetical protein
[17:26:43] Modify product: UPF0719 inner membrane protein YjfL => hypothetical protein
[17:26:43] Modify product: Probable L-ascorbate-6-phosphate lactonase UlaG => putative L-ascorbate-6-phosphate lactonase UlaG
[17:26:43] Modify product: Uncharacterized protein YtfJ => putative protein YtfJ
[17:26:43] Modify product: UPF0053 inner membrane protein YtfL => hypothetical protein
[17:26:43] Modify product: UPF0307 protein YjgA => hypothetical protein
[17:26:43] Modify product: Uncharacterized protein YdfR => putative protein YdfR
[17:26:43] Modify product: Uncharacterized protein YdfO => putative protein YdfO
[17:26:43] Modify product: Prophage tail fiber assembly protein homolog TfaE => Prophage tail fiber assembly protein TfaE
[17:26:44] Modify product: Uncharacterized protein YqjZ => putative protein YqjZ
[17:26:44] Modify product: Probable RNA polymerase sigma factor FecI => putative RNA polymerase sigma factor FecI
[17:26:44] Modify product: UPF0401 protein YkfF => hypothetical protein
[17:26:44] Modify product: Uncharacterized protein YbbC => putative protein YbbC
[17:26:44] Modify product: UPF0401 protein YkfF => hypothetical protein
[17:26:44] Modify product: UPF0758 protein CT0611 => hypothetical protein
[17:26:44] Cleaned 370 /product names
[17:26:44] Deleting unwanted file: /Volumes/Ananda_Bioinformatics/Bioinformatic-Work-July-2020/Quinn/S1/PRJNA700874/JS511.sprot.tmp.6764.faa
[17:26:44] Deleting unwanted file: /Volumes/Ananda_Bioinformatics/Bioinformatic-Work-July-2020/Quinn/S1/PRJNA700874/JS511.sprot.tmp.6764.blast
[17:26:44] There are still 1297 unannotated CDS left (started with 4967)
[17:26:44] Will use hmmer3 to search against /opt/anaconda3/envs/PROKKA/db/hmm/HAMAP.hmm with 4 CPUs
[17:26:44] Running: cat \/Volumes\/Ananda_Bioinformatics\/Bioinformatic\-Work\-July\-2020\/Quinn\/S1\/PRJNA700874\/JS511\.HAMAP\.hmm\.tmp\.6764\.faa | parallel --gnu --plain -j 4 --block 42881 --recstart '>' --pipe hmmscan --noali --notextw --acc -E 1e-09 --cpu 1 /opt/anaconda3/envs/PROKKA/db/hmm/HAMAP.hmm /dev/stdin > \/Volumes\/Ananda_Bioinformatics\/Bioinformatic\-Work\-July\-2020\/Quinn\/S1\/PRJNA700874\/JS511\.HAMAP\.hmm\.tmp\.6764\.hmmer3 2> /dev/null
[17:27:07] Modify product: Uncharacterized Nudix hydrolase NudL => putative Nudix hydrolase NudL
[17:27:07] Cleaned 1 /product names
[17:27:07] Deleting unwanted file: /Volumes/Ananda_Bioinformatics/Bioinformatic-Work-July-2020/Quinn/S1/PRJNA700874/JS511.HAMAP.hmm.tmp.6764.faa
[17:27:07] Deleting unwanted file: /Volumes/Ananda_Bioinformatics/Bioinformatic-Work-July-2020/Quinn/S1/PRJNA700874/JS511.HAMAP.hmm.tmp.6764.hmmer3
[17:27:07] Labelling remaining 1209 proteins as 'hypothetical protein'
[17:27:07] Possible /pseudo 'ATP-dependent RNA helicase HrpB' at gnl|Prokka|JS511_1 position 170197
[17:27:07] Possible /pseudo 'Ureidoglycolate dehydrogenase (NAD(+))' at gnl|Prokka|JS511_1 position 469575
[17:27:07] Possible /pseudo 'D-tagatose-1,6-bisphosphate aldolase subunit GatZ' at gnl|Prokka|JS511_1 position 1153781
[17:27:07] Possible /pseudo 'Formate dehydrogenase, nitrate-inducible, major subunit' at gnl|Prokka|JS511_1 position 1827851
[17:27:07] Possible /pseudo 'Trans-aconitate 2-methyltransferase' at gnl|Prokka|JS511_1 position 1892203
[17:27:07] Possible /pseudo 'Manganese transport system membrane protein MntB' at gnl|Prokka|JS511_1 position 2012031
[17:27:07] Possible /pseudo 'Protein RhsC' at gnl|Prokka|JS511_1 position 2777172
[17:27:07] Possible /pseudo 'Protein RhsC' at gnl|Prokka|JS511_1 position 2777794
[17:27:07] Possible /pseudo 'HTH-type transcriptional regulator AcrR' at gnl|Prokka|JS511_1 position 2901237
[17:27:07] Possible /pseudo 'HTH-type transcriptional regulator PgrR' at gnl|Prokka|JS511_1 position 3084901
[17:27:07] Possible /pseudo 'IS3 family transposase IS629' at gnl|Prokka|JS511_1 position 3539295
[17:27:07] Possible /pseudo 'Inner membrane transporter YgjI' at gnl|Prokka|JS511_1 position 3728600
[17:27:07] Possible /pseudo 'Cellulose biosynthesis protein BcsQ' at gnl|Prokka|JS511_1 position 4183350
[17:27:07] Possible /pseudo 'Small toxic polypeptide LdrD' at gnl|Prokka|JS511_1 position 4188186
[17:27:07] Possible /pseudo 'Small toxic polypeptide LdrD' at gnl|Prokka|JS511_1 position 4188670
[17:27:07] Possible /pseudo 'Protein RhsC' at gnl|Prokka|JS511_1 position 4425064
[17:27:07] Possible /pseudo 'PTS system mannose-specific EIIBCA component' at gnl|Prokka|JS511_1 position 4462429
[17:27:07] Possible /pseudo 'Formate dehydrogenase-O major subunit' at gnl|Prokka|JS511_1 position 4469137
[17:27:07] Possible /pseudo 'Putative 2,3-dihydroxypropane-1-sulfonate exporter' at gnl|Prokka|JS511_1 position 4493657
[17:27:07] Possible /pseudo 'Formate dehydrogenase H' at gnl|Prokka|JS511_1 position 4816086
[17:27:07] Found 3212 unique /gene codes.
[17:27:07] Fixed 2 duplicate /gene - fryA_1 fryA_2
[17:27:07] Fixed 4 duplicate /gene - arnC_1 arnC_2 arnC_3 arnC_4
[17:27:07] Fixed 2 duplicate /gene - ampG_1 ampG_2
[17:27:07] Fixed 2 duplicate /gene - hchA_1 hchA_2
[17:27:07] Fixed 3 duplicate /gene - xerC_1 xerC_2 xerC_3
[17:27:07] Fixed 2 duplicate /gene - ysdC_1 ysdC_2
[17:27:07] Fixed 2 duplicate /gene - fdhF_1 fdhF_2
[17:27:07] Fixed 2 duplicate /gene - fbaA_1 fbaA_2
[17:27:07] Fixed 2 duplicate /gene - mtlA_1 mtlA_2
[17:27:07] Fixed 2 duplicate /gene - hilA_1 hilA_2
[17:27:07] Fixed 3 duplicate /gene - exuT_1 exuT_2 exuT_3
[17:27:07] Fixed 2 duplicate /gene - malX_1 malX_2
[17:27:07] Fixed 2 duplicate /gene - rtcB_1 rtcB_2
[17:27:07] Fixed 3 duplicate /gene - intQ_1 intQ_2 intQ_3
[17:27:07] Fixed 2 duplicate /gene - rcsB_1 rcsB_2
[17:27:07] Fixed 3 duplicate /gene - potA_1 potA_2 potA_3
[17:27:07] Fixed 2 duplicate /gene - rbsB_1 rbsB_2
[17:27:07] Fixed 2 duplicate /gene - hcpA_1 hcpA_2
[17:27:07] Fixed 2 duplicate /gene - acrB_1 acrB_2
[17:27:07] Fixed 2 duplicate /gene - btuB_1 btuB_2
[17:27:07] Fixed 2 duplicate /gene - yrdA_1 yrdA_2
[17:27:07] Fixed 2 duplicate /gene - glmS_1 glmS_2
[17:27:07] Fixed 3 duplicate /gene - gltC_1 gltC_2 gltC_3
[17:27:07] Fixed 3 duplicate /gene - rbsA_1 rbsA_2 rbsA_3
[17:27:07] Fixed 2 duplicate /gene - lptB_1 lptB_2
[17:27:07] Fixed 2 duplicate /gene - folP_1 folP_2
[17:27:07] Fixed 2 duplicate /gene - melR_1 melR_2
[17:27:07] Fixed 2 duplicate /gene - yggP_1 yggP_2
[17:27:07] Fixed 2 duplicate /gene - leuC_1 leuC_2
[17:27:07] Fixed 3 duplicate /gene - dcuD_1 dcuD_2 dcuD_3
[17:27:07] Fixed 3 duplicate /gene - bhsA_1 bhsA_2 bhsA_3
[17:27:07] Fixed 2 duplicate /gene - kdgR_1 kdgR_2
[17:27:07] Fixed 2 duplicate /gene - fdnH_1 fdnH_2
[17:27:07] Fixed 4 duplicate /gene - manP_1 manP_2 manP_3 manP_4
[17:27:07] Fixed 2 duplicate /gene - ybdO_1 ybdO_2
[17:27:07] Fixed 3 duplicate /gene - fixX_1 fixX_2 fixX_3
[17:27:07] Fixed 2 duplicate /gene - srmB_1 srmB_2
[17:27:07] Fixed 2 duplicate /gene - bglA_1 bglA_2
[17:27:07] Fixed 2 duplicate /gene - cysE_1 cysE_2
[17:27:07] Fixed 2 duplicate /gene - yjiE_1 yjiE_2
[17:27:07] Fixed 2 duplicate /gene - epsF_1 epsF_2
[17:27:07] Fixed 2 duplicate /gene - sicA_1 sicA_2
[17:27:07] Fixed 2 duplicate /gene - pstS_1 pstS_2
[17:27:07] Fixed 2 duplicate /gene - yhdJ_1 yhdJ_2
[17:27:07] Fixed 2 duplicate /gene - sbmC_1 sbmC_2
[17:27:07] Fixed 3 duplicate /gene - cytR_1 cytR_2 cytR_3
[17:27:07] Fixed 2 duplicate /gene - cutC_1 cutC_2
[17:27:07] Fixed 3 duplicate /gene - acrR_1 acrR_2 acrR_3
[17:27:07] Fixed 2 duplicate /gene - gatB_1 gatB_2
[17:27:07] Fixed 2 duplicate /gene - papD_1 papD_2
[17:27:07] Fixed 2 duplicate /gene - nadC_1 nadC_2
[17:27:07] Fixed 2 duplicate /gene - kefC_1 kefC_2
[17:27:07] Fixed 7 duplicate /gene - rhsC_1 rhsC_2 rhsC_3 rhsC_4 rhsC_5 rhsC_6 rhsC_7
[17:27:07] Fixed 2 duplicate /gene - acs_1 acs_2
[17:27:07] Fixed 5 duplicate /gene - dmlR_1 dmlR_2 dmlR_3 dmlR_4 dmlR_5
[17:27:07] Fixed 2 duplicate /gene - klcA_1 klcA_2
[17:27:07] Fixed 2 duplicate /gene - nhaK_1 nhaK_2
[17:27:07] Fixed 2 duplicate /gene - topA_1 topA_2
[17:27:07] Fixed 2 duplicate /gene - psuT_1 psuT_2
[17:27:07] Fixed 3 duplicate /gene - ydcV_1 ydcV_2 ydcV_3
[17:27:07] Fixed 2 duplicate /gene - fumC_1 fumC_2
[17:27:07] Fixed 2 duplicate /gene - ybgD_1 ybgD_2
[17:27:07] Fixed 2 duplicate /gene - mak_1 mak_2
[17:27:07] Fixed 2 duplicate /gene - php_1 php_2
[17:27:07] Fixed 2 duplicate /gene - aaeB_1 aaeB_2
[17:27:07] Fixed 2 duplicate /gene - relE_1 relE_2
[17:27:07] Fixed 2 duplicate /gene - acpP_1 acpP_2
[17:27:07] Fixed 2 duplicate /gene - agaC_1 agaC_2
[17:27:07] Fixed 5 duplicate /gene - era_1 era_2 era_3 era_4 era_5
[17:27:07] Fixed 2 duplicate /gene - ssb_1 ssb_2
[17:27:07] Fixed 2 duplicate /gene - lsrB_1 lsrB_2
[17:27:07] Fixed 3 duplicate /gene - gatC_1 gatC_2 gatC_3
[17:27:07] Fixed 2 duplicate /gene - tam_1 tam_2
[17:27:07] Fixed 3 duplicate /gene - ompX_1 ompX_2 ompX_3
[17:27:07] Fixed 2 duplicate /gene - manX_1 manX_2
[17:27:07] Fixed 2 duplicate /gene - lexA_1 lexA_2
[17:27:07] Fixed 2 duplicate /gene - mipA_1 mipA_2
[17:27:07] Fixed 3 duplicate /gene - rrrD_1 rrrD_2 rrrD_3
[17:27:07] Fixed 2 duplicate /gene - bla_1 bla_2
[17:27:07] Fixed 2 duplicate /gene - coaA_1 coaA_2
[17:27:07] Fixed 2 duplicate /gene - lapB_1 lapB_2
[17:27:07] Fixed 5 duplicate /gene - hyfA_1 hyfA_2 hyfA_3 hyfA_4 hyfA_5
[17:27:07] Fixed 5 duplicate /gene - rhaR_1 rhaR_2 rhaR_3 rhaR_4 rhaR_5
[17:27:07] Fixed 4 duplicate /gene - btuD_1 btuD_2 btuD_3 btuD_4
[17:27:07] Fixed 2 duplicate /gene - ygdR_1 ygdR_2
[17:27:07] Fixed 2 duplicate /gene - flhA_1 flhA_2
[17:27:07] Fixed 4 duplicate /gene - cbtA_1 cbtA_2 cbtA_3 cbtA_4
[17:27:07] Fixed 5 duplicate /gene - rhaS_1 rhaS_2 rhaS_3 rhaS_4 rhaS_5
[17:27:07] Fixed 2 duplicate /gene - metC_1 metC_2
[17:27:07] Fixed 2 duplicate /gene - ygcS_1 ygcS_2
[17:27:07] Fixed 2 duplicate /gene - ydjF_1 ydjF_2
[17:27:07] Fixed 2 duplicate /gene - proA_1 proA_2
[17:27:07] Fixed 3 duplicate /gene - intS_1 intS_2 intS_3
[17:27:07] Fixed 4 duplicate /gene - flu_1 flu_2 flu_3 flu_4
[17:27:07] Fixed 2 duplicate /gene - ybcO_1 ybcO_2
[17:27:07] Fixed 3 duplicate /gene - mngR_1 mngR_2 mngR_3
[17:27:07] Fixed 2 duplicate /gene - yiaW_1 yiaW_2
[17:27:07] Fixed 2 duplicate /gene - lolD_1 lolD_2
[17:27:07] Fixed 2 duplicate /gene - mlc_1 mlc_2
[17:27:07] Fixed 2 duplicate /gene - cspG_1 cspG_2
[17:27:07] Fixed 2 duplicate /gene - lptG_1 lptG_2
[17:27:07] Fixed 2 duplicate /gene - gadX_1 gadX_2
[17:27:07] Fixed 2 duplicate /gene - hsdR_1 hsdR_2
[17:27:07] Fixed 2 duplicate /gene - kdsD_1 kdsD_2
[17:27:07] Fixed 2 duplicate /gene - yhcH_1 yhcH_2
[17:27:07] Fixed 2 duplicate /gene - rob_1 rob_2
[17:27:07] Fixed 2 duplicate /gene - emrA_1 emrA_2
[17:27:07] Fixed 2 duplicate /gene - kdgK_1 kdgK_2
[17:27:07] Fixed 2 duplicate /gene - malP_1 malP_2
[17:27:07] Fixed 2 duplicate /gene - fucA_1 fucA_2
[17:27:07] Fixed 2 duplicate /gene - osmY_1 osmY_2
[17:27:07] Fixed 2 duplicate /gene - groL_1 groL_2
[17:27:07] Fixed 2 duplicate /gene - rhtC_1 rhtC_2
[17:27:07] Fixed 2 duplicate /gene - glxR_1 glxR_2
[17:27:07] Fixed 2 duplicate /gene - pncC_1 pncC_2
[17:27:07] Fixed 2 duplicate /gene - dmsC_1 dmsC_2
[17:27:07] Fixed 2 duplicate /gene - cysH_1 cysH_2
[17:27:07] Fixed 2 duplicate /gene - caiT_1 caiT_2
[17:27:07] Fixed 2 duplicate /gene - dsbD_1 dsbD_2
[17:27:07] Fixed 2 duplicate /gene - fimF_1 fimF_2
[17:27:07] Fixed 3 duplicate /gene - crfC_1 crfC_2 crfC_3
[17:27:07] Fixed 2 duplicate /gene - yeaR_1 yeaR_2
[17:27:07] Fixed 2 duplicate /gene - malY_1 malY_2
[17:27:07] Fixed 2 duplicate /gene - aspT_1 aspT_2
[17:27:07] Fixed 2 duplicate /gene - ccmH_1 ccmH_2
[17:27:07] Fixed 2 duplicate /gene - narL_1 narL_2
[17:27:07] Fixed 2 duplicate /gene - dinI_1 dinI_2
[17:27:07] Fixed 2 duplicate /gene - ssuC_1 ssuC_2
[17:27:07] Fixed 2 duplicate /gene - kduD_1 kduD_2
[17:27:07] Fixed 2 duplicate /gene - argE_1 argE_2
[17:27:07] Fixed 4 duplicate /gene - psuK_1 psuK_2 psuK_3 psuK_4
[17:27:07] Fixed 5 duplicate /gene - pgrR_1 pgrR_2 pgrR_3 pgrR_4 pgrR_5
[17:27:07] Fixed 2 duplicate /gene - xdhA_1 xdhA_2
[17:27:07] Fixed 2 duplicate /gene - relB_1 relB_2
[17:27:07] Fixed 2 duplicate /gene - bioD1_1 bioD1_2
[17:27:07] Fixed 3 duplicate /gene - ldrD_1 ldrD_2 ldrD_3
[17:27:07] Fixed 2 duplicate /gene - gstB_1 gstB_2
[17:27:07] Fixed 2 duplicate /gene - rhmT_1 rhmT_2
[17:27:07] Fixed 2 duplicate /gene - ydgA_1 ydgA_2
[17:27:07] Fixed 2 duplicate /gene - mdh_1 mdh_2
[17:27:07] Fixed 2 duplicate /gene - yvgN_1 yvgN_2
[17:27:07] Fixed 2 duplicate /gene - allD_1 allD_2
[17:27:07] Fixed 2 duplicate /gene - ydhX_1 ydhX_2
[17:27:07] Fixed 2 duplicate /gene - yehB_1 yehB_2
[17:27:07] Fixed 2 duplicate /gene - chbC_1 chbC_2
[17:27:07] Fixed 3 duplicate /gene - mntB_1 mntB_2 mntB_3
[17:27:07] Fixed 2 duplicate /gene - bioF_1 bioF_2
[17:27:07] Fixed 2 duplicate /gene - galE_1 galE_2
[17:27:07] Fixed 2 duplicate /gene - oleD_1 oleD_2
[17:27:07] Fixed 2 duplicate /gene - ybdM_1 ybdM_2
[17:27:07] Fixed 2 duplicate /gene - dcuA_1 dcuA_2
[17:27:07] Fixed 2 duplicate /gene - ydfO_1 ydfO_2
[17:27:07] Fixed 2 duplicate /gene - idnT_1 idnT_2
[17:27:07] Fixed 2 duplicate /gene - mglA_1 mglA_2
[17:27:07] Fixed 2 duplicate /gene - deoR_1 deoR_2
[17:27:07] Fixed 2 duplicate /gene - ydjE_1 ydjE_2
[17:27:07] Fixed 2 duplicate /gene - fabG_1 fabG_2
[17:27:07] Fixed 2 duplicate /gene - rfbD_1 rfbD_2
[17:27:07] Fixed 2 duplicate /gene - msbA_1 msbA_2
[17:27:07] Fixed 2 duplicate /gene - bcsQ_1 bcsQ_2
[17:27:07] Fixed 2 duplicate /gene - rpe_1 rpe_2
[17:27:07] Fixed 2 duplicate /gene - ttdT_1 ttdT_2
[17:27:07] Fixed 2 duplicate /gene - recD_1 recD_2
[17:27:07] Fixed 2 duplicate /gene - fixA_1 fixA_2
[17:27:07] Fixed 2 duplicate /gene - yehC_1 yehC_2
[17:27:07] Fixed 2 duplicate /gene - fdnG_1 fdnG_2
[17:27:07] Fixed 2 duplicate /gene - artM_1 artM_2
[17:27:07] Fixed 2 duplicate /gene - prs_1 prs_2
[17:27:07] Fixed 4 duplicate /gene - rbsC_1 rbsC_2 rbsC_3 rbsC_4
[17:27:07] Fixed 2 duplicate /gene - iolS_1 iolS_2
[17:27:07] Fixed 2 duplicate /gene - dnaK_1 dnaK_2
[17:27:07] Fixed 2 duplicate /gene - dctA_1 dctA_2
[17:27:07] Fixed 2 duplicate /gene - lutA_1 lutA_2
[17:27:07] Fixed 3 duplicate /gene - por_1 por_2 por_3
[17:27:07] Fixed 2 duplicate /gene - tmk_1 tmk_2
[17:27:07] Fixed 2 duplicate /gene - betI_1 betI_2
[17:27:07] Fixed 2 duplicate /gene - sapB_1 sapB_2
[17:27:07] Fixed 2 duplicate /gene - ytfJ_1 ytfJ_2
[17:27:07] Fixed 2 duplicate /gene - yahB_1 yahB_2
[17:27:07] Fixed 2 duplicate /gene - nepI_1 nepI_2
[17:27:07] Fixed 2 duplicate /gene - murR_1 murR_2
[17:27:07] Fixed 2 duplicate /gene - araB_1 araB_2
[17:27:07] Fixed 2 duplicate /gene - ycjY_1 ycjY_2
[17:27:07] Fixed 2 duplicate /gene - kbaY_1 kbaY_2
[17:27:07] Fixed 2 duplicate /gene - ftsA_1 ftsA_2
[17:27:07] Fixed 2 duplicate /gene - ccmF_1 ccmF_2
[17:27:07] Fixed 2 duplicate /gene - pphA_1 pphA_2
[17:27:07] Fixed 2 duplicate /gene - hrpB_1 hrpB_2
[17:27:07] Fixed 2 duplicate /gene - fdrA_1 fdrA_2
[17:27:07] Fixed 2 duplicate /gene - der_1 der_2
[17:27:07] Fixed 3 duplicate /gene - glnQ_1 glnQ_2 glnQ_3
[17:27:07] Fixed 2 duplicate /gene - ubiJ_1 ubiJ_2
[17:27:07] Fixed 2 duplicate /gene - yehD_1 yehD_2
[17:27:07] Fixed 3 duplicate /gene - fruA_1 fruA_2 fruA_3
[17:27:07] Fixed 2 duplicate /gene - rusA_1 rusA_2
[17:27:07] Fixed 2 duplicate /gene - gntK_1 gntK_2
[17:27:07] Fixed 2 duplicate /gene - btuR_1 btuR_2
[17:27:07] Fixed 2 duplicate /gene - tuf_1 tuf_2
[17:27:07] Fixed 2 duplicate /gene - epsE_1 epsE_2
[17:27:07] Fixed 2 duplicate /gene - bepA_1 bepA_2
[17:27:07] Fixed 4 duplicate /gene - rhsD_1 rhsD_2 rhsD_3 rhsD_4
[17:27:07] Fixed 2 duplicate /gene - pspB_1 pspB_2
[17:27:07] Fixed 3 duplicate /gene - papC_1 papC_2 papC_3
[17:27:07] Fixed 2 duplicate /gene - fumA_1 fumA_2
[17:27:07] Fixed 2 duplicate /gene - rlhA_1 rlhA_2
[17:27:07] Fixed 2 duplicate /gene - ndhI_1 ndhI_2
[17:27:07] Fixed 3 duplicate /gene - manZ_1 manZ_2 manZ_3
[17:27:07] Fixed 4 duplicate /gene - hcaR_1 hcaR_2 hcaR_3 hcaR_4
[17:27:07] Fixed 2 duplicate /gene - deoB_1 deoB_2
[17:27:07] Fixed 3 duplicate /gene - cynR_1 cynR_2 cynR_3
[17:27:07] Fixed 2 duplicate /gene - nuoL_1 nuoL_2
[17:27:07] Fixed 2 duplicate /gene - hsdS_1 hsdS_2
[17:27:07] Fixed 2 duplicate /gene - chbA_1 chbA_2
[17:27:07] Fixed 2 duplicate /gene - emrE_1 emrE_2
[17:27:07] Fixed 2 duplicate /gene - pitA_1 pitA_2
[17:27:07] Fixed 2 duplicate /gene - lsrG_1 lsrG_2
[17:27:07] Fixed 3 duplicate /gene - lldR_1 lldR_2 lldR_3
[17:27:07] Fixed 2 duplicate /gene - rfbB_1 rfbB_2
[17:27:07] Fixed 2 duplicate /gene - yjcS_1 yjcS_2
[17:27:07] Fixed 2 duplicate /gene - cra_1 cra_2
[17:27:07] Fixed 2 duplicate /gene - dmsB_1 dmsB_2
[17:27:07] Fixed 2 duplicate /gene - psuG_1 psuG_2
[17:27:07] Fixed 2 duplicate /gene - nanR_1 nanR_2
[17:27:07] Fixed 2 duplicate /gene - xerD_1 xerD_2
[17:27:07] Fixed 5 duplicate /gene - intA_1 intA_2 intA_3 intA_4 intA_5
[17:27:07] Fixed 2 duplicate /gene - chuR_1 chuR_2
[17:27:07] Fixed 2 duplicate /gene - nimR_1 nimR_2
[17:27:07] Fixed 2 duplicate /gene - hha_1 hha_2
[17:27:07] Fixed 2 duplicate /gene - gntR_1 gntR_2
[17:27:07] Fixed 2 duplicate /gene - slp_1 slp_2
[17:27:07] Fixed 2 duplicate /gene - arcC2_1 arcC2_2
[17:27:07] Fixed 2 duplicate /gene - gnsA_1 gnsA_2
[17:27:07] Fixed 2 duplicate /gene - fimD_1 fimD_2
[17:27:07] Fixed 2 duplicate /gene - ulaE_1 ulaE_2
[17:27:07] Fixed 2 duplicate /gene - fimH_1 fimH_2
[17:27:07] Fixed 2 duplicate /gene - lon_1 lon_2
[17:27:07] Fixed 2 duplicate /gene - dadA_1 dadA_2
[17:27:07] Fixed 3 duplicate /gene - dnaT_1 dnaT_2 dnaT_3
[17:27:07] Fixed 2 duplicate /gene - fryB_1 fryB_2
[17:27:07] Fixed 3 duplicate /gene - tdh_1 tdh_2 tdh_3
[17:27:07] Fixed 2 duplicate /gene - bcr_1 bcr_2
[17:27:07] Fixed 3 duplicate /gene - opgE_1 opgE_2 opgE_3
[17:27:07] Fixed 2 duplicate /gene - fimA_1 fimA_2
[17:27:07] Fixed 2 duplicate /gene - oxyR_1 oxyR_2
[17:27:07] Fixed 2 duplicate /gene - sgrR_1 sgrR_2
[17:27:07] Fixed 2 duplicate /gene - ndhB_1 ndhB_2
[17:27:07] Fixed 2 duplicate /gene - gatZ_1 gatZ_2
[17:27:07] Fixed 2 duplicate /gene - vgrG1_1 vgrG1_2
[17:27:07] Fixed 2 duplicate /gene - higB-2_1 higB-2_2
[17:27:07] Fixed 2 duplicate /gene - mepS_1 mepS_2
[17:27:07] Fixed 2 duplicate /gene - cdsA_1 cdsA_2
[17:27:07] Fixed 2 duplicate /gene - yajO_1 yajO_2
[17:27:07] Fixed 2 duplicate /gene - ugd_1 ugd_2
[17:27:07] Fixed 2 duplicate /gene - caiA_1 caiA_2
[17:27:07] Fixed 2 duplicate /gene - ftnA_1 ftnA_2
[17:27:07] Fixed 3 duplicate /gene - norR_1 norR_2 norR_3
[17:27:07] Fixed 2 duplicate /gene - menC_1 menC_2
[17:27:07] Fixed 2 duplicate /gene - yhhT_1 yhhT_2
[17:27:07] Fixed 2 duplicate /gene - proQ_1 proQ_2
[17:27:07] Fixed 2 duplicate /gene - dnaC_1 dnaC_2
[17:27:07] Fixed 2 duplicate /gene - cusC_1 cusC_2
[17:27:07] Fixed 2 duplicate /gene - lsrK_1 lsrK_2
[17:27:07] Fixed 2 duplicate /gene - emrB_1 emrB_2
[17:27:07] Fixed 2 duplicate /gene - yicJ_1 yicJ_2
[17:27:07] Fixed 2 duplicate /gene - pal_1 pal_2
[17:27:07] Fixed 2 duplicate /gene - gcvA_1 gcvA_2
[17:27:07] Fixed 2 duplicate /gene - gltS_1 gltS_2
[17:27:07] Fixed 2 duplicate /gene - nagB_1 nagB_2
[17:27:07] Fixed 2 duplicate /gene - ygjI_1 ygjI_2
[17:27:07] Fixed 3 duplicate /gene - hdfR_1 hdfR_2 hdfR_3
[17:27:07] Fixed 2 duplicate /gene - kefF_1 kefF_2
[17:27:07] Fixed 5 duplicate /gene - srlR_1 srlR_2 srlR_3 srlR_4 srlR_5
[17:27:07] Fixed 2 duplicate /gene - ydjZ_1 ydjZ_2
[17:27:07] Fixed 2 duplicate /gene - thyA_1 thyA_2
[17:27:07] Fixed 2 duplicate /gene - trmH_1 trmH_2
[17:27:07] Fixed 2 duplicate /gene - yhaJ_1 yhaJ_2
[17:27:07] Fixed 2 duplicate /gene - sorB_1 sorB_2
[17:27:07] Fixed 2 duplicate /gene - fimG_1 fimG_2
[17:27:07] Fixed 2 duplicate /gene - rfbC_1 rfbC_2
[17:27:07] Fixed 2 duplicate /gene - yihP_1 yihP_2
[17:27:07] Fixed 2 duplicate /gene - dnaB_1 dnaB_2
[17:27:07] Fixed 2 duplicate /gene - tsaR_1 tsaR_2
[17:27:07] Fixed 2 duplicate /gene - bglH_1 bglH_2
[17:27:07] Fixed 3 duplicate /gene - recE_1 recE_2 recE_3
[17:27:07] Fixed 2 duplicate /gene - aaeA_1 aaeA_2
[17:27:07] Fixed 3 duplicate /gene - fixB_1 fixB_2 fixB_3
[17:27:07] Fixed 2 duplicate /gene - fdoG_1 fdoG_2
[17:27:07] Fixed 2 duplicate /gene - lsrD_1 lsrD_2
[17:27:07] Fixed 2 duplicate /gene - fdtC_1 fdtC_2
[17:27:07] Fixed 3 duplicate /gene - cbeA_1 cbeA_2 cbeA_3
[17:27:07] Fixed 2 duplicate /gene - hycG_1 hycG_2
[17:27:07] Fixed 2 duplicate /gene - hokE_1 hokE_2
[17:27:07] Fixed 2 duplicate /gene - purR_1 purR_2
[17:27:07] Fixed 293 colliding /gene names.
[17:27:07] Adding /locus_tag identifiers
[17:27:08] Assigned 5053 locus_tags to CDS and RNA features.
[17:27:08] Writing outputs to /Volumes/Ananda_Bioinformatics/Bioinformatic-Work-July-2020/Quinn/S1/PRJNA700874/
[17:27:11] Generating annotation statistics file
[17:27:11] Generating Genbank and Sequin files
[17:27:11] Running: tbl2asn -V b -a r10k -l paired-ends -M n -N 1 -y 'Annotated using prokka 1.14.6 from https://github.com/tseemann/prokka' -Z \/Volumes\/Ananda_Bioinformatics\/Bioinformatic\-Work\-July\-2020\/Quinn\/S1\/PRJNA700874\/JS511\.err -i \/Volumes\/Ananda_Bioinformatics\/Bioinformatic\-Work\-July\-2020\/Quinn\/S1\/PRJNA700874\/JS511\.fsa 2> /dev/null
[17:27:26] Could not run command: tbl2asn -V b -a r10k -l paired-ends -M n -N 1 -y 'Annotated using prokka 1.14.6 from https://github.com/tseemann/prokka' -Z \/Volumes\/Ananda_Bioinformatics\/Bioinformatic\-Work\-July\-2020\/Quinn\/S1\/PRJNA700874\/JS511\.err -i \/Volumes\/Ananda_Bioinformatics\/Bioinformatic\-Work\-July\-2020\/Quinn\/S1\/PRJNA700874\/JS511\.fsa 2> /dev/null
